dnpsoup  Copyright (C) 2016-2021 Chen Yang
dnpsoup  Copyright (C) 2016-2021 Chen Yang
dnpsoup  Copyright (C) 2016-2021 Chen Yang
dnpsoup  Copyright (C) 2016-2021 Chen Yang
dnpsoup  Copyright (C) 2016-2021 Chen Yang
dnpsoup  Copyright (C) 2016-2021 Chen Yang
dnpsoup  Copyright (C) 2016-2021 Chen Yang
dnpsoup  Copyright (C) 2016-2021 Chen Yang
dnpsoup  Copyright (C) 2016-2021 Chen Yang
dnpsoup  Copyright (C) 2016-2021 Chen Yang
dnpsoup  Copyright (C) 2016-2021 Chen Yang
dnpsoup  Copyright (C) 2016-2021 Chen Yang
dnpsoup  Copyright (C) 2016-2021 Chen Yang
dnpsoup  Copyright (C) 2016-2021 Chen Yang
dnpsoup  Copyright (C) 2016-2021 Chen Yang
dnpsoup  Copyright (C) 2016-2021 Chen Yang
dnpsoup  Copyright (C) 2016-2021 Chen Yang
dnpsoup  Copyright (C) 2016-2021 Chen Yang
dnpsoup  Copyright (C) 2016-2021 Chen Yang
dnpsoup  Copyright (C) 2016-2021 Chen Yang
dnpsoup  Copyright (C) 2016-2021 Chen Yang
dnpsoup  Copyright (C) 2016-2021 Chen Yang
dnpsoup  Copyright (C) 2016-2021 Chen Yang
dnpsoup  Copyright (C) 2016-2021 Chen Yang
dnpsoup  Copyright (C) 2016-2021 Chen Yang
dnpsoup  Copyright (C) 2016-2021 Chen Yang
dnpsoup  Copyright (C) 2016-2021 Chen Yang
dnpsoup  Copyright (C) 2016-2021 Chen Yang
dnpsoup  Copyright (C) 2016-2021 Chen Yang
dnpsoup  Copyright (C) 2016-2021 Chen Yang
dnpsoup  Copyright (C) 2016-2021 Chen Yang
dnpsoup  Copyright (C) 2016-2021 Chen Yang
dnpsoup  Copyright (C) 2016-2021 Chen Yang
create directory: "/home/cyang019/workspace/NOVEL/tasks/qband_p74_flip1_mix20k_d200k_loop200_fp_ref_inc0p1/qband_p74_flip1_mix20k_d200k_loop200_fp_ref_inc0p1_results/"
create directory: "/home/cyang019/workspace/NOVEL/tasks/qband_p74_flip1_mix20k_d200k_loop200_fp_ref_inc0p1/qband_p74_flip1_mix20k_d200k_loop200_fp_ref_inc0p1_results/"
create directory: "/home/cyang019/workspace/NOVEL/tasks/qband_p74_flip1_mix20k_d200k_loop200_fp_ref_inc0p1/qband_p74_flip1_mix20k_d200k_loop200_fp_ref_inc0p1_results/"
create directory: "/home/cyang019/workspace/NOVEL/tasks/qband_p74_flip1_mix20k_d200k_loop200_fp_ref_inc0p1/qband_p74_flip1_mix20k_d200k_loop200_fp_ref_inc0p1_results/"
create directory: "/home/cyang019/workspace/NOVEL/tasks/qband_p74_flip1_mix20k_d200k_loop200_fp_ref_inc0p1/qband_p74_flip1_mix20k_d200k_loop200_fp_ref_inc0p1_results/"
create directory: "/home/cyang019/workspace/NOVEL/tasks/qband_p74_flip1_mix20k_d200k_loop200_fp_ref_inc0p1/qband_p74_flip1_mix20k_d200k_loop200_fp_ref_inc0p1_results/"
spinsys loaded... 
pulse sequence loaded...
experiment loaded...
task: PowderIntensity
Probe loaded...
Euler angle loaded...
alpha: 0 (0)
beta: 0 (0)
gamma: 0 (0)
ZCW 3 angles...
ZCW 165 angles loaded...
32 cores detected on the current machine.
use 1 core(s).
spinsys loaded... 
pulse sequence loaded...
experiment loaded...
spinsys loaded... 
spinsys loaded... 
pulse sequence loaded...
pulse sequence loaded...
experiment loaded...
experiment loaded...
task: PowderIntensity
Probe loaded...
Euler angle loaded...
alpha: 0 (0)
beta: 0 (0)
gamma: 0 (0)
ZCW 3 angles...
ZCW 165 angles loaded...
32 cores detected on the current machine.
use 1 core(s).
task: PowderIntensity
Probe loaded...
task: PowderIntensity
Probe loaded...
Euler angle loaded...
Euler angle loaded...
alpha: 0 (0)
beta: 0 (0)
gamma: 0 (0)
ZCW 3 angles...
ZCW 165 angles loaded...
alpha: 0 (0)
beta: 0 (0)
gamma: 0 (0)
ZCW 3 angles...
ZCW 165 angles loaded...
32 cores detected on the current machine.
use 1 core(s).
32 cores detected on the current machine.
use 1 core(s).
spinsys loaded... 
pulse sequence loaded...
experiment loaded...
spinsys loaded... 
spinsys loaded... 
pulse sequence loaded...
experiment loaded...
pulse sequence loaded...
experiment loaded...
task: PowderIntensity
Probe loaded...
Euler angle loaded...
alpha: 0 (0)
beta: 0 (0)
gamma: 0 (0)
ZCW 3 angles...
ZCW 165 angles loaded...
32 cores detected on the current machine.
use 1 core(s).
task: PowderIntensity
Probe loaded...
Euler angle loaded...
task: PowderIntensity
Probe loaded...
Euler angle loaded...
alpha: 0 (0)
beta: 0 (0)
gamma: 0 (0)
ZCW 3 angles...
ZCW 165 angles loaded...
alpha: 0 (0)
beta: 0 (0)
gamma: 0 (0)
ZCW 3 angles...
ZCW 165 angles loaded...
32 cores detected on the current machine.
use 1 core(s).
32 cores detected on the current machine.
use 1 core(s).
spinsys loaded... 
pulse sequence loaded...
experiment loaded...
task: PowderIntensity
Probe loaded...
Euler angle loaded...
alpha: 0 (0)
beta: 0 (0)
gamma: 0 (0)
ZCW 3 angles...
ZCW 165 angles loaded...
32 cores detected on the current machine.
use 1 core(s).
dnpsoup  Copyright (C) 2016-2021 Chen Yang
spinsys loaded... 
pulse sequence loaded...
experiment loaded...
task: PowderIntensity
Probe loaded...
Euler angle loaded...
alpha: 0 (0)
beta: 0 (0)
gamma: 0 (0)
ZCW 3 angles...
ZCW 165 angles loaded...
32 cores detected on the current machine.
use 1 core(s).
dnpsoup  Copyright (C) 2016-2021 Chen Yang
dnpsoup  Copyright (C) 2016-2021 Chen Yang
dnpsoup  Copyright (C) 2016-2021 Chen Yang
dnpsoup  Copyright (C) 2016-2021 Chen Yang
dnpsoup  Copyright (C) 2016-2021 Chen Yang
dnpsoup  Copyright (C) 2016-2021 Chen Yang
dnpsoup  Copyright (C) 2016-2021 Chen Yang
dnpsoup  Copyright (C) 2016-2021 Chen Yang
dnpsoup  Copyright (C) 2016-2021 Chen Yang
dnpsoup  Copyright (C) 2016-2021 Chen Yang
dnpsoup  Copyright (C) 2016-2021 Chen Yang
dnpsoup  Copyright (C) 2016-2021 Chen Yang
dnpsoup  Copyright (C) 2016-2021 Chen Yang
dnpsoup  Copyright (C) 2016-2021 Chen Yang
dnpsoup  Copyright (C) 2016-2021 Chen Yang
dnpsoup  Copyright (C) 2016-2021 Chen Yang
dnpsoup  Copyright (C) 2016-2021 Chen Yang
dnpsoup  Copyright (C) 2016-2021 Chen Yang
dnpsoup  Copyright (C) 2016-2021 Chen Yang
dnpsoup  Copyright (C) 2016-2021 Chen Yang
dnpsoup  Copyright (C) 2016-2021 Chen Yang
dnpsoup  Copyright (C) 2016-2021 Chen Yang
dnpsoup  Copyright (C) 2016-2021 Chen Yang
dnpsoup  Copyright (C) 2016-2021 Chen Yang
dnpsoup  Copyright (C) 2016-2021 Chen Yang
dnpsoup  Copyright (C) 2016-2021 Chen Yang
dnpsoup  Copyright (C) 2016-2021 Chen Yang
dnpsoup  Copyright (C) 2016-2021 Chen Yang
dnpsoup  Copyright (C) 2016-2021 Chen Yang
dnpsoup  Copyright (C) 2016-2021 Chen Yang
spinsys loaded... 
pulse sequence loaded...
experiment loaded...
spinsys loaded... 
pulse sequence loaded...
experiment loaded...
spinsys loaded... 
pulse sequence loaded...
experiment loaded...
task: PowderIntensity
task: PowderIntensity
Probe loaded...
Euler angle loaded...
Probe loaded...
Euler angle loaded...
task: PowderIntensity
Probe loaded...
Euler angle loaded...
alpha: 0 (0)
beta: 0 (0)
gamma: 0 (0)
ZCW 3 angles...
ZCW 165 angles loaded...
alpha: 0 (0)
beta: 0 (0)
gamma: 0 (0)
ZCW 3 angles...
ZCW 165 angles loaded...
32 cores detected on the current machine.
use 1 core(s).
alpha: 0 (0)
beta: 0 (0)
gamma: 0 (0)
ZCW 3 angles...
ZCW 165 angles loaded...
32 cores detected on the current machine.
use 1 core(s).
32 cores detected on the current machine.
use 1 core(s).
spinsys loaded... 
pulse sequence loaded...
experiment loaded...
task: PowderIntensity
Probe loaded...
Euler angle loaded...
alpha: 0 (0)
beta: 0 (0)
gamma: 0 (0)
ZCW 3 angles...
ZCW 165 angles loaded...
32 cores detected on the current machine.
use 1 core(s).
spinsys loaded... 
pulse sequence loaded...
experiment loaded...
task: PowderIntensity
Probe loaded...
Euler angle loaded...
alpha: 0 (0)
beta: 0 (0)
gamma: 0 (0)
ZCW 3 angles...
ZCW 165 angles loaded...
32 cores detected on the current machine.
use 1 core(s).
spinsys loaded... 
pulse sequence loaded...
experiment loaded...
task: PowderIntensity
Probe loaded...
dnpsoup  Copyright (C) 2016-2021 Chen Yang
Euler angle loaded...
dnpsoup  Copyright (C) 2016-2021 Chen Yang
alpha: 0 (0)
beta: 0 (0)
gamma: 0 (0)
ZCW 3 angles...
ZCW 165 angles loaded...
dnpsoup  Copyright (C) 2016-2021 Chen Yang
32 cores detected on the current machine.
use 1 core(s).
dnpsoup  Copyright (C) 2016-2021 Chen Yang
dnpsoup  Copyright (C) 2016-2021 Chen Yang
dnpsoup  Copyright (C) 2016-2021 Chen Yang
dnpsoup  Copyright (C) 2016-2021 Chen Yang
dnpsoup  Copyright (C) 2016-2021 Chen Yang
dnpsoup  Copyright (C) 2016-2021 Chen Yang
dnpsoup  Copyright (C) 2016-2021 Chen Yang
dnpsoup  Copyright (C) 2016-2021 Chen Yang
dnpsoup  Copyright (C) 2016-2021 Chen Yang
dnpsoup  Copyright (C) 2016-2021 Chen Yang
dnpsoup  Copyright (C) 2016-2021 Chen Yang
dnpsoup  Copyright (C) 2016-2021 Chen Yang
dnpsoup  Copyright (C) 2016-2021 Chen Yang
spinsys loaded... 
pulse sequence loaded...
experiment loaded...
task: PowderIntensity
Probe loaded...
Euler angle loaded...
alpha: 0 (0)
beta: 0 (0)
gamma: 0 (0)
ZCW 3 angles...
ZCW 165 angles loaded...
32 cores detected on the current machine.
use 1 core(s).
spinsys loaded... 
pulse sequence loaded...
experiment loaded...
task: PowderIntensity
Probe loaded...
Euler angle loaded...
alpha: 0 (0)
beta: 0 (0)
gamma: 0 (0)
ZCW 3 angles...
ZCW 165 angles loaded...
32 cores detected on the current machine.
use 1 core(s).
spinsys loaded... 
pulse sequence loaded...
experiment loaded...
task: PowderIntensity
Probe loaded...
spinsys loaded... 
pulse sequence loaded...
experiment loaded...
Euler angle loaded...
alpha: 0 (0)
beta: 0 (0)
gamma: 0 (0)
ZCW 3 angles...
ZCW 165 angles loaded...
task: PowderIntensity
Probe loaded...
Euler angle loaded...
alpha: 0 (0)
beta: 0 (0)
gamma: 0 (0)
ZCW 3 angles...
ZCW 165 angles loaded...
32 cores detected on the current machine.
use 1 core(s).
32 cores detected on the current machine.
use 1 core(s).
spinsys loaded... 
pulse sequence loaded...
experiment loaded...
spinsys loaded... 
pulse sequence loaded...
experiment loaded...
task: PowderIntensity
Probe loaded...
Euler angle loaded...
alpha: 0 (0)
beta: 0 (0)
gamma: 0 (0)
ZCW 3 angles...
ZCW 165 angles loaded...
32 cores detected on the current machine.
use 1 core(s).
task: PowderIntensity
Probe loaded...
Euler angle loaded...
alpha: 0 (0)
beta: 0 (0)
gamma: 0 (0)
ZCW 3 angles...
ZCW 165 angles loaded...
32 cores detected on the current machine.
use 1 core(s).
spinsys loaded... 
pulse sequence loaded...
experiment loaded...
task: PowderIntensity
Probe loaded...
Euler angle loaded...
alpha: 0 (0)
beta: 0 (0)
gamma: 0 (0)
ZCW 3 angles...
ZCW 165 angles loaded...
32 cores detected on the current machine.
use 1 core(s).
spinsys loaded... 
pulse sequence loaded...
experiment loaded...
spinsys loaded... 
pulse sequence loaded...
experiment loaded...
task: PowderIntensity
Probe loaded...
Euler angle loaded...
task: PowderIntensity
Probe loaded...
Euler angle loaded...
alpha: 0 (0)
beta: 0 (0)
gamma: 0 (0)
ZCW 3 angles...
ZCW 165 angles loaded...
32 cores detected on the current machine.
use 1 core(s).
alpha: 0 (0)
beta: 0 (0)
gamma: 0 (0)
ZCW 3 angles...
ZCW 165 angles loaded...
32 cores detected on the current machine.
use 1 core(s).
spinsys loaded... 
pulse sequence loaded...
experiment loaded...
task: PowderIntensity
Probe loaded...
Euler angle loaded...
alpha: 0 (0)
beta: 0 (0)
gamma: 0 (0)
ZCW 3 angles...
ZCW 165 angles loaded...
32 cores detected on the current machine.
use 1 core(s).
spinsys loaded... 
pulse sequence loaded...
experiment loaded...
task: PowderIntensity
Probe loaded...
Euler angle loaded...
alpha: 0 (0)
beta: 0 (0)
gamma: 0 (0)
ZCW 3 angles...
ZCW 165 angles loaded...
32 cores detected on the current machine.
use 1 core(s).
spinsys loaded... 
pulse sequence loaded...
experiment loaded...
task: PowderIntensity
Probe loaded...
Euler angle loaded...
alpha: 0 (0)
beta: 0 (0)
gamma: 0 (0)
ZCW 3 angles...
ZCW 165 angles loaded...
32 cores detected on the current machine.
use 1 core(s).
spinsys loaded... 
pulse sequence loaded...
experiment loaded...
task: PowderIntensity
Probe loaded...
Euler angle loaded...
alpha: 0 (0)
beta: 0 (0)
gamma: 0 (0)
ZCW 3 angles...
ZCW 165 angles loaded...
32 cores detected on the current machine.
use 1 core(s).
spinsys loaded... 
pulse sequence loaded...
experiment loaded...
dnpsoup  Copyright (C) 2016-2021 Chen Yang
spinsys loaded... 
pulse sequence loaded...
experiment loaded...
task: PowderIntensity
Probe loaded...
Euler angle loaded...
alpha: 0 (0)
beta: 0 (0)
gamma: 0 (0)
ZCW 3 angles...
ZCW 165 angles loaded...
32 cores detected on the current machine.
use 1 core(s).
spinsys loaded... 
pulse sequence loaded...
experiment loaded...
task: PowderIntensity
Probe loaded...
Euler angle loaded...
alpha: 0 (0)
beta: 0 (0)
gamma: 0 (0)
ZCW 3 angles...
ZCW 165 angles loaded...
32 cores detected on the current machine.
use 1 core(s).
spinsys loaded... 
pulse sequence loaded...
experiment loaded...
spinsys loaded... 
pulse sequence loaded...
experiment loaded...
task: PowderIntensity
Probe loaded...
Euler angle loaded...
task: PowderIntensity
Probe loaded...
Euler angle loaded...
alpha: 0 (0)
beta: 0 (0)
gamma: 0 (0)
ZCW 3 angles...
ZCW 165 angles loaded...
32 cores detected on the current machine.
use 1 core(s).
alpha: 0 (0)
beta: 0 (0)
gamma: 0 (0)
ZCW 3 angles...
ZCW 165 angles loaded...
32 cores detected on the current machine.
use 1 core(s).
spinsys loaded... 
pulse sequence loaded...
experiment loaded...
task: PowderIntensity
Probe loaded...
Euler angle loaded...
alpha: 0 (0)
beta: 0 (0)
gamma: 0 (0)
ZCW 3 angles...
ZCW 165 angles loaded...
task: PowderIntensity
Probe loaded...
Euler angle loaded...
alpha: 0 (0)
beta: 0 (0)
gamma: 0 (0)
ZCW 3 angles...
ZCW 165 angles loaded...
32 cores detected on the current machine.
use 1 core(s).
spinsys loaded... 
pulse sequence loaded...
experiment loaded...
task: PowderIntensity
Probe loaded...
Euler angle loaded...
alpha: 0 (0)
beta: 0 (0)
gamma: 0 (0)
ZCW 3 angles...
ZCW 165 angles loaded...
32 cores detected on the current machine.
use 1 core(s).
spinsys loaded... 
pulse sequence loaded...
experiment loaded...
spinsys loaded... 
pulse sequence loaded...
experiment loaded...
task: PowderIntensity
Probe loaded...
Euler angle loaded...
alpha: 0 (0)
beta: 0 (0)
gamma: 0 (0)
ZCW 3 angles...
ZCW 165 angles loaded...
32 cores detected on the current machine.
use 1 core(s).
task: PowderIntensity
Probe loaded...
Euler angle loaded...
alpha: 0 (0)
beta: 0 (0)
gamma: 0 (0)
ZCW 3 angles...
ZCW 165 angles loaded...
32 cores detected on the current machine.
use 1 core(s).
32 cores detected on the current machine.
use 1 core(s).
spinsys loaded... 
pulse sequence loaded...
experiment loaded...
task: PowderIntensity
Probe loaded...
Euler angle loaded...
alpha: 0 (0)
beta: 0 (0)
gamma: 0 (0)
ZCW 3 angles...
ZCW 165 angles loaded...
32 cores detected on the current machine.
use 1 core(s).
spinsys loaded... 
spinsys loaded... 
pulse sequence loaded...
experiment loaded...
pulse sequence loaded...
experiment loaded...
spinsys loaded... 
pulse sequence loaded...
experiment loaded...
spinsys loaded... 
spinsys loaded... 
pulse sequence loaded...
experiment loaded...
pulse sequence loaded...
experiment loaded...
task: PowderIntensity
Probe loaded...
task: PowderIntensity
task: PowderIntensity
Probe loaded...
Euler angle loaded...
Probe loaded...
Euler angle loaded...
Euler angle loaded...
task: PowderIntensity
Probe loaded...
spinsys loaded... 
pulse sequence loaded...
experiment loaded...
alpha: 0 (0)
beta: 0 (0)
gamma: 0 (0)
ZCW 3 angles...
ZCW 165 angles loaded...
task: PowderIntensity
Probe loaded...
Euler angle loaded...
Euler angle loaded...
alpha: 0 (0)
beta: 0 (0)
gamma: 0 (0)
ZCW 3 angles...
ZCW 165 angles loaded...
32 cores detected on the current machine.
use 1 core(s).
alpha: 0 (0)
beta: 0 (0)
gamma: 0 (0)
ZCW 3 angles...
ZCW 165 angles loaded...
32 cores detected on the current machine.
use 1 core(s).
32 cores detected on the current machine.
use 1 core(s).
spinsys loaded... 
pulse sequence loaded...
experiment loaded...
spinsys loaded... 
pulse sequence loaded...
experiment loaded...
task: PowderIntensity
Probe loaded...
Euler angle loaded...
alpha: 0 (0)
beta: 0 (0)
gamma: 0 (0)
ZCW 3 angles...
ZCW 165 angles loaded...
32 cores detected on the current machine.
use 1 core(s).
spinsys loaded... 
task: PowderIntensity
Probe loaded...
Euler angle loaded...
alpha: 0 (0)
beta: 0 (0)
gamma: 0 (0)
ZCW 3 angles...
ZCW 165 angles loaded...
32 cores detected on the current machine.
use 1 core(s).
pulse sequence loaded...
experiment loaded...
task: PowderIntensity
Probe loaded...
Euler angle loaded...
alpha: 0 (0)
beta: 0 (0)
gamma: 0 (0)
ZCW 3 angles...
ZCW 165 angles loaded...
32 cores detected on the current machine.
use 1 core(s).
alpha: 0 (0)
beta: 0 (0)
gamma: 0 (0)
ZCW 3 angles...
ZCW 165 angles loaded...
alpha: 0 (0)
beta: 0 (0)
gamma: 0 (0)
ZCW 3 angles...
ZCW 165 angles loaded...
32 cores detected on the current machine.
use 1 core(s).
32 cores detected on the current machine.
use 1 core(s).
task: PowderIntensity
Probe loaded...
Euler angle loaded...
alpha: 0 (0)
beta: 0 (0)
gamma: 0 (0)
ZCW 3 angles...
ZCW 165 angles loaded...
32 cores detected on the current machine.
use 1 core(s).
spinsys loaded... 
pulse sequence loaded...
experiment loaded...
task: PowderIntensity
Probe loaded...
Euler angle loaded...
alpha: 0 (0)
beta: 0 (0)
gamma: 0 (0)
ZCW 3 angles...
ZCW 165 angles loaded...
32 cores detected on the current machine.
use 1 core(s).
spinsys loaded... 
pulse sequence loaded...
experiment loaded...
task: PowderIntensity
Probe loaded...
Euler angle loaded...
alpha: 0 (0)
beta: 0 (0)
gamma: 0 (0)
ZCW 3 angles...
ZCW 165 angles loaded...
32 cores detected on the current machine.
use 1 core(s).
spinsys loaded... 
pulse sequence loaded...
experiment loaded...
task: PowderIntensity
Probe loaded...
Euler angle loaded...
alpha: 0 (0)
beta: 0 (0)
gamma: 0 (0)
ZCW 3 angles...
ZCW 165 angles loaded...
32 cores detected on the current machine.
use 1 core(s).
spinsys loaded... 
pulse sequence loaded...
experiment loaded...
task: PowderIntensity
Probe loaded...
Euler angle loaded...
alpha: 0 (0)
beta: 0 (0)
gamma: 0 (0)
ZCW 3 angles...
ZCW 165 angles loaded...
32 cores detected on the current machine.
use 1 core(s).
spinsys loaded... 
pulse sequence loaded...
experiment loaded...
task: PowderIntensity
Probe loaded...
Euler angle loaded...
alpha: 0 (0)
beta: 0 (0)
gamma: 0 (0)
ZCW 3 angles...
ZCW 165 angles loaded...
32 cores detected on the current machine.
use 1 core(s).
spinsys loaded... 
pulse sequence loaded...
experiment loaded...
task: PowderIntensity
Probe loaded...
Euler angle loaded...
alpha: 0 (0)
beta: 0 (0)
gamma: 0 (0)
ZCW 3 angles...
ZCW 165 angles loaded...
32 cores detected on the current machine.
use 1 core(s).
spinsys loaded... 
spinsys loaded... 
pulse sequence loaded...
experiment loaded...
pulse sequence loaded...
experiment loaded...
task: PowderIntensity
Probe loaded...
Euler angle loaded...
task: PowderIntensity
alpha: 0 (0)
beta: 0 (0)
gamma: 0 (0)
ZCW 3 angles...
ZCW 165 angles loaded...
Probe loaded...
Euler angle loaded...
32 cores detected on the current machine.
use 1 core(s).
alpha: 0 (0)
beta: 0 (0)
gamma: 0 (0)
ZCW 3 angles...
ZCW 165 angles loaded...
32 cores detected on the current machine.
use 1 core(s).
spinsys loaded... 
pulse sequence loaded...
spinsys loaded... 
pulse sequence loaded...
experiment loaded...
experiment loaded...
task: PowderIntensity
Probe loaded...
task: PowderIntensity
Probe loaded...
Euler angle loaded...
Euler angle loaded...
alpha: 0 (0)
beta: 0 (0)
gamma: 0 (0)
ZCW 3 angles...
ZCW 165 angles loaded...
alpha: 0 (0)
beta: 0 (0)
gamma: 0 (0)
ZCW 3 angles...
ZCW 165 angles loaded...
32 cores detected on the current machine.
use 1 core(s).
32 cores detected on the current machine.
use 1 core(s).
spinsys loaded... 
pulse sequence loaded...
experiment loaded...
spinsys loaded... 
pulse sequence loaded...
experiment loaded...
task: PowderIntensity
Probe loaded...
Euler angle loaded...
task: PowderIntensity
alpha: 0 (0)
beta: 0 (0)
gamma: 0 (0)
ZCW 3 angles...
ZCW 165 angles loaded...
Probe loaded...
Euler angle loaded...
32 cores detected on the current machine.
use 1 core(s).
alpha: 0 (0)
beta: 0 (0)
gamma: 0 (0)
ZCW 3 angles...
ZCW 165 angles loaded...
32 cores detected on the current machine.
use 1 core(s).
spinsys loaded... 
pulse sequence loaded...
experiment loaded...
task: PowderIntensity
Probe loaded...
Euler angle loaded...
alpha: 0 (0)
beta: 0 (0)
gamma: 0 (0)
ZCW 3 angles...
ZCW 165 angles loaded...
32 cores detected on the current machine.
use 1 core(s).
spinsys loaded... 
pulse sequence loaded...
experiment loaded...
task: PowderIntensity
Probe loaded...
Euler angle loaded...
alpha: 0 (0)
beta: 0 (0)
gamma: 0 (0)
ZCW 3 angles...
ZCW 165 angles loaded...
32 cores detected on the current machine.
use 1 core(s).
spinsys loaded... 
pulse sequence loaded...
experiment loaded...
task: PowderIntensity
Probe loaded...
Euler angle loaded...
alpha: 0 (0)
beta: 0 (0)
gamma: 0 (0)
ZCW 3 angles...
ZCW 165 angles loaded...
32 cores detected on the current machine.
use 1 core(s).
spinsys loaded... 
pulse sequence loaded...
experiment loaded...
task: PowderIntensity
Probe loaded...
Euler angle loaded...
spinsys loaded... 
pulse sequence loaded...
experiment loaded...
alpha: 0 (0)
beta: 0 (0)
gamma: 0 (0)
ZCW 3 angles...
ZCW 165 angles loaded...
32 cores detected on the current machine.
use 1 core(s).
task: PowderIntensity
Probe loaded...
Euler angle loaded...
spinsys loaded... 
alpha: 0 (0)
beta: 0 (0)
gamma: 0 (0)
ZCW 3 angles...
ZCW 165 angles loaded...
pulse sequence loaded...
experiment loaded...
32 cores detected on the current machine.
use 1 core(s).
task: PowderIntensity
Probe loaded...
Euler angle loaded...
alpha: 0 (0)
beta: 0 (0)
gamma: 0 (0)
ZCW 3 angles...
ZCW 165 angles loaded...
32 cores detected on the current machine.
use 1 core(s).
spinsys loaded... 
spinsys loaded... 
pulse sequence loaded...
experiment loaded...
pulse sequence loaded...
experiment loaded...
task: PowderIntensity
Probe loaded...
task: PowderIntensity
Probe loaded...
Euler angle loaded...
Euler angle loaded...
alpha: 0 (0)
beta: 0 (0)
gamma: 0 (0)
ZCW 3 angles...
ZCW 165 angles loaded...
alpha: 0 (0)
beta: 0 (0)
gamma: 0 (0)
ZCW 3 angles...
ZCW 165 angles loaded...
32 cores detected on the current machine.
use 1 core(s).
32 cores detected on the current machine.
use 1 core(s).
spinsys loaded... 
pulse sequence loaded...
experiment loaded...
task: PowderIntensity
Probe loaded...
Euler angle loaded...
alpha: 0 (0)
beta: 0 (0)
gamma: 0 (0)
ZCW 3 angles...
ZCW 165 angles loaded...
32 cores detected on the current machine.
use 1 core(s).
spinsys loaded... 
pulse sequence loaded...
experiment loaded...
task: PowderIntensity
Probe loaded...
Euler angle loaded...
alpha: 0 (0)
beta: 0 (0)
gamma: 0 (0)
ZCW 3 angles...
ZCW 165 angles loaded...
32 cores detected on the current machine.
use 1 core(s).
spinsys loaded... 
pulse sequence loaded...
experiment loaded...
task: PowderIntensity
Probe loaded...
Euler angle loaded...
alpha: 0 (0)
beta: 0 (0)
gamma: 0 (0)
ZCW 3 angles...
ZCW 165 angles loaded...
32 cores detected on the current machine.
use 1 core(s).
spinsys loaded... 
pulse sequence loaded...
experiment loaded...
task: PowderIntensity
Probe loaded...
Euler angle loaded...
alpha: 0 (0)
beta: 0 (0)
gamma: 0 (0)
ZCW 3 angles...
ZCW 165 angles loaded...
32 cores detected on the current machine.
use 1 core(s).
spinsys loaded... 
pulse sequence loaded...
experiment loaded...
task: PowderIntensity
Probe loaded...
Euler angle loaded...
alpha: 0 (0)
beta: 0 (0)
gamma: 0 (0)
ZCW 3 angles...
ZCW 165 angles loaded...
32 cores detected on the current machine.
use 1 core(s).
spinsys loaded... 
pulse sequence loaded...
experiment loaded...
task: PowderIntensity
Probe loaded...
Euler angle loaded...
alpha: 0 (0)
beta: 0 (0)
gamma: 0 (0)
ZCW 3 angles...
ZCW 165 angles loaded...
32 cores detected on the current machine.
use 1 core(s).
spinsys loaded... 
pulse sequence loaded...
experiment loaded...
task: PowderIntensity
Probe loaded...
Euler angle loaded...
alpha: 0 (0)
beta: 0 (0)
gamma: 0 (0)
ZCW 3 angles...
ZCW 165 angles loaded...
32 cores detected on the current machine.
use 1 core(s).
spinsys loaded... 
pulse sequence loaded...
experiment loaded...
spinsys loaded... 
pulse sequence loaded...
experiment loaded...
spinsys loaded... 
pulse sequence loaded...
experiment loaded...
task: PowderIntensity
Probe loaded...
Euler angle loaded...
alpha: 0 (0)
beta: 0 (0)
gamma: 0 (0)
ZCW 3 angles...
ZCW 165 angles loaded...
32 cores detected on the current machine.
use 1 core(s).
task: PowderIntensity
Probe loaded...
Euler angle loaded...
alpha: 0 (0)
beta: 0 (0)
gamma: 0 (0)
ZCW 3 angles...
ZCW 165 angles loaded...
32 cores detected on the current machine.
use 1 core(s).
task: PowderIntensity
Probe loaded...
Euler angle loaded...
alpha: 0 (0)
beta: 0 (0)
gamma: 0 (0)
ZCW 3 angles...
ZCW 165 angles loaded...
32 cores detected on the current machine.
use 1 core(s).
spinsys loaded... 
pulse sequence loaded...
experiment loaded...
task: PowderIntensity
Probe loaded...
Euler angle loaded...
alpha: 0 (0)
beta: 0 (0)
gamma: 0 (0)
ZCW 3 angles...
ZCW 165 angles loaded...
32 cores detected on the current machine.
use 1 core(s).
spinsys loaded... 
pulse sequence loaded...
experiment loaded...
task: PowderIntensity
Probe loaded...
Euler angle loaded...
alpha: 0 (0)
beta: 0 (0)
gamma: 0 (0)
ZCW 3 angles...
ZCW 165 angles loaded...
32 cores detected on the current machine.
use 1 core(s).
spinsys loaded... 
pulse sequence loaded...
experiment loaded...
task: PowderIntensity
Probe loaded...
Euler angle loaded...
alpha: 0 (0)
beta: 0 (0)
gamma: 0 (0)
ZCW 3 angles...
ZCW 165 angles loaded...
32 cores detected on the current machine.
use 1 core(s).
spinsys loaded... 
pulse sequence loaded...
experiment loaded...
task: PowderIntensity
Probe loaded...
Euler angle loaded...
alpha: 0 (0)
beta: 0 (0)
gamma: 0 (0)
ZCW 3 angles...
ZCW 165 angles loaded...
32 cores detected on the current machine.
use 1 core(s).
Total time: 187.642 seconds.
Total time: 187.725 seconds.
Total time: 187.731 seconds.
Total time: 187.835 seconds.
Total time: 188.331 seconds.
Total time: 189.433 seconds.
Total time: 189.714 seconds.
Total time: 189.918 seconds.
Total time: 190.251 seconds.
Total time: 190.690 seconds.
Total time: 190.934 seconds.
Total time: 191.232 seconds.
Total time: 191.258 seconds.
Total time: 192.87 seconds.
Total time: 192.243 seconds.
Total time: 192.641 seconds.
Total time: 193.367 seconds.
Total time: 218.526 seconds.
Total time: 218.650 seconds.
Total time: 218.712 seconds.
Total time: 218.743 seconds.
Total time: 218.862 seconds.
Total time: 218.941 seconds.
Total time: 219.220 seconds.
Total time: 219.208 seconds.
Total time: 219.309 seconds.
Total time: 219.306 seconds.
Total time: 220.5 seconds.
Total time: 220.137 seconds.
Total time: 220.241 seconds.
Total time: 220.263 seconds.
Total time: 220.330 seconds.
Total time: 220.576 seconds.
Total time: 220.631 seconds.
Total time: 220.656 seconds.
Total time: 220.817 seconds.
Total time: 221.123 seconds.
Total time: 221.216 seconds.
Total time: 221.278 seconds.
Total time: 221.307 seconds.
Total time: 221.421 seconds.
Total time: 221.650 seconds.
Total time: 221.662 seconds.
Total time: 221.730 seconds.
Total time: 221.718 seconds.
Total time: 221.740 seconds.
Total time: 221.850 seconds.
Total time: 222.63 seconds.
Total time: 222.177 seconds.
Total time: 222.215 seconds.
Total time: 222.280 seconds.
Total time: 222.326 seconds.
Total time: 222.462 seconds.
Total time: 222.422 seconds.
Total time: 222.442 seconds.
Total time: 222.777 seconds.
Total time: 222.777 seconds.
Total time: 222.932 seconds.
Total time: 223.4 seconds.
Total time: 223.242 seconds.
Total time: 223.393 seconds.
Total time: 223.411 seconds.
Total time: 223.471 seconds.
Total time: 223.489 seconds.
Total time: 223.716 seconds.
Total time: 223.759 seconds.
Total time: 223.794 seconds.
Total time: 223.876 seconds.
Total time: 223.862 seconds.
Total time: 223.928 seconds.
Total time: 224.473 seconds.
Total time: 224.560 seconds.
Total time: 224.570 seconds.
Total time: 225.167 seconds.
Total time: 225.180 seconds.
Total time: 225.296 seconds.
Total time: 225.718 seconds.
Total time: 225.808 seconds.
Total time: 226.472 seconds.
Total time: 226.598 seconds.
Total time: 226.921 seconds.
