dnpsoup  Copyright (C) 2016-2021 Chen Yang
dnpsoup  Copyright (C) 2016-2021 Chen Yang
dnpsoup  Copyright (C) 2016-2021 Chen Yang
dnpsoup  Copyright (C) 2016-2021 Chen Yang
dnpsoup  Copyright (C) 2016-2021 Chen Yang
dnpsoup  Copyright (C) 2016-2021 Chen Yang
dnpsoup  Copyright (C) 2016-2021 Chen Yang
dnpsoup  Copyright (C) 2016-2021 Chen Yang
dnpsoup  Copyright (C) 2016-2021 Chen Yang
dnpsoup  Copyright (C) 2016-2021 Chen Yang
dnpsoup  Copyright (C) 2016-2021 Chen Yang
dnpsoup  Copyright (C) 2016-2021 Chen Yang
dnpsoup  Copyright (C) 2016-2021 Chen Yang
dnpsoup  Copyright (C) 2016-2021 Chen Yang
dnpsoup  Copyright (C) 2016-2021 Chen Yang
dnpsoup  Copyright (C) 2016-2021 Chen Yang
dnpsoup  Copyright (C) 2016-2021 Chen Yang
dnpsoup  Copyright (C) 2016-2021 Chen Yang
dnpsoup  Copyright (C) 2016-2021 Chen Yang
dnpsoup  Copyright (C) 2016-2021 Chen Yang
dnpsoup  Copyright (C) 2016-2021 Chen Yang
dnpsoup  Copyright (C) 2016-2021 Chen Yang
dnpsoup  Copyright (C) 2016-2021 Chen Yang
dnpsoup  Copyright (C) 2016-2021 Chen Yang
dnpsoup  Copyright (C) 2016-2021 Chen Yang
dnpsoup  Copyright (C) 2016-2021 Chen Yang
dnpsoup  Copyright (C) 2016-2021 Chen Yang
dnpsoup  Copyright (C) 2016-2021 Chen Yang
dnpsoup  Copyright (C) 2016-2021 Chen Yang
dnpsoup  Copyright (C) 2016-2021 Chen Yang
dnpsoup  Copyright (C) 2016-2021 Chen Yang
dnpsoup  Copyright (C) 2016-2021 Chen Yang
create directory: "/home/cyang019/workspace/NOVEL/tasks/qband_p83_scan_loop_static_inc50ns/qband_p83_scan_loop_static_inc50ns_results/"
spinsys loaded... 
pulse sequence loaded...
experiment loaded...
task: PowderIntensity
Probe loaded...
Euler angle loaded...
alpha: 0 (0)
beta: 0 (0)
gamma: 0 (0)
ZCW 55 angles loaded...
32 cores detected on the current machine.
use 1 core(s).
spinsys loaded... 
pulse sequence loaded...
experiment loaded...
task: PowderIntensity
Probe loaded...
Euler angle loaded...
alpha: 0 (0)
beta: 0 (0)
gamma: 0 (0)
ZCW 55 angles loaded...
32 cores detected on the current machine.
use 1 core(s).
spinsys loaded... 
pulse sequence loaded...
experiment loaded...
task: PowderIntensity
Probe loaded...
Euler angle loaded...
alpha: 0 (0)
beta: 0 (0)
gamma: 0 (0)
ZCW 55 angles loaded...
32 cores detected on the current machine.
use 1 core(s).
spinsys loaded... 
pulse sequence loaded...
experiment loaded...
task: PowderIntensity
Probe loaded...
Euler angle loaded...
alpha: 0 (0)
beta: 0 (0)
gamma: 0 (0)
ZCW 55 angles loaded...
32 cores detected on the current machine.
use 1 core(s).
spinsys loaded... 
pulse sequence loaded...
experiment loaded...
task: PowderIntensity
Probe loaded...
Euler angle loaded...
alpha: 0 (0)
beta: 0 (0)
gamma: 0 (0)
ZCW 55 angles loaded...
32 cores detected on the current machine.
use 1 core(s).
spinsys loaded... 
pulse sequence loaded...
experiment loaded...
task: PowderIntensity
Probe loaded...
Euler angle loaded...
alpha: 0 (0)
beta: 0 (0)
gamma: 0 (0)
ZCW 55 angles loaded...
32 cores detected on the current machine.
use 1 core(s).
spinsys loaded... 
pulse sequence loaded...
experiment loaded...
task: PowderIntensity
Probe loaded...
Euler angle loaded...
alpha: 0 (0)
beta: 0 (0)
gamma: 0 (0)
ZCW 55 angles loaded...
32 cores detected on the current machine.
use 1 core(s).
spinsys loaded... 
pulse sequence loaded...
experiment loaded...
task: PowderIntensity
Probe loaded...
Euler angle loaded...
alpha: 0 (0)
beta: 0 (0)
gamma: 0 (0)
ZCW 55 angles loaded...
32 cores detected on the current machine.
use 1 core(s).
spinsys loaded... 
pulse sequence loaded...
experiment loaded...
task: PowderIntensity
Probe loaded...
Euler angle loaded...
alpha: 0 (0)
beta: 0 (0)
gamma: 0 (0)
ZCW 55 angles loaded...
32 cores detected on the current machine.
use 1 core(s).
spinsys loaded... 
pulse sequence loaded...
experiment loaded...
task: PowderIntensity
Probe loaded...
Euler angle loaded...
alpha: 0 (0)
beta: 0 (0)
gamma: 0 (0)
ZCW 55 angles loaded...
32 cores detected on the current machine.
use 1 core(s).
spinsys loaded... 
pulse sequence loaded...
experiment loaded...
task: PowderIntensity
Probe loaded...
Euler angle loaded...
alpha: 0 (0)
beta: 0 (0)
gamma: 0 (0)
ZCW 55 angles loaded...
32 cores detected on the current machine.
use 1 core(s).
spinsys loaded... 
pulse sequence loaded...
experiment loaded...
task: PowderIntensity
Probe loaded...
Euler angle loaded...
alpha: 0 (0)
beta: 0 (0)
gamma: 0 (0)
ZCW 55 angles loaded...
32 cores detected on the current machine.
use 1 core(s).
spinsys loaded... 
pulse sequence loaded...
experiment loaded...
task: PowderIntensity
Probe loaded...
Euler angle loaded...
alpha: 0 (0)
beta: 0 (0)
gamma: 0 (0)
ZCW 55 angles loaded...
32 cores detected on the current machine.
use 1 core(s).
spinsys loaded... 
pulse sequence loaded...
experiment loaded...
task: PowderIntensity
Probe loaded...
Euler angle loaded...
alpha: 0 (0)
beta: 0 (0)
gamma: 0 (0)
ZCW 55 angles loaded...
32 cores detected on the current machine.
use 1 core(s).
spinsys loaded... 
pulse sequence loaded...
experiment loaded...
spinsys loaded... 
pulse sequence loaded...
experiment loaded...
task: PowderIntensity
Probe loaded...
Euler angle loaded...
alpha: 0 (0)
beta: 0 (0)
gamma: 0 (0)
ZCW 55 angles loaded...
task: PowderIntensity
Probe loaded...
Euler angle loaded...
32 cores detected on the current machine.
use 1 core(s).
alpha: 0 (0)
beta: 0 (0)
gamma: 0 (0)
ZCW 55 angles loaded...
32 cores detected on the current machine.
use 1 core(s).
spinsys loaded... 
pulse sequence loaded...
experiment loaded...
dnpsoup  Copyright (C) 2016-2021 Chen Yang
dnpsoup  Copyright (C) 2016-2021 Chen Yang
dnpsoup  Copyright (C) 2016-2021 Chen Yang
dnpsoup  Copyright (C) 2016-2021 Chen Yang
dnpsoup  Copyright (C) 2016-2021 Chen Yang
dnpsoup  Copyright (C) 2016-2021 Chen Yang
task: PowderIntensity
Probe loaded...
Euler angle loaded...
alpha: 0 (0)
beta: 0 (0)
gamma: 0 (0)
ZCW 55 angles loaded...
32 cores detected on the current machine.
use 1 core(s).
dnpsoup  Copyright (C) 2016-2021 Chen Yang
spinsys loaded... 
pulse sequence loaded...
experiment loaded...
spinsys loaded... 
pulse sequence loaded...
experiment loaded...
task: PowderIntensity
Probe loaded...
Euler angle loaded...
alpha: 0 (0)
beta: 0 (0)
gamma: 0 (0)
ZCW 55 angles loaded...
32 cores detected on the current machine.
use 1 core(s).
spinsys loaded... 
task: PowderIntensity
pulse sequence loaded...
experiment loaded...
Probe loaded...
Euler angle loaded...
alpha: 0 (0)
beta: 0 (0)
gamma: 0 (0)
ZCW 55 angles loaded...
32 cores detected on the current machine.
use 1 core(s).
task: PowderIntensity
Probe loaded...
Euler angle loaded...
alpha: 0 (0)
beta: 0 (0)
gamma: 0 (0)
ZCW 55 angles loaded...
32 cores detected on the current machine.
use 1 core(s).
spinsys loaded... 
pulse sequence loaded...
experiment loaded...
task: PowderIntensity
Probe loaded...
Euler angle loaded...
alpha: 0 (0)
beta: 0 (0)
gamma: 0 (0)
ZCW 55 angles loaded...
32 cores detected on the current machine.
use 1 core(s).
spinsys loaded... 
pulse sequence loaded...
experiment loaded...
task: PowderIntensity
Probe loaded...
Euler angle loaded...
alpha: 0 (0)
beta: 0 (0)
gamma: 0 (0)
ZCW 55 angles loaded...
32 cores detected on the current machine.
use 1 core(s).
dnpsoup  Copyright (C) 2016-2021 Chen Yang
spinsys loaded... 
pulse sequence loaded...
experiment loaded...
task: PowderIntensity
Probe loaded...
Euler angle loaded...
alpha: 0 (0)
beta: 0 (0)
gamma: 0 (0)
ZCW 55 angles loaded...
32 cores detected on the current machine.
use 1 core(s).
spinsys loaded... 
pulse sequence loaded...
experiment loaded...
task: PowderIntensity
Probe loaded...
Euler angle loaded...
spinsys loaded... 
pulse sequence loaded...
experiment loaded...
alpha: 0 (0)
beta: 0 (0)
gamma: 0 (0)
ZCW 55 angles loaded...
32 cores detected on the current machine.
use 1 core(s).
spinsys loaded... 
pulse sequence loaded...
experiment loaded...
task: PowderIntensity
Probe loaded...
Euler angle loaded...
alpha: 0 (0)
beta: 0 (0)
gamma: 0 (0)
ZCW 55 angles loaded...
32 cores detected on the current machine.
use 1 core(s).
task: PowderIntensity
Probe loaded...
Euler angle loaded...
alpha: 0 (0)
beta: 0 (0)
gamma: 0 (0)
ZCW 55 angles loaded...
32 cores detected on the current machine.
use 1 core(s).
spinsys loaded... 
pulse sequence loaded...
experiment loaded...
task: PowderIntensity
Probe loaded...
Euler angle loaded...
alpha: 0 (0)
beta: 0 (0)
gamma: 0 (0)
ZCW 55 angles loaded...
32 cores detected on the current machine.
use 1 core(s).
spinsys loaded... 
pulse sequence loaded...
experiment loaded...
spinsys loaded... 
pulse sequence loaded...
experiment loaded...
spinsys loaded... 
pulse sequence loaded...
experiment loaded...
task: PowderIntensity
Probe loaded...
Euler angle loaded...
task: PowderIntensity
Probe loaded...
Euler angle loaded...
alpha: 0 (0)
beta: 0 (0)
gamma: 0 (0)
ZCW 55 angles loaded...
32 cores detected on the current machine.
use 1 core(s).
alpha: 0 (0)
beta: 0 (0)
gamma: 0 (0)
ZCW 55 angles loaded...
task: PowderIntensity
Probe loaded...
Euler angle loaded...
32 cores detected on the current machine.
use 1 core(s).
alpha: 0 (0)
beta: 0 (0)
gamma: 0 (0)
ZCW 55 angles loaded...
32 cores detected on the current machine.
use 1 core(s).
spinsys loaded... 
pulse sequence loaded...
experiment loaded...
spinsys loaded... 
pulse sequence loaded...
experiment loaded...
task: PowderIntensity
Probe loaded...
Euler angle loaded...
alpha: 0 (0)
beta: 0 (0)
gamma: 0 (0)
ZCW 55 angles loaded...
32 cores detected on the current machine.
use 1 core(s).
task: PowderIntensity
Probe loaded...
Euler angle loaded...
spinsys loaded... 
pulse sequence loaded...
experiment loaded...
task: PowderIntensity
Probe loaded...
Euler angle loaded...
alpha: 0 (0)
beta: 0 (0)
gamma: 0 (0)
ZCW 55 angles loaded...
32 cores detected on the current machine.
use 1 core(s).
alpha: 0 (0)
beta: 0 (0)
gamma: 0 (0)
ZCW 55 angles loaded...
spinsys loaded... 
pulse sequence loaded...
experiment loaded...
task: PowderIntensity
Probe loaded...
Euler angle loaded...
alpha: 0 (0)
beta: 0 (0)
gamma: 0 (0)
ZCW 55 angles loaded...
32 cores detected on the current machine.
use 1 core(s).
32 cores detected on the current machine.
use 1 core(s).
spinsys loaded... 
pulse sequence loaded...
experiment loaded...
task: PowderIntensity
Probe loaded...
Euler angle loaded...
alpha: 0 (0)
beta: 0 (0)
gamma: 0 (0)
ZCW 55 angles loaded...
32 cores detected on the current machine.
use 1 core(s).
spinsys loaded... 
pulse sequence loaded...
experiment loaded...
task: PowderIntensity
Probe loaded...
Euler angle loaded...
alpha: 0 (0)
beta: 0 (0)
gamma: 0 (0)
ZCW 55 angles loaded...
32 cores detected on the current machine.
use 1 core(s).
spinsys loaded... 
pulse sequence loaded...
experiment loaded...
task: PowderIntensity
Probe loaded...
Euler angle loaded...
alpha: 0 (0)
beta: 0 (0)
gamma: 0 (0)
ZCW 55 angles loaded...
32 cores detected on the current machine.
use 1 core(s).
spinsys loaded... 
pulse sequence loaded...
experiment loaded...
task: PowderIntensity
Probe loaded...
Euler angle loaded...
alpha: 0 (0)
beta: 0 (0)
gamma: 0 (0)
ZCW 55 angles loaded...
32 cores detected on the current machine.
use 1 core(s).
spinsys loaded... 
pulse sequence loaded...
experiment loaded...
task: PowderIntensity
Probe loaded...
Euler angle loaded...
alpha: 0 (0)
beta: 0 (0)
gamma: 0 (0)
ZCW 55 angles loaded...
32 cores detected on the current machine.
use 1 core(s).
dnpsoup  Copyright (C) 2016-2021 Chen Yang
spinsys loaded... 
pulse sequence loaded...
dnpsoup  Copyright (C) 2016-2021 Chen Yang
dnpsoup  Copyright (C) 2016-2021 Chen Yang
experiment loaded...
dnpsoup  Copyright (C) 2016-2021 Chen Yang
task: PowderIntensity
Probe loaded...
dnpsoup  Copyright (C) 2016-2021 Chen Yang
Euler angle loaded...
dnpsoup  Copyright (C) 2016-2021 Chen Yang
alpha: 0 (0)
beta: 0 (0)
gamma: 0 (0)
ZCW 55 angles loaded...
dnpsoup  Copyright (C) 2016-2021 Chen Yang
32 cores detected on the current machine.
use 1 core(s).
dnpsoup  Copyright (C) 2016-2021 Chen Yang
dnpsoup  Copyright (C) 2016-2021 Chen Yang
dnpsoup  Copyright (C) 2016-2021 Chen Yang
dnpsoup  Copyright (C) 2016-2021 Chen Yang
dnpsoup  Copyright (C) 2016-2021 Chen Yang
dnpsoup  Copyright (C) 2016-2021 Chen Yang
dnpsoup  Copyright (C) 2016-2021 Chen Yang
dnpsoup  Copyright (C) 2016-2021 Chen Yang
dnpsoup  Copyright (C) 2016-2021 Chen Yang
dnpsoup  Copyright (C) 2016-2021 Chen Yang
dnpsoup  Copyright (C) 2016-2021 Chen Yang
dnpsoup  Copyright (C) 2016-2021 Chen Yang
dnpsoup  Copyright (C) 2016-2021 Chen Yang
dnpsoup  Copyright (C) 2016-2021 Chen Yang
dnpsoup  Copyright (C) 2016-2021 Chen Yang
dnpsoup  Copyright (C) 2016-2021 Chen Yang
dnpsoup  Copyright (C) 2016-2021 Chen Yang
dnpsoup  Copyright (C) 2016-2021 Chen Yang
dnpsoup  Copyright (C) 2016-2021 Chen Yang
dnpsoup  Copyright (C) 2016-2021 Chen Yang
dnpsoup  Copyright (C) 2016-2021 Chen Yang
dnpsoup  Copyright (C) 2016-2021 Chen Yang
dnpsoup  Copyright (C) 2016-2021 Chen Yang
dnpsoup  Copyright (C) 2016-2021 Chen Yang
dnpsoup  Copyright (C) 2016-2021 Chen Yang
spinsys loaded... 
pulse sequence loaded...
experiment loaded...
task: PowderIntensity
Probe loaded...
Euler angle loaded...
alpha: 0 (0)
beta: 0 (0)
gamma: 0 (0)
ZCW 55 angles loaded...
32 cores detected on the current machine.
use 1 core(s).
spinsys loaded... 
pulse sequence loaded...
experiment loaded...
task: PowderIntensity
Probe loaded...
Euler angle loaded...
alpha: 0 (0)
beta: 0 (0)
gamma: 0 (0)
ZCW 55 angles loaded...
32 cores detected on the current machine.
use 1 core(s).
spinsys loaded... 
pulse sequence loaded...
experiment loaded...
task: PowderIntensity
Probe loaded...
Euler angle loaded...
alpha: 0 (0)
beta: 0 (0)
gamma: 0 (0)
ZCW 55 angles loaded...
32 cores detected on the current machine.
use 1 core(s).
spinsys loaded... 
pulse sequence loaded...
experiment loaded...
task: PowderIntensity
Probe loaded...
Euler angle loaded...
alpha: 0 (0)
beta: 0 (0)
gamma: 0 (0)
ZCW 55 angles loaded...
32 cores detected on the current machine.
use 1 core(s).
spinsys loaded... 
pulse sequence loaded...
experiment loaded...
task: PowderIntensity
Probe loaded...
Euler angle loaded...
alpha: 0 (0)
beta: 0 (0)
gamma: 0 (0)
ZCW 55 angles loaded...
32 cores detected on the current machine.
use 1 core(s).
spinsys loaded... 
pulse sequence loaded...
experiment loaded...
task: PowderIntensity
Probe loaded...
Euler angle loaded...
alpha: 0 (0)
beta: 0 (0)
gamma: 0 (0)
ZCW 55 angles loaded...
32 cores detected on the current machine.
use 1 core(s).
spinsys loaded... 
pulse sequence loaded...
experiment loaded...
task: PowderIntensity
Probe loaded...
Euler angle loaded...
alpha: 0 (0)
beta: 0 (0)
gamma: 0 (0)
ZCW 55 angles loaded...
32 cores detected on the current machine.
use 1 core(s).
spinsys loaded... 
pulse sequence loaded...
experiment loaded...
task: PowderIntensity
Probe loaded...
Euler angle loaded...
spinsys loaded... 
pulse sequence loaded...
alpha: 0 (0)
beta: 0 (0)
gamma: 0 (0)
ZCW 55 angles loaded...
experiment loaded...
32 cores detected on the current machine.
use 1 core(s).
task: PowderIntensity
Probe loaded...
Euler angle loaded...
alpha: 0 (0)
beta: 0 (0)
gamma: 0 (0)
ZCW 55 angles loaded...
32 cores detected on the current machine.
use 1 core(s).
spinsys loaded... 
pulse sequence loaded...
experiment loaded...
task: PowderIntensity
Probe loaded...
Euler angle loaded...
alpha: 0 (0)
beta: 0 (0)
gamma: 0 (0)
ZCW 55 angles loaded...
32 cores detected on the current machine.
use 1 core(s).
spinsys loaded... 
pulse sequence loaded...
experiment loaded...
task: PowderIntensity
Probe loaded...
Euler angle loaded...
alpha: 0 (0)
beta: 0 (0)
gamma: 0 (0)
ZCW 55 angles loaded...
32 cores detected on the current machine.
use 1 core(s).
spinsys loaded... 
pulse sequence loaded...
experiment loaded...
task: PowderIntensity
Probe loaded...
Euler angle loaded...
alpha: 0 (0)
beta: 0 (0)
gamma: 0 (0)
ZCW 55 angles loaded...
32 cores detected on the current machine.
use 1 core(s).
spinsys loaded... 
pulse sequence loaded...
experiment loaded...
task: PowderIntensity
Probe loaded...
Euler angle loaded...
alpha: 0 (0)
beta: 0 (0)
gamma: 0 (0)
ZCW 55 angles loaded...
32 cores detected on the current machine.
use 1 core(s).
spinsys loaded... 
pulse sequence loaded...
experiment loaded...
dnpsoup  Copyright (C) 2016-2021 Chen Yang
dnpsoup  Copyright (C) 2016-2021 Chen Yang
dnpsoup  Copyright (C) 2016-2021 Chen Yang
dnpsoup  Copyright (C) 2016-2021 Chen Yang
dnpsoup  Copyright (C) 2016-2021 Chen Yang
dnpsoup  Copyright (C) 2016-2021 Chen Yang
dnpsoup  Copyright (C) 2016-2021 Chen Yang
dnpsoup  Copyright (C) 2016-2021 Chen Yang
dnpsoup  Copyright (C) 2016-2021 Chen Yang
dnpsoup  Copyright (C) 2016-2021 Chen Yang
dnpsoup  Copyright (C) 2016-2021 Chen Yang
dnpsoup  Copyright (C) 2016-2021 Chen Yang
dnpsoup  Copyright (C) 2016-2021 Chen Yang
dnpsoup  Copyright (C) 2016-2021 Chen Yang
dnpsoup  Copyright (C) 2016-2021 Chen Yang
dnpsoup  Copyright (C) 2016-2021 Chen Yang
dnpsoup  Copyright (C) 2016-2021 Chen Yang
dnpsoup  Copyright (C) 2016-2021 Chen Yang
dnpsoup  Copyright (C) 2016-2021 Chen Yang
dnpsoup  Copyright (C) 2016-2021 Chen Yang
dnpsoup  Copyright (C) 2016-2021 Chen Yang
dnpsoup  Copyright (C) 2016-2021 Chen Yang
dnpsoup  Copyright (C) 2016-2021 Chen Yang
dnpsoup  Copyright (C) 2016-2021 Chen Yang
dnpsoup  Copyright (C) 2016-2021 Chen Yang
dnpsoup  Copyright (C) 2016-2021 Chen Yang
dnpsoup  Copyright (C) 2016-2021 Chen Yang
dnpsoup  Copyright (C) 2016-2021 Chen Yang
task: PowderIntensity
Probe loaded...
Euler angle loaded...
alpha: 0 (0)
beta: 0 (0)
gamma: 0 (0)
ZCW 55 angles loaded...
32 cores detected on the current machine.
use 1 core(s).
spinsys loaded... 
pulse sequence loaded...
experiment loaded...
task: PowderIntensity
Probe loaded...
Euler angle loaded...
alpha: 0 (0)
beta: 0 (0)
gamma: 0 (0)
ZCW 55 angles loaded...
32 cores detected on the current machine.
use 1 core(s).
spinsys loaded... 
pulse sequence loaded...
experiment loaded...
task: PowderIntensity
Probe loaded...
Euler angle loaded...
alpha: 0 (0)
beta: 0 (0)
gamma: 0 (0)
ZCW 55 angles loaded...
32 cores detected on the current machine.
use 1 core(s).
spinsys loaded... 
pulse sequence loaded...
experiment loaded...
task: PowderIntensity
Probe loaded...
Euler angle loaded...
alpha: 0 (0)
beta: 0 (0)
gamma: 0 (0)
ZCW 55 angles loaded...
32 cores detected on the current machine.
use 1 core(s).
spinsys loaded... 
pulse sequence loaded...
experiment loaded...
task: PowderIntensity
Probe loaded...
Euler angle loaded...
alpha: 0 (0)
beta: 0 (0)
gamma: 0 (0)
ZCW 55 angles loaded...
32 cores detected on the current machine.
use 1 core(s).
spinsys loaded... 
pulse sequence loaded...
experiment loaded...
spinsys loaded... 
pulse sequence loaded...
experiment loaded...
spinsys loaded... 
pulse sequence loaded...
experiment loaded...
task: PowderIntensity
Probe loaded...
Euler angle loaded...
alpha: 0 (0)
beta: 0 (0)
gamma: 0 (0)
ZCW 55 angles loaded...
32 cores detected on the current machine.
use 1 core(s).
dnpsoup  Copyright (C) 2016-2021 Chen Yang
dnpsoup  Copyright (C) 2016-2021 Chen Yang
dnpsoup  Copyright (C) 2016-2021 Chen Yang
dnpsoup  Copyright (C) 2016-2021 Chen Yang
task: PowderIntensity
Probe loaded...
Euler angle loaded...
task: PowderIntensity
Probe loaded...
Euler angle loaded...
alpha: 0 (0)
beta: 0 (0)
gamma: 0 (0)
ZCW 55 angles loaded...
32 cores detected on the current machine.
use 1 core(s).
alpha: 0 (0)
beta: 0 (0)
gamma: 0 (0)
ZCW 55 angles loaded...
32 cores detected on the current machine.
use 1 core(s).
spinsys loaded... 
pulse sequence loaded...
experiment loaded...
task: PowderIntensity
Probe loaded...
Euler angle loaded...
alpha: 0 (0)
beta: 0 (0)
gamma: 0 (0)
ZCW 55 angles loaded...
32 cores detected on the current machine.
use 1 core(s).
spinsys loaded... 
pulse sequence loaded...
experiment loaded...
spinsys loaded... 
pulse sequence loaded...
experiment loaded...
task: PowderIntensity
Probe loaded...
Euler angle loaded...
alpha: 0 (0)
beta: 0 (0)
gamma: 0 (0)
ZCW 55 angles loaded...
32 cores detected on the current machine.
use 1 core(s).
task: PowderIntensity
Probe loaded...
Euler angle loaded...
alpha: 0 (0)
beta: 0 (0)
gamma: 0 (0)
ZCW 55 angles loaded...
32 cores detected on the current machine.
use 1 core(s).
spinsys loaded... 
pulse sequence loaded...
experiment loaded...
task: PowderIntensity
Probe loaded...
Euler angle loaded...
alpha: 0 (0)
beta: 0 (0)
gamma: 0 (0)
ZCW 55 angles loaded...
spinsys loaded... 
pulse sequence loaded...
experiment loaded...
task: PowderIntensity
Probe loaded...
Euler angle loaded...
alpha: 0 (0)
beta: 0 (0)
gamma: 0 (0)
ZCW 55 angles loaded...
32 cores detected on the current machine.
use 1 core(s).
spinsys loaded... 
pulse sequence loaded...
experiment loaded...
task: PowderIntensity
Probe loaded...
Euler angle loaded...
alpha: 0 (0)
beta: 0 (0)
gamma: 0 (0)
ZCW 55 angles loaded...
32 cores detected on the current machine.
use 1 core(s).
32 cores detected on the current machine.
use 1 core(s).
spinsys loaded... 
pulse sequence loaded...
experiment loaded...
task: PowderIntensity
Probe loaded...
Euler angle loaded...
alpha: 0 (0)
beta: 0 (0)
gamma: 0 (0)
ZCW 55 angles loaded...
32 cores detected on the current machine.
use 1 core(s).
spinsys loaded... 
pulse sequence loaded...
experiment loaded...
task: PowderIntensity
Probe loaded...
Euler angle loaded...
alpha: 0 (0)
beta: 0 (0)
gamma: 0 (0)
ZCW 55 angles loaded...
32 cores detected on the current machine.
use 1 core(s).
spinsys loaded... 
pulse sequence loaded...
experiment loaded...
task: PowderIntensity
Probe loaded...
Euler angle loaded...
alpha: 0 (0)
beta: 0 (0)
gamma: 0 (0)
ZCW 55 angles loaded...
32 cores detected on the current machine.
use 1 core(s).
spinsys loaded... 
pulse sequence loaded...
experiment loaded...
spinsys loaded... 
pulse sequence loaded...
experiment loaded...
task: PowderIntensity
Probe loaded...
task: PowderIntensity
Probe loaded...
Euler angle loaded...
Euler angle loaded...
spinsys loaded... 
alpha: 0 (0)
beta: 0 (0)
gamma: 0 (0)
ZCW 55 angles loaded...
alpha: 0 (0)
beta: 0 (0)
gamma: 0 (0)
ZCW 55 angles loaded...
32 cores detected on the current machine.
use 1 core(s).
32 cores detected on the current machine.
use 1 core(s).
pulse sequence loaded...
experiment loaded...
task: PowderIntensity
Probe loaded...
Euler angle loaded...
alpha: 0 (0)
beta: 0 (0)
gamma: 0 (0)
ZCW 55 angles loaded...
32 cores detected on the current machine.
use 1 core(s).
spinsys loaded... 
pulse sequence loaded...
experiment loaded...
spinsys loaded... 
pulse sequence loaded...
experiment loaded...
task: PowderIntensity
Probe loaded...
Euler angle loaded...
alpha: 0 (0)
beta: 0 (0)
gamma: 0 (0)
ZCW 55 angles loaded...
32 cores detected on the current machine.
use 1 core(s).
task: PowderIntensity
Probe loaded...
Euler angle loaded...
alpha: 0 (0)
beta: 0 (0)
gamma: 0 (0)
ZCW 55 angles loaded...
32 cores detected on the current machine.
use 1 core(s).
spinsys loaded... 
pulse sequence loaded...
experiment loaded...
task: PowderIntensity
Probe loaded...
Euler angle loaded...
alpha: 0 (0)
beta: 0 (0)
gamma: 0 (0)
ZCW 55 angles loaded...
32 cores detected on the current machine.
use 1 core(s).
spinsys loaded... 
pulse sequence loaded...
experiment loaded...
spinsys loaded... 
pulse sequence loaded...
experiment loaded...
task: PowderIntensity
Probe loaded...
Euler angle loaded...
task: PowderIntensity
Probe loaded...
Euler angle loaded...
alpha: 0 (0)
beta: 0 (0)
gamma: 0 (0)
ZCW 55 angles loaded...
alpha: 0 (0)
beta: 0 (0)
gamma: 0 (0)
ZCW 55 angles loaded...
32 cores detected on the current machine.
use 1 core(s).
32 cores detected on the current machine.
use 1 core(s).
spinsys loaded... 
pulse sequence loaded...
experiment loaded...
task: PowderIntensity
Probe loaded...
Euler angle loaded...
alpha: 0 (0)
beta: 0 (0)
gamma: 0 (0)
ZCW 55 angles loaded...
32 cores detected on the current machine.
use 1 core(s).
spinsys loaded... 
pulse sequence loaded...
experiment loaded...
task: PowderIntensity
Probe loaded...
Euler angle loaded...
spinsys loaded... 
pulse sequence loaded...
experiment loaded...
alpha: 0 (0)
beta: 0 (0)
gamma: 0 (0)
ZCW 55 angles loaded...
32 cores detected on the current machine.
use 1 core(s).
spinsys loaded... 
pulse sequence loaded...
experiment loaded...
task: PowderIntensity
Probe loaded...
spinsys loaded... 
pulse sequence loaded...
experiment loaded...
Euler angle loaded...
task: PowderIntensity
Probe loaded...
Euler angle loaded...
alpha: 0 (0)
beta: 0 (0)
gamma: 0 (0)
ZCW 55 angles loaded...
32 cores detected on the current machine.
use 1 core(s).
alpha: 0 (0)
beta: 0 (0)
gamma: 0 (0)
ZCW 55 angles loaded...
32 cores detected on the current machine.
use 1 core(s).
task: PowderIntensity
Probe loaded...
Euler angle loaded...
alpha: 0 (0)
beta: 0 (0)
gamma: 0 (0)
ZCW 55 angles loaded...
32 cores detected on the current machine.
use 1 core(s).
spinsys loaded... 
pulse sequence loaded...
experiment loaded...
task: PowderIntensity
Probe loaded...
Euler angle loaded...
alpha: 0 (0)
beta: 0 (0)
gamma: 0 (0)
ZCW 55 angles loaded...
32 cores detected on the current machine.
use 1 core(s).
spinsys loaded... 
pulse sequence loaded...
experiment loaded...
spinsys loaded... 
pulse sequence loaded...
experiment loaded...
task: PowderIntensity
Probe loaded...
Euler angle loaded...
task: PowderIntensity
Probe loaded...
Euler angle loaded...
alpha: 0 (0)
beta: 0 (0)
gamma: 0 (0)
ZCW 55 angles loaded...
alpha: 0 (0)
beta: 0 (0)
gamma: 0 (0)
ZCW 55 angles loaded...
32 cores detected on the current machine.
use 1 core(s).
32 cores detected on the current machine.
use 1 core(s).
spinsys loaded... 
pulse sequence loaded...
experiment loaded...
task: PowderIntensity
Probe loaded...
Euler angle loaded...
alpha: 0 (0)
beta: 0 (0)
gamma: 0 (0)
ZCW 55 angles loaded...
32 cores detected on the current machine.
use 1 core(s).
spinsys loaded... 
spinsys loaded... 
pulse sequence loaded...
experiment loaded...
pulse sequence loaded...
experiment loaded...
spinsys loaded... 
pulse sequence loaded...
experiment loaded...
task: PowderIntensity
Probe loaded...
task: PowderIntensity
Euler angle loaded...
Probe loaded...
Euler angle loaded...
task: PowderIntensity
Probe loaded...
Euler angle loaded...
alpha: 0 (0)
beta: 0 (0)
gamma: 0 (0)
ZCW 55 angles loaded...
spinsys loaded... 
pulse sequence loaded...
experiment loaded...
alpha: 0 (0)
beta: 0 (0)
gamma: 0 (0)
ZCW 55 angles loaded...
alpha: 0 (0)
beta: 0 (0)
gamma: 0 (0)
ZCW 55 angles loaded...
32 cores detected on the current machine.
use 1 core(s).
32 cores detected on the current machine.
use 1 core(s).
32 cores detected on the current machine.
use 1 core(s).
task: PowderIntensity
Probe loaded...
Euler angle loaded...
alpha: 0 (0)
beta: 0 (0)
gamma: 0 (0)
ZCW 55 angles loaded...
32 cores detected on the current machine.
use 1 core(s).
spinsys loaded... 
pulse sequence loaded...
experiment loaded...
spinsys loaded... 
pulse sequence loaded...
experiment loaded...
task: PowderIntensity
Probe loaded...
task: PowderIntensity
Probe loaded...
Euler angle loaded...
Euler angle loaded...
alpha: 0 (0)
beta: 0 (0)
gamma: 0 (0)
ZCW 55 angles loaded...
alpha: 0 (0)
beta: 0 (0)
gamma: 0 (0)
ZCW 55 angles loaded...
32 cores detected on the current machine.
use 1 core(s).
32 cores detected on the current machine.
use 1 core(s).
spinsys loaded... 
pulse sequence loaded...
experiment loaded...
task: PowderIntensity
Probe loaded...
Euler angle loaded...
alpha: 0 (0)
beta: 0 (0)
gamma: 0 (0)
ZCW 55 angles loaded...
32 cores detected on the current machine.
use 1 core(s).
spinsys loaded... 
pulse sequence loaded...
experiment loaded...
task: PowderIntensity
Probe loaded...
Euler angle loaded...
alpha: 0 (0)
beta: 0 (0)
gamma: 0 (0)
ZCW 55 angles loaded...
32 cores detected on the current machine.
use 1 core(s).
spinsys loaded... 
pulse sequence loaded...
experiment loaded...
task: PowderIntensity
Probe loaded...
Euler angle loaded...
alpha: 0 (0)
beta: 0 (0)
gamma: 0 (0)
ZCW 55 angles loaded...
32 cores detected on the current machine.
use 1 core(s).
spinsys loaded... 
pulse sequence loaded...
experiment loaded...
task: PowderIntensity
Probe loaded...
Euler angle loaded...
alpha: 0 (0)
beta: 0 (0)
gamma: 0 (0)
ZCW 55 angles loaded...
32 cores detected on the current machine.
use 1 core(s).
spinsys loaded... 
pulse sequence loaded...
experiment loaded...
spinsys loaded... 
pulse sequence loaded...
experiment loaded...
task: PowderIntensity
Probe loaded...
Euler angle loaded...
alpha: 0 (0)
beta: 0 (0)
gamma: 0 (0)
ZCW 55 angles loaded...
32 cores detected on the current machine.
use 1 core(s).
task: PowderIntensity
Probe loaded...
Euler angle loaded...
alpha: 0 (0)
beta: 0 (0)
gamma: 0 (0)
ZCW 55 angles loaded...
32 cores detected on the current machine.
use 1 core(s).
dnpsoup  Copyright (C) 2016-2021 Chen Yang
spinsys loaded... 
pulse sequence loaded...
experiment loaded...
task: PowderIntensity
Probe loaded...
Euler angle loaded...
alpha: 0 (0)
beta: 0 (0)
gamma: 0 (0)
ZCW 55 angles loaded...
32 cores detected on the current machine.
use 1 core(s).
spinsys loaded... 
dnpsoup  Copyright (C) 2016-2021 Chen Yang
dnpsoup  Copyright (C) 2016-2021 Chen Yang
dnpsoup  Copyright (C) 2016-2021 Chen Yang
dnpsoup  Copyright (C) 2016-2021 Chen Yang
dnpsoup  Copyright (C) 2016-2021 Chen Yang
dnpsoup  Copyright (C) 2016-2021 Chen Yang
dnpsoup  Copyright (C) 2016-2021 Chen Yang
dnpsoup  Copyright (C) 2016-2021 Chen Yang
dnpsoup  Copyright (C) 2016-2021 Chen Yang
dnpsoup  Copyright (C) 2016-2021 Chen Yang
dnpsoup  Copyright (C) 2016-2021 Chen Yang
dnpsoup  Copyright (C) 2016-2021 Chen Yang
dnpsoup  Copyright (C) 2016-2021 Chen Yang
dnpsoup  Copyright (C) 2016-2021 Chen Yang
dnpsoup  Copyright (C) 2016-2021 Chen Yang
dnpsoup  Copyright (C) 2016-2021 Chen Yang
dnpsoup  Copyright (C) 2016-2021 Chen Yang
dnpsoup  Copyright (C) 2016-2021 Chen Yang
dnpsoup  Copyright (C) 2016-2021 Chen Yang
dnpsoup  Copyright (C) 2016-2021 Chen Yang
dnpsoup  Copyright (C) 2016-2021 Chen Yang
dnpsoup  Copyright (C) 2016-2021 Chen Yang
dnpsoup  Copyright (C) 2016-2021 Chen Yang
dnpsoup  Copyright (C) 2016-2021 Chen Yang
dnpsoup  Copyright (C) 2016-2021 Chen Yang
dnpsoup  Copyright (C) 2016-2021 Chen Yang
dnpsoup  Copyright (C) 2016-2021 Chen Yang
dnpsoup  Copyright (C) 2016-2021 Chen Yang
dnpsoup  Copyright (C) 2016-2021 Chen Yang
pulse sequence loaded...
experiment loaded...
task: PowderIntensity
Probe loaded...
Euler angle loaded...
alpha: 0 (0)
beta: 0 (0)
gamma: 0 (0)
ZCW 55 angles loaded...
32 cores detected on the current machine.
use 1 core(s).
dnpsoup  Copyright (C) 2016-2021 Chen Yang
dnpsoup  Copyright (C) 2016-2021 Chen Yang
spinsys loaded... 
pulse sequence loaded...
experiment loaded...
task: PowderIntensity
Probe loaded...
Euler angle loaded...
alpha: 0 (0)
beta: 0 (0)
gamma: 0 (0)
ZCW 55 angles loaded...
32 cores detected on the current machine.
use 1 core(s).
spinsys loaded... 
pulse sequence loaded...
experiment loaded...
task: PowderIntensity
Probe loaded...
Euler angle loaded...
alpha: 0 (0)
beta: 0 (0)
gamma: 0 (0)
ZCW 55 angles loaded...
32 cores detected on the current machine.
use 1 core(s).
spinsys loaded... 
pulse sequence loaded...
experiment loaded...
task: PowderIntensity
Probe loaded...
Euler angle loaded...
alpha: 0 (0)
beta: 0 (0)
gamma: 0 (0)
ZCW 55 angles loaded...
32 cores detected on the current machine.
use 1 core(s).
spinsys loaded... 
pulse sequence loaded...
experiment loaded...
spinsys loaded... 
pulse sequence loaded...
experiment loaded...
task: PowderIntensity
Probe loaded...
Euler angle loaded...
alpha: 0 (0)
beta: 0 (0)
gamma: 0 (0)
ZCW 55 angles loaded...
spinsys loaded... 
pulse sequence loaded...
experiment loaded...
32 cores detected on the current machine.
use 1 core(s).
task: PowderIntensity
Probe loaded...
Euler angle loaded...
alpha: 0 (0)
beta: 0 (0)
gamma: 0 (0)
ZCW 55 angles loaded...
32 cores detected on the current machine.
use 1 core(s).
spinsys loaded... 
pulse sequence loaded...
experiment loaded...
task: PowderIntensity
Probe loaded...
Euler angle loaded...
alpha: 0 (0)
beta: 0 (0)
gamma: 0 (0)
ZCW 55 angles loaded...
32 cores detected on the current machine.
use 1 core(s).
spinsys loaded... 
pulse sequence loaded...
experiment loaded...
task: PowderIntensity
Probe loaded...
Euler angle loaded...
alpha: 0 (0)
beta: 0 (0)
gamma: 0 (0)
ZCW 55 angles loaded...
32 cores detected on the current machine.
use 1 core(s).
spinsys loaded... 
pulse sequence loaded...
experiment loaded...
task: PowderIntensity
Probe loaded...
Euler angle loaded...
alpha: 0 (0)
beta: 0 (0)
gamma: 0 (0)
ZCW 55 angles loaded...
32 cores detected on the current machine.
use 1 core(s).
spinsys loaded... 
pulse sequence loaded...
experiment loaded...
task: PowderIntensity
Probe loaded...
Euler angle loaded...
alpha: 0 (0)
beta: 0 (0)
gamma: 0 (0)
ZCW 55 angles loaded...
32 cores detected on the current machine.
use 1 core(s).
task: PowderIntensity
Probe loaded...
Euler angle loaded...
alpha: 0 (0)
beta: 0 (0)
gamma: 0 (0)
ZCW 55 angles loaded...
32 cores detected on the current machine.
use 1 core(s).
spinsys loaded... 
pulse sequence loaded...
experiment loaded...
task: PowderIntensity
Probe loaded...
Euler angle loaded...
alpha: 0 (0)
beta: 0 (0)
gamma: 0 (0)
ZCW 55 angles loaded...
32 cores detected on the current machine.
use 1 core(s).
spinsys loaded... 
pulse sequence loaded...
experiment loaded...
task: PowderIntensity
Probe loaded...
Euler angle loaded...
alpha: 0 (0)
beta: 0 (0)
gamma: 0 (0)
ZCW 55 angles loaded...
32 cores detected on the current machine.
use 1 core(s).
spinsys loaded... 
pulse sequence loaded...
experiment loaded...
task: PowderIntensity
Probe loaded...
Euler angle loaded...
alpha: 0 (0)
beta: 0 (0)
gamma: 0 (0)
ZCW 55 angles loaded...
32 cores detected on the current machine.
use 1 core(s).
spinsys loaded... 
pulse sequence loaded...
experiment loaded...
spinsys loaded... 
pulse sequence loaded...
experiment loaded...
task: PowderIntensity
Probe loaded...
Euler angle loaded...
alpha: 0 (0)
beta: 0 (0)
gamma: 0 (0)
ZCW 55 angles loaded...
32 cores detected on the current machine.
use 1 core(s).
task: PowderIntensity
Probe loaded...
Euler angle loaded...
alpha: 0 (0)
beta: 0 (0)
gamma: 0 (0)
ZCW 55 angles loaded...
32 cores detected on the current machine.
use 1 core(s).
spinsys loaded... 
pulse sequence loaded...
experiment loaded...
task: PowderIntensity
Probe loaded...
Euler angle loaded...
alpha: 0 (0)
beta: 0 (0)
gamma: 0 (0)
ZCW 55 angles loaded...
32 cores detected on the current machine.
use 1 core(s).
spinsys loaded... 
pulse sequence loaded...
experiment loaded...
task: PowderIntensity
Probe loaded...
Euler angle loaded...
alpha: 0 (0)
beta: 0 (0)
gamma: 0 (0)
ZCW 55 angles loaded...
32 cores detected on the current machine.
use 1 core(s).
spinsys loaded... 
pulse sequence loaded...
experiment loaded...
task: PowderIntensity
Probe loaded...
Euler angle loaded...
alpha: 0 (0)
beta: 0 (0)
gamma: 0 (0)
ZCW 55 angles loaded...
32 cores detected on the current machine.
use 1 core(s).
spinsys loaded... 
pulse sequence loaded...
experiment loaded...
task: PowderIntensity
Probe loaded...
Euler angle loaded...
alpha: 0 (0)
beta: 0 (0)
gamma: 0 (0)
ZCW 55 angles loaded...
32 cores detected on the current machine.
use 1 core(s).
spinsys loaded... 
pulse sequence loaded...
experiment loaded...
task: PowderIntensity
Probe loaded...
Euler angle loaded...
alpha: 0 (0)
beta: 0 (0)
gamma: 0 (0)
ZCW 55 angles loaded...
32 cores detected on the current machine.
use 1 core(s).
spinsys loaded... 
pulse sequence loaded...
experiment loaded...
task: PowderIntensity
Probe loaded...
Euler angle loaded...
alpha: 0 (0)
beta: 0 (0)
gamma: 0 (0)
ZCW 55 angles loaded...
32 cores detected on the current machine.
use 1 core(s).
spinsys loaded... 
pulse sequence loaded...
experiment loaded...
spinsys loaded... 
pulse sequence loaded...
experiment loaded...
task: PowderIntensity
Probe loaded...
Euler angle loaded...
alpha: 0 (0)
beta: 0 (0)
gamma: 0 (0)
ZCW 55 angles loaded...
32 cores detected on the current machine.
use 1 core(s).
task: PowderIntensity
Probe loaded...
Euler angle loaded...
alpha: 0 (0)
beta: 0 (0)
gamma: 0 (0)
ZCW 55 angles loaded...
32 cores detected on the current machine.
use 1 core(s).
dnpsoup  Copyright (C) 2016-2021 Chen Yang
spinsys loaded... 
pulse sequence loaded...
experiment loaded...
task: PowderIntensity
Probe loaded...
Euler angle loaded...
alpha: 0 (0)
beta: 0 (0)
gamma: 0 (0)
ZCW 55 angles loaded...
32 cores detected on the current machine.
use 1 core(s).
spinsys loaded... 
pulse sequence loaded...
experiment loaded...
task: PowderIntensity
Probe loaded...
Euler angle loaded...
alpha: 0 (0)
beta: 0 (0)
gamma: 0 (0)
ZCW 55 angles loaded...
32 cores detected on the current machine.
use 1 core(s).
spinsys loaded... 
pulse sequence loaded...
experiment loaded...
task: PowderIntensity
Probe loaded...
Euler angle loaded...
alpha: 0 (0)
beta: 0 (0)
gamma: 0 (0)
ZCW 55 angles loaded...
32 cores detected on the current machine.
use 1 core(s).
spinsys loaded... 
pulse sequence loaded...
experiment loaded...
spinsys loaded... 
pulse sequence loaded...
experiment loaded...
task: PowderIntensity
Probe loaded...
Euler angle loaded...
alpha: 0 (0)
beta: 0 (0)
gamma: 0 (0)
ZCW 55 angles loaded...
32 cores detected on the current machine.
use 1 core(s).
task: PowderIntensity
Probe loaded...
Euler angle loaded...
alpha: 0 (0)
beta: 0 (0)
gamma: 0 (0)
ZCW 55 angles loaded...
32 cores detected on the current machine.
use 1 core(s).
spinsys loaded... 
pulse sequence loaded...
experiment loaded...
dnpsoup  Copyright (C) 2016-2021 Chen Yang
dnpsoup  Copyright (C) 2016-2021 Chen Yang
dnpsoup  Copyright (C) 2016-2021 Chen Yang
dnpsoup  Copyright (C) 2016-2021 Chen Yang
dnpsoup  Copyright (C) 2016-2021 Chen Yang
dnpsoup  Copyright (C) 2016-2021 Chen Yang
dnpsoup  Copyright (C) 2016-2021 Chen Yang
dnpsoup  Copyright (C) 2016-2021 Chen Yang
dnpsoup  Copyright (C) 2016-2021 Chen Yang
dnpsoup  Copyright (C) 2016-2021 Chen Yang
dnpsoup  Copyright (C) 2016-2021 Chen Yang
dnpsoup  Copyright (C) 2016-2021 Chen Yang
dnpsoup  Copyright (C) 2016-2021 Chen Yang
dnpsoup  Copyright (C) 2016-2021 Chen Yang
dnpsoup  Copyright (C) 2016-2021 Chen Yang
dnpsoup  Copyright (C) 2016-2021 Chen Yang
dnpsoup  Copyright (C) 2016-2021 Chen Yang
dnpsoup  Copyright (C) 2016-2021 Chen Yang
dnpsoup  Copyright (C) 2016-2021 Chen Yang
dnpsoup  Copyright (C) 2016-2021 Chen Yang
dnpsoup  Copyright (C) 2016-2021 Chen Yang
dnpsoup  Copyright (C) 2016-2021 Chen Yang
dnpsoup  Copyright (C) 2016-2021 Chen Yang
spinsys loaded... 
pulse sequence loaded...
experiment loaded...
spinsys loaded... 
pulse sequence loaded...
experiment loaded...
spinsys loaded... 
pulse sequence loaded...
experiment loaded...
spinsys loaded... 
pulse sequence loaded...
experiment loaded...
dnpsoup  Copyright (C) 2016-2021 Chen Yang
task: PowderIntensity
Probe loaded...
Euler angle loaded...
task: PowderIntensity
Probe loaded...
Euler angle loaded...
task: PowderIntensity
Probe loaded...
Euler angle loaded...
task: PowderIntensity
Probe loaded...
Euler angle loaded...
alpha: 0 (0)
beta: 0 (0)
gamma: 0 (0)
ZCW 55 angles loaded...
alpha: 0 (0)
beta: 0 (0)
gamma: 0 (0)
ZCW 55 angles loaded...
alpha: 0 (0)
beta: 0 (0)
gamma: 0 (0)
ZCW 55 angles loaded...
alpha: 0 (0)
beta: 0 (0)
gamma: 0 (0)
ZCW 55 angles loaded...
32 cores detected on the current machine.
use 1 core(s).
32 cores detected on the current machine.
use 1 core(s).
32 cores detected on the current machine.
use 1 core(s).
32 cores detected on the current machine.
use 1 core(s).
spinsys loaded... 
pulse sequence loaded...
experiment loaded...
task: PowderIntensity
Probe loaded...
Euler angle loaded...
alpha: 0 (0)
beta: 0 (0)
gamma: 0 (0)
ZCW 55 angles loaded...
32 cores detected on the current machine.
use 1 core(s).
spinsys loaded... 
dnpsoup  Copyright (C) 2016-2021 Chen Yang
pulse sequence loaded...
experiment loaded...
spinsys loaded... 
pulse sequence loaded...
experiment loaded...
dnpsoup  Copyright (C) 2016-2021 Chen Yang
task: PowderIntensity
Probe loaded...
Euler angle loaded...
task: PowderIntensity
Probe loaded...
Euler angle loaded...
alpha: 0 (0)
beta: 0 (0)
gamma: 0 (0)
ZCW 55 angles loaded...
32 cores detected on the current machine.
use 1 core(s).
alpha: 0 (0)
beta: 0 (0)
gamma: 0 (0)
ZCW 55 angles loaded...
32 cores detected on the current machine.
use 1 core(s).
dnpsoup  Copyright (C) 2016-2021 Chen Yang
dnpsoup  Copyright (C) 2016-2021 Chen Yang
spinsys loaded... 
pulse sequence loaded...
experiment loaded...
dnpsoup  Copyright (C) 2016-2021 Chen Yang
spinsys loaded... 
pulse sequence loaded...
experiment loaded...
spinsys loaded... 
task: PowderIntensity
Probe loaded...
Euler angle loaded...
pulse sequence loaded...
experiment loaded...
alpha: 0 (0)
beta: 0 (0)
gamma: 0 (0)
ZCW 55 angles loaded...
32 cores detected on the current machine.
use 1 core(s).
task: PowderIntensity
Probe loaded...
Euler angle loaded...
alpha: 0 (0)
beta: 0 (0)
gamma: 0 (0)
ZCW 55 angles loaded...
32 cores detected on the current machine.
use 1 core(s).
task: PowderIntensity
Probe loaded...
Euler angle loaded...
alpha: 0 (0)
beta: 0 (0)
gamma: 0 (0)
ZCW 55 angles loaded...
32 cores detected on the current machine.
use 1 core(s).
dnpsoup  Copyright (C) 2016-2021 Chen Yang
spinsys loaded... 
pulse sequence loaded...
experiment loaded...
spinsys loaded... 
pulse sequence loaded...
experiment loaded...
spinsys loaded... 
pulse sequence loaded...
experiment loaded...
task: PowderIntensity
Probe loaded...
Euler angle loaded...
task: PowderIntensity
Probe loaded...
Euler angle loaded...
alpha: 0 (0)
beta: 0 (0)
gamma: 0 (0)
ZCW 55 angles loaded...
32 cores detected on the current machine.
use 1 core(s).
spinsys loaded... 
alpha: 0 (0)
beta: 0 (0)
gamma: 0 (0)
ZCW 55 angles loaded...
pulse sequence loaded...
experiment loaded...
32 cores detected on the current machine.
use 1 core(s).
task: PowderIntensity
Probe loaded...
Euler angle loaded...
alpha: 0 (0)
beta: 0 (0)
gamma: 0 (0)
ZCW 55 angles loaded...
32 cores detected on the current machine.
use 1 core(s).
task: PowderIntensity
Probe loaded...
Euler angle loaded...
alpha: 0 (0)
beta: 0 (0)
gamma: 0 (0)
ZCW 55 angles loaded...
32 cores detected on the current machine.
use 1 core(s).
dnpsoup  Copyright (C) 2016-2021 Chen Yang
spinsys loaded... 
pulse sequence loaded...
experiment loaded...
task: PowderIntensity
Probe loaded...
Euler angle loaded...
alpha: 0 (0)
beta: 0 (0)
gamma: 0 (0)
ZCW 55 angles loaded...
32 cores detected on the current machine.
use 1 core(s).
spinsys loaded... 
pulse sequence loaded...
experiment loaded...
spinsys loaded... 
pulse sequence loaded...
experiment loaded...
task: PowderIntensity
task: PowderIntensity
Probe loaded...
Euler angle loaded...
Probe loaded...
Euler angle loaded...
alpha: 0 (0)
beta: 0 (0)
gamma: 0 (0)
ZCW 55 angles loaded...
alpha: 0 (0)
beta: 0 (0)
gamma: 0 (0)
ZCW 55 angles loaded...
32 cores detected on the current machine.
use 1 core(s).
32 cores detected on the current machine.
use 1 core(s).
spinsys loaded... 
pulse sequence loaded...
experiment loaded...
spinsys loaded... 
pulse sequence loaded...
experiment loaded...
task: PowderIntensity
Probe loaded...
Euler angle loaded...
alpha: 0 (0)
beta: 0 (0)
gamma: 0 (0)
ZCW 55 angles loaded...
32 cores detected on the current machine.
use 1 core(s).
task: PowderIntensity
spinsys loaded... 
pulse sequence loaded...
experiment loaded...
spinsys loaded... 
pulse sequence loaded...
task: PowderIntensity
Probe loaded...
Euler angle loaded...
spinsys loaded... 
pulse sequence loaded...
experiment loaded...
alpha: 0 (0)
beta: 0 (0)
gamma: 0 (0)
ZCW 55 angles loaded...
32 cores detected on the current machine.
use 1 core(s).
experiment loaded...
spinsys loaded... 
pulse sequence loaded...
experiment loaded...
task: PowderIntensity
Probe loaded...
Euler angle loaded...
alpha: 0 (0)
beta: 0 (0)
gamma: 0 (0)
ZCW 55 angles loaded...
32 cores detected on the current machine.
use 1 core(s).
task: PowderIntensity
Probe loaded...
Euler angle loaded...
alpha: 0 (0)
beta: 0 (0)
gamma: 0 (0)
ZCW 55 angles loaded...
32 cores detected on the current machine.
use 1 core(s).
spinsys loaded... 
pulse sequence loaded...
experiment loaded...
task: PowderIntensity
Probe loaded...
Euler angle loaded...
dnpsoup  Copyright (C) 2016-2021 Chen Yang
alpha: 0 (0)
beta: 0 (0)
gamma: 0 (0)
ZCW 55 angles loaded...
32 cores detected on the current machine.
use 1 core(s).
spinsys loaded... 
pulse sequence loaded...
experiment loaded...
task: PowderIntensity
Probe loaded...
Euler angle loaded...
alpha: 0 (0)
beta: 0 (0)
gamma: 0 (0)
ZCW 55 angles loaded...
32 cores detected on the current machine.
use 1 core(s).
spinsys loaded... 
pulse sequence loaded...
experiment loaded...
task: PowderIntensity
Probe loaded...
Euler angle loaded...
alpha: 0 (0)
beta: 0 (0)
gamma: 0 (0)
ZCW 55 angles loaded...
32 cores detected on the current machine.
use 1 core(s).
spinsys loaded... 
pulse sequence loaded...
experiment loaded...
task: PowderIntensity
Probe loaded...
Euler angle loaded...
alpha: 0 (0)
beta: 0 (0)
gamma: 0 (0)
ZCW 55 angles loaded...
32 cores detected on the current machine.
use 1 core(s).
dnpsoup  Copyright (C) 2016-2021 Chen Yang
dnpsoup  Copyright (C) 2016-2021 Chen Yang
dnpsoup  Copyright (C) 2016-2021 Chen Yang
dnpsoup  Copyright (C) 2016-2021 Chen Yang
dnpsoup  Copyright (C) 2016-2021 Chen Yang
dnpsoup  Copyright (C) 2016-2021 Chen Yang
dnpsoup  Copyright (C) 2016-2021 Chen Yang
dnpsoup  Copyright (C) 2016-2021 Chen Yang
dnpsoup  Copyright (C) 2016-2021 Chen Yang
dnpsoup  Copyright (C) 2016-2021 Chen Yang
dnpsoup  Copyright (C) 2016-2021 Chen Yang
dnpsoup  Copyright (C) 2016-2021 Chen Yang
dnpsoup  Copyright (C) 2016-2021 Chen Yang
dnpsoup  Copyright (C) 2016-2021 Chen Yang
dnpsoup  Copyright (C) 2016-2021 Chen Yang
dnpsoup  Copyright (C) 2016-2021 Chen Yang
dnpsoup  Copyright (C) 2016-2021 Chen Yang
dnpsoup  Copyright (C) 2016-2021 Chen Yang
dnpsoup  Copyright (C) 2016-2021 Chen Yang
dnpsoup  Copyright (C) 2016-2021 Chen Yang
dnpsoup  Copyright (C) 2016-2021 Chen Yang
dnpsoup  Copyright (C) 2016-2021 Chen Yang
dnpsoup  Copyright (C) 2016-2021 Chen Yang
dnpsoup  Copyright (C) 2016-2021 Chen Yang
dnpsoup  Copyright (C) 2016-2021 Chen Yang
dnpsoup  Copyright (C) 2016-2021 Chen Yang
dnpsoup  Copyright (C) 2016-2021 Chen Yang
dnpsoup  Copyright (C) 2016-2021 Chen Yang
dnpsoup  Copyright (C) 2016-2021 Chen Yang
dnpsoup  Copyright (C) 2016-2021 Chen Yang
dnpsoup  Copyright (C) 2016-2021 Chen Yang
spinsys loaded... 
pulse sequence loaded...
experiment loaded...
spinsys loaded... 
pulse sequence loaded...
experiment loaded...
task: PowderIntensity
Probe loaded...
Euler angle loaded...
alpha: 0 (0)
beta: 0 (0)
gamma: 0 (0)
ZCW 55 angles loaded...
32 cores detected on the current machine.
use 1 core(s).
task: PowderIntensity
Probe loaded...
Euler angle loaded...
alpha: 0 (0)
beta: 0 (0)
gamma: 0 (0)
ZCW 55 angles loaded...
32 cores detected on the current machine.
use 1 core(s).
spinsys loaded... 
pulse sequence loaded...
experiment loaded...
spinsys loaded... 
pulse sequence loaded...
experiment loaded...
task: PowderIntensity
Probe loaded...
Euler angle loaded...
alpha: 0 (0)
beta: 0 (0)
gamma: 0 (0)
ZCW 55 angles loaded...
32 cores detected on the current machine.
use 1 core(s).
task: PowderIntensity
Probe loaded...
Euler angle loaded...
alpha: 0 (0)
beta: 0 (0)
gamma: 0 (0)
ZCW 55 angles loaded...
spinsys loaded... 
32 cores detected on the current machine.
use 1 core(s).
pulse sequence loaded...
experiment loaded...
task: PowderIntensity
Probe loaded...
Euler angle loaded...
alpha: 0 (0)
beta: 0 (0)
gamma: 0 (0)
ZCW 55 angles loaded...
32 cores detected on the current machine.
use 1 core(s).
spinsys loaded... 
pulse sequence loaded...
experiment loaded...
task: PowderIntensity
Probe loaded...
Euler angle loaded...
alpha: 0 (0)
beta: 0 (0)
gamma: 0 (0)
ZCW 55 angles loaded...
32 cores detected on the current machine.
use 1 core(s).
spinsys loaded... 
pulse sequence loaded...
experiment loaded...
task: PowderIntensity
Probe loaded...
Euler angle loaded...
alpha: 0 (0)
beta: 0 (0)
gamma: 0 (0)
ZCW 55 angles loaded...
32 cores detected on the current machine.
use 1 core(s).
spinsys loaded... 
pulse sequence loaded...
experiment loaded...
task: PowderIntensity
Probe loaded...
Euler angle loaded...
alpha: 0 (0)
beta: 0 (0)
gamma: 0 (0)
ZCW 55 angles loaded...
32 cores detected on the current machine.
use 1 core(s).
spinsys loaded... 
pulse sequence loaded...
experiment loaded...
task: PowderIntensity
Probe loaded...
Euler angle loaded...
alpha: 0 (0)
beta: 0 (0)
gamma: 0 (0)
ZCW 55 angles loaded...
spinsys loaded... 
pulse sequence loaded...
experiment loaded...
32 cores detected on the current machine.
use 1 core(s).
spinsys loaded... 
pulse sequence loaded...
experiment loaded...
task: PowderIntensity
Probe loaded...
Euler angle loaded...
alpha: 0 (0)
beta: 0 (0)
gamma: 0 (0)
ZCW 55 angles loaded...
32 cores detected on the current machine.
use 1 core(s).
task: PowderIntensity
Probe loaded...
Euler angle loaded...
alpha: 0 (0)
beta: 0 (0)
gamma: 0 (0)
ZCW 55 angles loaded...
32 cores detected on the current machine.
use 1 core(s).
task: PowderIntensity
Probe loaded...
Euler angle loaded...
alpha: 0 (0)
beta: 0 (0)
gamma: 0 (0)
ZCW 55 angles loaded...
32 cores detected on the current machine.
use 1 core(s).
spinsys loaded... 
pulse sequence loaded...
experiment loaded...
task: PowderIntensity
Probe loaded...
Euler angle loaded...
alpha: 0 (0)
beta: 0 (0)
gamma: 0 (0)
ZCW 55 angles loaded...
32 cores detected on the current machine.
use 1 core(s).
spinsys loaded... 
pulse sequence loaded...
experiment loaded...
Probe loaded...
Euler angle loaded...
alpha: 0 (0)
beta: 0 (0)
gamma: 0 (0)
ZCW 55 angles loaded...
task: PowderIntensity
Probe loaded...
Euler angle loaded...
alpha: 0 (0)
beta: 0 (0)
gamma: 0 (0)
ZCW 55 angles loaded...
32 cores detected on the current machine.
use 1 core(s).
32 cores detected on the current machine.
use 1 core(s).
spinsys loaded... 
pulse sequence loaded...
experiment loaded...
spinsys loaded... 
pulse sequence loaded...
experiment loaded...
spinsys loaded... 
pulse sequence loaded...
task: PowderIntensity
task: PowderIntensity
Probe loaded...
Euler angle loaded...
Probe loaded...
Euler angle loaded...
alpha: 0 (0)
beta: 0 (0)
gamma: 0 (0)
ZCW 55 angles loaded...
spinsys loaded... 
pulse sequence loaded...
experiment loaded...
task: PowderIntensity
Probe loaded...
Euler angle loaded...
alpha: 0 (0)
beta: 0 (0)
gamma: 0 (0)
ZCW 55 angles loaded...
32 cores detected on the current machine.
use 1 core(s).
task: PowderIntensity
Probe loaded...
Euler angle loaded...
alpha: 0 (0)
beta: 0 (0)
gamma: 0 (0)
ZCW 55 angles loaded...
32 cores detected on the current machine.
use 1 core(s).
spinsys loaded... 
pulse sequence loaded...
experiment loaded...
spinsys loaded... 
task: PowderIntensity
pulse sequence loaded...
experiment loaded...
Probe loaded...
Euler angle loaded...
alpha: 0 (0)
beta: 0 (0)
gamma: 0 (0)
ZCW 55 angles loaded...
32 cores detected on the current machine.
use 1 core(s).
task: PowderIntensity
spinsys loaded... 
pulse sequence loaded...
experiment loaded...
Probe loaded...
Euler angle loaded...
alpha: 0 (0)
beta: 0 (0)
gamma: 0 (0)
ZCW 55 angles loaded...
32 cores detected on the current machine.
use 1 core(s).
task: PowderIntensity
Probe loaded...
Euler angle loaded...
alpha: 0 (0)
beta: 0 (0)
gamma: 0 (0)
ZCW 55 angles loaded...
32 cores detected on the current machine.
use 1 core(s).
spinsys loaded... 
pulse sequence loaded...
spinsys loaded... 
pulse sequence loaded...
experiment loaded...
experiment loaded...
spinsys loaded... 
pulse sequence loaded...
experiment loaded...
task: PowderIntensity
task: PowderIntensity
Probe loaded...
Probe loaded...
Euler angle loaded...
Euler angle loaded...
alpha: 0 (0)
beta: 0 (0)
gamma: 0 (0)
ZCW 55 angles loaded...
alpha: 0 (0)
beta: 0 (0)
gamma: 0 (0)
ZCW 55 angles loaded...
32 cores detected on the current machine.
use 1 core(s).
32 cores detected on the current machine.
use 1 core(s).
spinsys loaded... 
pulse sequence loaded...
experiment loaded...
task: PowderIntensity
Probe loaded...
Euler angle loaded...
alpha: 0 (0)
beta: 0 (0)
gamma: 0 (0)
ZCW 55 angles loaded...
32 cores detected on the current machine.
use 1 core(s).
task: PowderIntensity
Probe loaded...
Euler angle loaded...
alpha: 0 (0)
beta: 0 (0)
gamma: 0 (0)
ZCW 55 angles loaded...
32 cores detected on the current machine.
use 1 core(s).
spinsys loaded... 
pulse sequence loaded...
experiment loaded...
task: PowderIntensity
Probe loaded...
Euler angle loaded...
alpha: 0 (0)
beta: 0 (0)
gamma: 0 (0)
ZCW 55 angles loaded...
32 cores detected on the current machine.
use 1 core(s).
spinsys loaded... 
pulse sequence loaded...
experiment loaded...
task: PowderIntensity
Probe loaded...
Euler angle loaded...
alpha: 0 (0)
beta: 0 (0)
gamma: 0 (0)
ZCW 55 angles loaded...
32 cores detected on the current machine.
use 1 core(s).
spinsys loaded... 
pulse sequence loaded...
experiment loaded...
task: PowderIntensity
Probe loaded...
Euler angle loaded...
alpha: 0 (0)
beta: 0 (0)
gamma: 0 (0)
ZCW 55 angles loaded...
32 cores detected on the current machine.
use 1 core(s).
spinsys loaded... 
pulse sequence loaded...
experiment loaded...
task: PowderIntensity
Probe loaded...
Euler angle loaded...
alpha: 0 (0)
beta: 0 (0)
gamma: 0 (0)
ZCW 55 angles loaded...
32 cores detected on the current machine.
use 1 core(s).
spinsys loaded... 
pulse sequence loaded...
experiment loaded...
spinsys loaded... 
pulse sequence loaded...
experiment loaded...
task: PowderIntensity
Probe loaded...
Euler angle loaded...
alpha: 0 (0)
beta: 0 (0)
gamma: 0 (0)
ZCW 55 angles loaded...
32 cores detected on the current machine.
use 1 core(s).
task: PowderIntensity
Probe loaded...
Euler angle loaded...
alpha: 0 (0)
beta: 0 (0)
gamma: 0 (0)
ZCW 55 angles loaded...
32 cores detected on the current machine.
use 1 core(s).
spinsys loaded... 
pulse sequence loaded...
experiment loaded...
task: PowderIntensity
Probe loaded...
Euler angle loaded...
alpha: 0 (0)
beta: 0 (0)
gamma: 0 (0)
ZCW 55 angles loaded...
32 cores detected on the current machine.
use 1 core(s).
alpha: 0 (0)
beta: 0 (0)
gamma: 0 (0)
ZCW 55 angles loaded...
32 cores detected on the current machine.
use 1 core(s).
32 cores detected on the current machine.
use 1 core(s).
experiment loaded...
task: PowderIntensity
Probe loaded...
Euler angle loaded...
alpha: 0 (0)
beta: 0 (0)
gamma: 0 (0)
ZCW 55 angles loaded...
32 cores detected on the current machine.
use 1 core(s).
spinsys loaded... 
pulse sequence loaded...
experiment loaded...
task: PowderIntensity
Probe loaded...
Euler angle loaded...
alpha: 0 (0)
beta: 0 (0)
gamma: 0 (0)
ZCW 55 angles loaded...
32 cores detected on the current machine.
use 1 core(s).
spinsys loaded... 
pulse sequence loaded...
experiment loaded...
task: PowderIntensity
Probe loaded...
Euler angle loaded...
alpha: 0 (0)
beta: 0 (0)
gamma: 0 (0)
ZCW 55 angles loaded...
32 cores detected on the current machine.
use 1 core(s).
spinsys loaded... 
pulse sequence loaded...
experiment loaded...
task: PowderIntensity
Probe loaded...
Euler angle loaded...
alpha: 0 (0)
beta: 0 (0)
gamma: 0 (0)
ZCW 55 angles loaded...
32 cores detected on the current machine.
use 1 core(s).
spinsys loaded... 
pulse sequence loaded...
experiment loaded...
task: PowderIntensity
Probe loaded...
Euler angle loaded...
alpha: 0 (0)
beta: 0 (0)
gamma: 0 (0)
ZCW 55 angles loaded...
spinsys loaded... 
pulse sequence loaded...
experiment loaded...
task: PowderIntensity
Probe loaded...
Euler angle loaded...
alpha: 0 (0)
beta: 0 (0)
gamma: 0 (0)
ZCW 55 angles loaded...
32 cores detected on the current machine.
use 1 core(s).
spinsys loaded... 
pulse sequence loaded...
experiment loaded...
task: PowderIntensity
Probe loaded...
Euler angle loaded...
alpha: 0 (0)
beta: 0 (0)
gamma: 0 (0)
ZCW 55 angles loaded...
32 cores detected on the current machine.
use 1 core(s).
spinsys loaded... 
pulse sequence loaded...
experiment loaded...
task: PowderIntensity
Probe loaded...
Euler angle loaded...
alpha: 0 (0)
beta: 0 (0)
gamma: 0 (0)
ZCW 55 angles loaded...
32 cores detected on the current machine.
use 1 core(s).
spinsys loaded... 
pulse sequence loaded...
experiment loaded...
task: PowderIntensity
Probe loaded...
Euler angle loaded...
alpha: 0 (0)
beta: 0 (0)
gamma: 0 (0)
ZCW 55 angles loaded...
32 cores detected on the current machine.
use 1 core(s).
spinsys loaded... 
pulse sequence loaded...
experiment loaded...
task: PowderIntensity
Probe loaded...
Euler angle loaded...
alpha: 0 (0)
beta: 0 (0)
gamma: 0 (0)
ZCW 55 angles loaded...
32 cores detected on the current machine.
use 1 core(s).
spinsys loaded... 
pulse sequence loaded...
experiment loaded...
task: PowderIntensity
Probe loaded...
Euler angle loaded...
alpha: 0 (0)
beta: 0 (0)
gamma: 0 (0)
ZCW 55 angles loaded...
32 cores detected on the current machine.
use 1 core(s).
32 cores detected on the current machine.
use 1 core(s).
spinsys loaded... 
pulse sequence loaded...
experiment loaded...
task: PowderIntensity
Probe loaded...
Euler angle loaded...
alpha: 0 (0)
beta: 0 (0)
gamma: 0 (0)
ZCW 55 angles loaded...
32 cores detected on the current machine.
use 1 core(s).
spinsys loaded... 
pulse sequence loaded...
experiment loaded...
task: PowderIntensity
Probe loaded...
Euler angle loaded...
alpha: 0 (0)
beta: 0 (0)
gamma: 0 (0)
ZCW 55 angles loaded...
32 cores detected on the current machine.
use 1 core(s).
Total time: 54.831 seconds.
Total time: 55.461 seconds.
Total time: 56.261 seconds.
Total time: 56.461 seconds.
Total time: 56.803 seconds.
Total time: 57.663 seconds.
Total time: 58.426 seconds.
Total time: 58.293 seconds.
Total time: 58.931 seconds.
Total time: 58.963 seconds.
Total time: 59.187 seconds.
Total time: 59.617 seconds.
Total time: 60.87 seconds.
Total time: 59.951 seconds.
Total time: 60.270 seconds.
Total time: 60.164 seconds.
Total time: 60.329 seconds.
Total time: 60.225 seconds.
Total time: 60.578 seconds.
Total time: 60.707 seconds.
Total time: 60.929 seconds.
Total time: 60.829 seconds.
Total time: 61.292 seconds.
Total time: 61.253 seconds.
Total time: 61.751 seconds.
Total time: 61.686 seconds.
Total time: 61.908 seconds.
Total time: 61.739 seconds.
Total time: 62.75 seconds.
Total time: 62.140 seconds.
Total time: 62.173 seconds.
Total time: 62.177 seconds.
Total time: 62.247 seconds.
Total time: 62.122 seconds.
Total time: 62.347 seconds.
Total time: 62.310 seconds.
Total time: 62.479 seconds.
Total time: 62.387 seconds.
Total time: 62.515 seconds.
Total time: 62.451 seconds.
Total time: 62.503 seconds.
Total time: 62.685 seconds.
Total time: 62.713 seconds.
Total time: 62.828 seconds.
Total time: 62.834 seconds.
Total time: 62.912 seconds.
Total time: 62.996 seconds.
Total time: 63.170 seconds.
Total time: 63.179 seconds.
Total time: 63.75 seconds.
Total time: 63.301 seconds.
Total time: 63.533 seconds.
Total time: 63.332 seconds.
Total time: 63.445 seconds.
Total time: 63.851 seconds.
Total time: 64.24 seconds.
Total time: 64.25 seconds.
Total time: 64.208 seconds.
Total time: 64.297 seconds.
Total time: 64.304 seconds.
Total time: 64.664 seconds.
Total time: 64.867 seconds.
Total time: 64.620 seconds.
Total time: 64.631 seconds.
Total time: 64.797 seconds.
Total time: 64.872 seconds.
Total time: 65.40 seconds.
Total time: 64.923 seconds.
Total time: 65.84 seconds.
Total time: 65.296 seconds.
Total time: 65.416 seconds.
Total time: 65.363 seconds.
Total time: 65.351 seconds.
Total time: 65.439 seconds.
Total time: 65.536 seconds.
Total time: 65.594 seconds.
Total time: 65.622 seconds.
Total time: 65.887 seconds.
Total time: 66.0 seconds.
Total time: 65.956 seconds.
Total time: 66.13 seconds.
Total time: 65.934 seconds.
Total time: 66.108 seconds.
Total time: 66.168 seconds.
Total time: 66.229 seconds.
Total time: 66.298 seconds.
Total time: 66.512 seconds.
Total time: 66.520 seconds.
Total time: 66.533 seconds.
Total time: 66.533 seconds.
Total time: 66.591 seconds.
Total time: 66.618 seconds.
Total time: 66.751 seconds.
Total time: 66.691 seconds.
Total time: 66.988 seconds.
Total time: 67.28 seconds.
Total time: 67.88 seconds.
Total time: 67.147 seconds.
Total time: 67.452 seconds.
Total time: 67.384 seconds.
Total time: 67.435 seconds.
Total time: 67.592 seconds.
Total time: 67.505 seconds.
Total time: 67.553 seconds.
Total time: 67.734 seconds.
Total time: 67.707 seconds.
Total time: 67.794 seconds.
Total time: 67.900 seconds.
Total time: 67.958 seconds.
Total time: 68.146 seconds.
Total time: 68.155 seconds.
Total time: 68.364 seconds.
Total time: 68.265 seconds.
Total time: 68.599 seconds.
Total time: 68.717 seconds.
Total time: 68.771 seconds.
Total time: 68.694 seconds.
Total time: 68.732 seconds.
Total time: 68.958 seconds.
Total time: 68.996 seconds.
Total time: 69.76 seconds.
Total time: 69.228 seconds.
Total time: 69.239 seconds.
Total time: 69.260 seconds.
Total time: 69.421 seconds.
Total time: 69.369 seconds.
Total time: 69.502 seconds.
Total time: 69.497 seconds.
Total time: 69.464 seconds.
Total time: 69.587 seconds.
Total time: 69.825 seconds.
Total time: 69.850 seconds.
Total time: 69.850 seconds.
Total time: 69.875 seconds.
Total time: 69.902 seconds.
Total time: 70.176 seconds.
Total time: 70.208 seconds.
Total time: 70.417 seconds.
Total time: 70.448 seconds.
Total time: 70.414 seconds.
Total time: 70.577 seconds.
Total time: 70.791 seconds.
Total time: 70.750 seconds.
Total time: 70.930 seconds.
Total time: 70.863 seconds.
Total time: 70.915 seconds.
Total time: 71.189 seconds.
Total time: 71.233 seconds.
Total time: 71.379 seconds.
Total time: 71.382 seconds.
Total time: 71.472 seconds.
Total time: 71.563 seconds.
Total time: 71.680 seconds.
Total time: 71.741 seconds.
Total time: 71.871 seconds.
Total time: 71.778 seconds.
Total time: 71.810 seconds.
Total time: 71.950 seconds.
Total time: 72.270 seconds.
Total time: 72.351 seconds.
Total time: 72.485 seconds.
Total time: 72.507 seconds.
Total time: 72.549 seconds.
Total time: 72.673 seconds.
Total time: 72.732 seconds.
Total time: 72.781 seconds.
Total time: 72.919 seconds.
Total time: 72.919 seconds.
Total time: 72.941 seconds.
Total time: 73.47 seconds.
Total time: 73.156 seconds.
Total time: 73.299 seconds.
Total time: 73.722 seconds.
Total time: 73.762 seconds.
Total time: 73.980 seconds.
Total time: 74.219 seconds.
Total time: 74.371 seconds.
Total time: 74.435 seconds.
Total time: 74.521 seconds.
Total time: 74.776 seconds.
Total time: 74.828 seconds.
Total time: 75.73 seconds.
Total time: 75.304 seconds.
Total time: 75.353 seconds.
Total time: 75.611 seconds.
Total time: 75.810 seconds.
Total time: 75.971 seconds.
Total time: 76.171 seconds.
Total time: 76.327 seconds.
Total time: 76.381 seconds.
Total time: 76.466 seconds.
Total time: 76.748 seconds.
Total time: 76.990 seconds.
Total time: 77.95 seconds.
Total time: 77.503 seconds.
Total time: 77.845 seconds.
Total time: 78.55 seconds.
Total time: 79.312 seconds.
Total time: 80.677 seconds.
Total time: 80.781 seconds.
