dnpsoup  Copyright (C) 2016-2021 Chen Yang
dnpsoup  Copyright (C) 2016-2021 Chen Yang
dnpsoup  Copyright (C) 2016-2021 Chen Yang
dnpsoup  Copyright (C) 2016-2021 Chen Yang
dnpsoup  Copyright (C) 2016-2021 Chen Yang
dnpsoup  Copyright (C) 2016-2021 Chen Yang
dnpsoup  Copyright (C) 2016-2021 Chen Yang
dnpsoup  Copyright (C) 2016-2021 Chen Yang
dnpsoup  Copyright (C) 2016-2021 Chen Yang
dnpsoup  Copyright (C) 2016-2021 Chen Yang
dnpsoup  Copyright (C) 2016-2021 Chen Yang
dnpsoup  Copyright (C) 2016-2021 Chen Yang
dnpsoup  Copyright (C) 2016-2021 Chen Yang
create directory: "/home/cyang019/workspace/NOVEL/tasks/qband_p83_flip5_mix500_d100k_loop200_scan_gB1_inc1/qband_p83_flip5_mix500_d100k_loop200_scan_gB1_inc1_results/"
create directory: "/home/cyang019/workspace/NOVEL/tasks/qband_p83_flip5_mix500_d100k_loop200_scan_gB1_inc1/qband_p83_flip5_mix500_d100k_loop200_scan_gB1_inc1_results/"
create directory: "/home/cyang019/workspace/NOVEL/tasks/qband_p83_flip5_mix500_d100k_loop200_scan_gB1_inc1/qband_p83_flip5_mix500_d100k_loop200_scan_gB1_inc1_results/"
create directory: "/home/cyang019/workspace/NOVEL/tasks/qband_p83_flip5_mix500_d100k_loop200_scan_gB1_inc1/qband_p83_flip5_mix500_d100k_loop200_scan_gB1_inc1_results/"
spinsys loaded... 
pulse sequence loaded...
experiment loaded...
task: PowderIntensity
Probe loaded...
Euler angle loaded...
alpha: 0 (0)
beta: 0 (0)
gamma: 0 (0)
ZCW 55 angles loaded...
32 cores detected on the current machine.
use 1 core(s).
spinsys loaded... 
pulse sequence loaded...
experiment loaded...
task: PowderIntensity
Probe loaded...
Euler angle loaded...
alpha: 0 (0)
beta: 0 (0)
gamma: 0 (0)
ZCW 55 angles loaded...
32 cores detected on the current machine.
use 1 core(s).
spinsys loaded... 
pulse sequence loaded...
experiment loaded...
spinsys loaded... 
pulse sequence loaded...
experiment loaded...
task: PowderIntensity
Probe loaded...
Euler angle loaded...
alpha: 0 (0)
beta: 0 (0)
gamma: 0 (0)
ZCW 55 angles loaded...
32 cores detected on the current machine.
use 1 core(s).
task: PowderIntensity
Probe loaded...
Euler angle loaded...
alpha: 0 (0)
beta: 0 (0)
gamma: 0 (0)
ZCW 55 angles loaded...
32 cores detected on the current machine.
use 1 core(s).
spinsys loaded... 
pulse sequence loaded...
experiment loaded...
task: PowderIntensity
Probe loaded...
Euler angle loaded...
alpha: 0 (0)
beta: 0 (0)
gamma: 0 (0)
ZCW 55 angles loaded...
32 cores detected on the current machine.
use 1 core(s).
spinsys loaded... 
pulse sequence loaded...
experiment loaded...
task: PowderIntensity
Probe loaded...
Euler angle loaded...
alpha: 0 (0)
beta: 0 (0)
gamma: 0 (0)
ZCW 55 angles loaded...
32 cores detected on the current machine.
use 1 core(s).
spinsys loaded... 
pulse sequence loaded...
experiment loaded...
task: PowderIntensity
Probe loaded...
Euler angle loaded...
alpha: 0 (0)
beta: 0 (0)
gamma: 0 (0)
ZCW 55 angles loaded...
32 cores detected on the current machine.
use 1 core(s).
spinsys loaded... 
pulse sequence loaded...
experiment loaded...
task: PowderIntensity
Probe loaded...
Euler angle loaded...
alpha: 0 (0)
beta: 0 (0)
gamma: 0 (0)
ZCW 55 angles loaded...
32 cores detected on the current machine.
use 1 core(s).
spinsys loaded... 
pulse sequence loaded...
experiment loaded...
task: PowderIntensity
Probe loaded...
Euler angle loaded...
alpha: 0 (0)
beta: 0 (0)
gamma: 0 (0)
ZCW 55 angles loaded...
32 cores detected on the current machine.
use 1 core(s).
spinsys loaded... 
pulse sequence loaded...
experiment loaded...
task: PowderIntensity
Probe loaded...
Euler angle loaded...
alpha: 0 (0)
beta: 0 (0)
gamma: 0 (0)
ZCW 55 angles loaded...
32 cores detected on the current machine.
use 1 core(s).
spinsys loaded... 
pulse sequence loaded...
experiment loaded...
task: PowderIntensity
Probe loaded...
Euler angle loaded...
alpha: 0 (0)
beta: 0 (0)
gamma: 0 (0)
ZCW 55 angles loaded...
32 cores detected on the current machine.
use 1 core(s).
dnpsoup  Copyright (C) 2016-2021 Chen Yang
dnpsoup  Copyright (C) 2016-2021 Chen Yang
dnpsoup  Copyright (C) 2016-2021 Chen Yang
dnpsoup  Copyright (C) 2016-2021 Chen Yang
dnpsoup  Copyright (C) 2016-2021 Chen Yang
dnpsoup  Copyright (C) 2016-2021 Chen Yang
dnpsoup  Copyright (C) 2016-2021 Chen Yang
dnpsoup  Copyright (C) 2016-2021 Chen Yang
dnpsoup  Copyright (C) 2016-2021 Chen Yang
dnpsoup  Copyright (C) 2016-2021 Chen Yang
dnpsoup  Copyright (C) 2016-2021 Chen Yang
dnpsoup  Copyright (C) 2016-2021 Chen Yang
dnpsoup  Copyright (C) 2016-2021 Chen Yang
dnpsoup  Copyright (C) 2016-2021 Chen Yang
dnpsoup  Copyright (C) 2016-2021 Chen Yang
dnpsoup  Copyright (C) 2016-2021 Chen Yang
dnpsoup  Copyright (C) 2016-2021 Chen Yang
dnpsoup  Copyright (C) 2016-2021 Chen Yang
dnpsoup  Copyright (C) 2016-2021 Chen Yang
dnpsoup  Copyright (C) 2016-2021 Chen Yang
dnpsoup  Copyright (C) 2016-2021 Chen Yang
dnpsoup  Copyright (C) 2016-2021 Chen Yang
dnpsoup  Copyright (C) 2016-2021 Chen Yang
dnpsoup  Copyright (C) 2016-2021 Chen Yang
dnpsoup  Copyright (C) 2016-2021 Chen Yang
dnpsoup  Copyright (C) 2016-2021 Chen Yang
spinsys loaded... 
pulse sequence loaded...
experiment loaded...
task: PowderIntensity
Probe loaded...
Euler angle loaded...
alpha: 0 (0)
beta: 0 (0)
gamma: 0 (0)
ZCW 55 angles loaded...
32 cores detected on the current machine.
use 1 core(s).
spinsys loaded... 
pulse sequence loaded...
experiment loaded...
task: PowderIntensity
Probe loaded...
Euler angle loaded...
alpha: 0 (0)
beta: 0 (0)
gamma: 0 (0)
ZCW 55 angles loaded...
32 cores detected on the current machine.
use 1 core(s).
spinsys loaded... 
pulse sequence loaded...
experiment loaded...
task: PowderIntensity
Probe loaded...
Euler angle loaded...
alpha: 0 (0)
beta: 0 (0)
gamma: 0 (0)
ZCW 55 angles loaded...
32 cores detected on the current machine.
use 1 core(s).
spinsys loaded... 
pulse sequence loaded...
experiment loaded...
task: PowderIntensity
Probe loaded...
Euler angle loaded...
alpha: 0 (0)
beta: 0 (0)
gamma: 0 (0)
ZCW 55 angles loaded...
32 cores detected on the current machine.
use 1 core(s).
spinsys loaded... 
pulse sequence loaded...
experiment loaded...
spinsys loaded... 
pulse sequence loaded...
experiment loaded...
task: PowderIntensity
Probe loaded...
Euler angle loaded...
task: PowderIntensity
Probe loaded...
Euler angle loaded...
alpha: 0 (0)
beta: 0 (0)
gamma: 0 (0)
ZCW 55 angles loaded...
alpha: 0 (0)
beta: 0 (0)
gamma: 0 (0)
ZCW 55 angles loaded...
32 cores detected on the current machine.
use 1 core(s).
32 cores detected on the current machine.
use 1 core(s).
spinsys loaded... 
pulse sequence loaded...
experiment loaded...
task: PowderIntensity
Probe loaded...
Euler angle loaded...
spinsys loaded... 
alpha: 0 (0)
beta: 0 (0)
gamma: 0 (0)
ZCW 55 angles loaded...
pulse sequence loaded...
experiment loaded...
32 cores detected on the current machine.
use 1 core(s).
task: PowderIntensity
Probe loaded...
Euler angle loaded...
alpha: 0 (0)
beta: 0 (0)
gamma: 0 (0)
ZCW 55 angles loaded...
32 cores detected on the current machine.
use 1 core(s).
spinsys loaded... 
pulse sequence loaded...
experiment loaded...
task: PowderIntensity
Probe loaded...
Euler angle loaded...
alpha: 0 (0)
beta: 0 (0)
gamma: 0 (0)
ZCW 55 angles loaded...
32 cores detected on the current machine.
use 1 core(s).
spinsys loaded... 
pulse sequence loaded...
experiment loaded...
spinsys loaded... 
pulse sequence loaded...
experiment loaded...
task: PowderIntensity
Probe loaded...
Euler angle loaded...
task: PowderIntensity
Probe loaded...
Euler angle loaded...
spinsys loaded... 
pulse sequence loaded...
experiment loaded...
alpha: 0 (0)
beta: 0 (0)
gamma: 0 (0)
ZCW 55 angles loaded...
alpha: 0 (0)
beta: 0 (0)
gamma: 0 (0)
ZCW 55 angles loaded...
32 cores detected on the current machine.
use 1 core(s).
32 cores detected on the current machine.
use 1 core(s).
task: PowderIntensity
Probe loaded...
Euler angle loaded...
alpha: 0 (0)
beta: 0 (0)
gamma: 0 (0)
ZCW 55 angles loaded...
32 cores detected on the current machine.
use 1 core(s).
spinsys loaded... 
pulse sequence loaded...
experiment loaded...
task: PowderIntensity
Probe loaded...
Euler angle loaded...
alpha: 0 (0)
beta: 0 (0)
gamma: 0 (0)
ZCW 55 angles loaded...
32 cores detected on the current machine.
use 1 core(s).
spinsys loaded... 
spinsys loaded... 
pulse sequence loaded...
pulse sequence loaded...
experiment loaded...
experiment loaded...
spinsys loaded... 
pulse sequence loaded...
experiment loaded...
task: PowderIntensity
task: PowderIntensity
Probe loaded...
Euler angle loaded...
Probe loaded...
Euler angle loaded...
alpha: 0 (0)
beta: 0 (0)
gamma: 0 (0)
ZCW 55 angles loaded...
task: PowderIntensity
Probe loaded...
alpha: 0 (0)
beta: 0 (0)
gamma: 0 (0)
ZCW 55 angles loaded...
32 cores detected on the current machine.
use 1 core(s).
Euler angle loaded...
32 cores detected on the current machine.
use 1 core(s).
alpha: 0 (0)
beta: 0 (0)
gamma: 0 (0)
ZCW 55 angles loaded...
32 cores detected on the current machine.
use 1 core(s).
spinsys loaded... 
pulse sequence loaded...
experiment loaded...
task: PowderIntensity
Probe loaded...
Euler angle loaded...
spinsys loaded... 
pulse sequence loaded...
experiment loaded...
alpha: 0 (0)
beta: 0 (0)
gamma: 0 (0)
ZCW 55 angles loaded...
32 cores detected on the current machine.
use 1 core(s).
spinsys loaded... 
dnpsoup  Copyright (C) 2016-2021 Chen Yang
pulse sequence loaded...
experiment loaded...
dnpsoup  Copyright (C) 2016-2021 Chen Yang
task: PowderIntensity
Probe loaded...
Euler angle loaded...
dnpsoup  Copyright (C) 2016-2021 Chen Yang
alpha: 0 (0)
beta: 0 (0)
gamma: 0 (0)
ZCW 55 angles loaded...
dnpsoup  Copyright (C) 2016-2021 Chen Yang
32 cores detected on the current machine.
use 1 core(s).
dnpsoup  Copyright (C) 2016-2021 Chen Yang
task: PowderIntensity
Probe loaded...
dnpsoup  Copyright (C) 2016-2021 Chen Yang
Euler angle loaded...
dnpsoup  Copyright (C) 2016-2021 Chen Yang
alpha: 0 (0)
beta: 0 (0)
gamma: 0 (0)
ZCW 55 angles loaded...
dnpsoup  Copyright (C) 2016-2021 Chen Yang
spinsys loaded... 
pulse sequence loaded...
experiment loaded...
dnpsoup  Copyright (C) 2016-2021 Chen Yang
32 cores detected on the current machine.
use 1 core(s).
dnpsoup  Copyright (C) 2016-2021 Chen Yang
spinsys loaded... 
dnpsoup  Copyright (C) 2016-2021 Chen Yang
pulse sequence loaded...
experiment loaded...
dnpsoup  Copyright (C) 2016-2021 Chen Yang
task: PowderIntensity
Probe loaded...
dnpsoup  Copyright (C) 2016-2021 Chen Yang
Euler angle loaded...
dnpsoup  Copyright (C) 2016-2021 Chen Yang
alpha: 0 (0)
beta: 0 (0)
gamma: 0 (0)
ZCW 55 angles loaded...
dnpsoup  Copyright (C) 2016-2021 Chen Yang
task: PowderIntensity
dnpsoup  Copyright (C) 2016-2021 Chen Yang
32 cores detected on the current machine.
use 1 core(s).
dnpsoup  Copyright (C) 2016-2021 Chen Yang
Probe loaded...
Euler angle loaded...
dnpsoup  Copyright (C) 2016-2021 Chen Yang
alpha: 0 (0)
beta: 0 (0)
gamma: 0 (0)
ZCW 55 angles loaded...
dnpsoup  Copyright (C) 2016-2021 Chen Yang
32 cores detected on the current machine.
use 1 core(s).
dnpsoup  Copyright (C) 2016-2021 Chen Yang
dnpsoup  Copyright (C) 2016-2021 Chen Yang
dnpsoup  Copyright (C) 2016-2021 Chen Yang
dnpsoup  Copyright (C) 2016-2021 Chen Yang
dnpsoup  Copyright (C) 2016-2021 Chen Yang
dnpsoup  Copyright (C) 2016-2021 Chen Yang
dnpsoup  Copyright (C) 2016-2021 Chen Yang
dnpsoup  Copyright (C) 2016-2021 Chen Yang
dnpsoup  Copyright (C) 2016-2021 Chen Yang
dnpsoup  Copyright (C) 2016-2021 Chen Yang
spinsys loaded... 
pulse sequence loaded...
experiment loaded...
task: PowderIntensity
Probe loaded...
Euler angle loaded...
alpha: 0 (0)
beta: 0 (0)
gamma: 0 (0)
ZCW 55 angles loaded...
32 cores detected on the current machine.
use 1 core(s).
spinsys loaded... 
pulse sequence loaded...
experiment loaded...
task: PowderIntensity
Probe loaded...
Euler angle loaded...
alpha: 0 (0)
beta: 0 (0)
gamma: 0 (0)
ZCW 55 angles loaded...
32 cores detected on the current machine.
use 1 core(s).
dnpsoup  Copyright (C) 2016-2021 Chen Yang
spinsys loaded... 
pulse sequence loaded...
experiment loaded...
dnpsoup  Copyright (C) 2016-2021 Chen Yang
task: PowderIntensity
Probe loaded...
Euler angle loaded...
alpha: 0 (0)
beta: 0 (0)
gamma: 0 (0)
ZCW 55 angles loaded...
32 cores detected on the current machine.
use 1 core(s).
spinsys loaded... 
pulse sequence loaded...
experiment loaded...
spinsys loaded... 
pulse sequence loaded...
experiment loaded...
task: PowderIntensity
Probe loaded...
Euler angle loaded...
alpha: 0 (0)
beta: 0 (0)
gamma: 0 (0)
ZCW 55 angles loaded...
32 cores detected on the current machine.
use 1 core(s).
spinsys loaded... 
pulse sequence loaded...
experiment loaded...
task: PowderIntensity
Probe loaded...
Euler angle loaded...
alpha: 0 (0)
beta: 0 (0)
gamma: 0 (0)
ZCW 55 angles loaded...
32 cores detected on the current machine.
use 1 core(s).
task: PowderIntensity
Probe loaded...
Euler angle loaded...
alpha: 0 (0)
beta: 0 (0)
gamma: 0 (0)
ZCW 55 angles loaded...
32 cores detected on the current machine.
use 1 core(s).
spinsys loaded... 
pulse sequence loaded...
experiment loaded...
spinsys loaded... 
pulse sequence loaded...
experiment loaded...
task: PowderIntensity
Probe loaded...
Euler angle loaded...
alpha: 0 (0)
beta: 0 (0)
gamma: 0 (0)
ZCW 55 angles loaded...
spinsys loaded... 
pulse sequence loaded...
experiment loaded...
spinsys loaded... 
pulse sequence loaded...
experiment loaded...
task: PowderIntensity
task: PowderIntensity
Probe loaded...
Probe loaded...
Euler angle loaded...
Euler angle loaded...
alpha: 0 (0)
beta: 0 (0)
gamma: 0 (0)
ZCW 55 angles loaded...
alpha: 0 (0)
beta: 0 (0)
gamma: 0 (0)
ZCW 55 angles loaded...
32 cores detected on the current machine.
use 1 core(s).
32 cores detected on the current machine.
use 1 core(s).
spinsys loaded... 
pulse sequence loaded...
experiment loaded...
task: PowderIntensity
Probe loaded...
Euler angle loaded...
alpha: 0 (0)
beta: 0 (0)
gamma: 0 (0)
ZCW 55 angles loaded...
32 cores detected on the current machine.
use 1 core(s).
32 cores detected on the current machine.
use 1 core(s).
task: PowderIntensity
Probe loaded...
Euler angle loaded...
alpha: 0 (0)
beta: 0 (0)
gamma: 0 (0)
ZCW 55 angles loaded...
32 cores detected on the current machine.
use 1 core(s).
spinsys loaded... 
pulse sequence loaded...
experiment loaded...
spinsys loaded... 
pulse sequence loaded...
experiment loaded...
task: PowderIntensity
Probe loaded...
Euler angle loaded...
alpha: 0 (0)
beta: 0 (0)
gamma: 0 (0)
ZCW 55 angles loaded...
32 cores detected on the current machine.
use 1 core(s).
task: PowderIntensity
Probe loaded...
Euler angle loaded...
alpha: 0 (0)
beta: 0 (0)
gamma: 0 (0)
ZCW 55 angles loaded...
32 cores detected on the current machine.
use 1 core(s).
spinsys loaded... 
pulse sequence loaded...
experiment loaded...
spinsys loaded... 
pulse sequence loaded...
experiment loaded...
spinsys loaded... 
pulse sequence loaded...
experiment loaded...
task: PowderIntensity
Probe loaded...
Euler angle loaded...
alpha: 0 (0)
beta: 0 (0)
gamma: 0 (0)
ZCW 55 angles loaded...
32 cores detected on the current machine.
use 1 core(s).
task: PowderIntensity
Probe loaded...
Euler angle loaded...
spinsys loaded... 
pulse sequence loaded...
experiment loaded...
alpha: 0 (0)
beta: 0 (0)
gamma: 0 (0)
ZCW 55 angles loaded...
32 cores detected on the current machine.
use 1 core(s).
task: PowderIntensity
Probe loaded...
Euler angle loaded...
alpha: 0 (0)
beta: 0 (0)
gamma: 0 (0)
ZCW 55 angles loaded...
32 cores detected on the current machine.
use 1 core(s).
spinsys loaded... 
pulse sequence loaded...
experiment loaded...
task: PowderIntensity
Probe loaded...
Euler angle loaded...
alpha: 0 (0)
beta: 0 (0)
gamma: 0 (0)
ZCW 55 angles loaded...
32 cores detected on the current machine.
use 1 core(s).
task: PowderIntensity
Probe loaded...
Euler angle loaded...
alpha: 0 (0)
beta: 0 (0)
gamma: 0 (0)
ZCW 55 angles loaded...
32 cores detected on the current machine.
use 1 core(s).
spinsys loaded... 
pulse sequence loaded...
experiment loaded...
task: PowderIntensity
Probe loaded...
Euler angle loaded...
alpha: 0 (0)
beta: 0 (0)
gamma: 0 (0)
ZCW 55 angles loaded...
32 cores detected on the current machine.
use 1 core(s).
spinsys loaded... 
pulse sequence loaded...
experiment loaded...
spinsys loaded... 
pulse sequence loaded...
experiment loaded...
task: PowderIntensity
Probe loaded...
Euler angle loaded...
alpha: 0 (0)
beta: 0 (0)
gamma: 0 (0)
ZCW 55 angles loaded...
32 cores detected on the current machine.
use 1 core(s).
task: PowderIntensity
Probe loaded...
Euler angle loaded...
alpha: 0 (0)
beta: 0 (0)
gamma: 0 (0)
ZCW 55 angles loaded...
dnpsoup  Copyright (C) 2016-2021 Chen Yang
dnpsoup  Copyright (C) 2016-2021 Chen Yang
dnpsoup  Copyright (C) 2016-2021 Chen Yang
dnpsoup  Copyright (C) 2016-2021 Chen Yang
dnpsoup  Copyright (C) 2016-2021 Chen Yang
dnpsoup  Copyright (C) 2016-2021 Chen Yang
dnpsoup  Copyright (C) 2016-2021 Chen Yang
dnpsoup  Copyright (C) 2016-2021 Chen Yang
dnpsoup  Copyright (C) 2016-2021 Chen Yang
dnpsoup  Copyright (C) 2016-2021 Chen Yang
dnpsoup  Copyright (C) 2016-2021 Chen Yang
dnpsoup  Copyright (C) 2016-2021 Chen Yang
dnpsoup  Copyright (C) 2016-2021 Chen Yang
dnpsoup  Copyright (C) 2016-2021 Chen Yang
dnpsoup  Copyright (C) 2016-2021 Chen Yang
dnpsoup  Copyright (C) 2016-2021 Chen Yang
dnpsoup  Copyright (C) 2016-2021 Chen Yang
dnpsoup  Copyright (C) 2016-2021 Chen Yang
dnpsoup  Copyright (C) 2016-2021 Chen Yang
dnpsoup  Copyright (C) 2016-2021 Chen Yang
dnpsoup  Copyright (C) 2016-2021 Chen Yang
dnpsoup  Copyright (C) 2016-2021 Chen Yang
dnpsoup  Copyright (C) 2016-2021 Chen Yang
dnpsoup  Copyright (C) 2016-2021 Chen Yang
dnpsoup  Copyright (C) 2016-2021 Chen Yang
dnpsoup  Copyright (C) 2016-2021 Chen Yang
dnpsoup  Copyright (C) 2016-2021 Chen Yang
dnpsoup  Copyright (C) 2016-2021 Chen Yang
dnpsoup  Copyright (C) 2016-2021 Chen Yang
dnpsoup  Copyright (C) 2016-2021 Chen Yang
dnpsoup  Copyright (C) 2016-2021 Chen Yang
spinsys loaded... 
pulse sequence loaded...
experiment loaded...
spinsys loaded... 
pulse sequence loaded...
experiment loaded...
spinsys loaded... 
task: PowderIntensity
Probe loaded...
pulse sequence loaded...
experiment loaded...
Euler angle loaded...
alpha: 0 (0)
beta: 0 (0)
gamma: 0 (0)
ZCW 55 angles loaded...
task: PowderIntensity
32 cores detected on the current machine.
use 1 core(s).
Probe loaded...
Euler angle loaded...
alpha: 0 (0)
beta: 0 (0)
gamma: 0 (0)
ZCW 55 angles loaded...
32 cores detected on the current machine.
use 1 core(s).
spinsys loaded... 
pulse sequence loaded...
experiment loaded...
task: PowderIntensity
Probe loaded...
Euler angle loaded...
alpha: 0 (0)
beta: 0 (0)
gamma: 0 (0)
ZCW 55 angles loaded...
dnpsoup  Copyright (C) 2016-2021 Chen Yang
32 cores detected on the current machine.
use 1 core(s).
spinsys loaded... 
pulse sequence loaded...
experiment loaded...
spinsys loaded... 
pulse sequence loaded...
experiment loaded...
task: PowderIntensity
Probe loaded...
Euler angle loaded...
alpha: 0 (0)
beta: 0 (0)
gamma: 0 (0)
ZCW 55 angles loaded...
32 cores detected on the current machine.
use 1 core(s).
spinsys loaded... 
pulse sequence loaded...
experiment loaded...
task: PowderIntensity
Probe loaded...
Euler angle loaded...
task: PowderIntensity
Probe loaded...
Euler angle loaded...
alpha: 0 (0)
beta: 0 (0)
gamma: 0 (0)
ZCW 55 angles loaded...
32 cores detected on the current machine.
use 1 core(s).
alpha: 0 (0)
beta: 0 (0)
gamma: 0 (0)
ZCW 55 angles loaded...
32 cores detected on the current machine.
use 1 core(s).
task: PowderIntensity
Probe loaded...
Euler angle loaded...
alpha: 0 (0)
beta: 0 (0)
gamma: 0 (0)
ZCW 55 angles loaded...
32 cores detected on the current machine.
use 1 core(s).
spinsys loaded... 
pulse sequence loaded...
experiment loaded...
task: PowderIntensity
Probe loaded...
Euler angle loaded...
alpha: 0 (0)
beta: 0 (0)
gamma: 0 (0)
ZCW 55 angles loaded...
32 cores detected on the current machine.
use 1 core(s).
spinsys loaded... 
pulse sequence loaded...
experiment loaded...
spinsys loaded... 
pulse sequence loaded...
experiment loaded...
task: PowderIntensity
Probe loaded...
Euler angle loaded...
alpha: 0 (0)
beta: 0 (0)
gamma: 0 (0)
ZCW 55 angles loaded...
32 cores detected on the current machine.
use 1 core(s).
task: PowderIntensity
Probe loaded...
Euler angle loaded...
spinsys loaded... 
pulse sequence loaded...
experiment loaded...
alpha: 0 (0)
beta: 0 (0)
gamma: 0 (0)
ZCW 55 angles loaded...
32 cores detected on the current machine.
use 1 core(s).
spinsys loaded... 
pulse sequence loaded...
experiment loaded...
task: PowderIntensity
Probe loaded...
Euler angle loaded...
alpha: 0 (0)
beta: 0 (0)
gamma: 0 (0)
ZCW 55 angles loaded...
32 cores detected on the current machine.
use 1 core(s).
task: PowderIntensity
Probe loaded...
Euler angle loaded...
alpha: 0 (0)
beta: 0 (0)
gamma: 0 (0)
ZCW 55 angles loaded...
32 cores detected on the current machine.
use 1 core(s).
spinsys loaded... 
pulse sequence loaded...
experiment loaded...
spinsys loaded... 
pulse sequence loaded...
experiment loaded...
task: PowderIntensity
Probe loaded...
Euler angle loaded...
alpha: 0 (0)
beta: 0 (0)
gamma: 0 (0)
ZCW 55 angles loaded...
32 cores detected on the current machine.
use 1 core(s).
task: PowderIntensity
Probe loaded...
Euler angle loaded...
spinsys loaded... 
pulse sequence loaded...
experiment loaded...
alpha: 0 (0)
beta: 0 (0)
gamma: 0 (0)
ZCW 55 angles loaded...
32 cores detected on the current machine.
use 1 core(s).
spinsys loaded... 
pulse sequence loaded...
experiment loaded...
task: PowderIntensity
Probe loaded...
Euler angle loaded...
alpha: 0 (0)
beta: 0 (0)
gamma: 0 (0)
ZCW 55 angles loaded...
32 cores detected on the current machine.
use 1 core(s).
task: PowderIntensity
Probe loaded...
Euler angle loaded...
alpha: 0 (0)
beta: 0 (0)
gamma: 0 (0)
ZCW 55 angles loaded...
32 cores detected on the current machine.
use 1 core(s).
spinsys loaded... 
pulse sequence loaded...
experiment loaded...
task: PowderIntensity
Probe loaded...
Euler angle loaded...
alpha: 0 (0)
beta: 0 (0)
gamma: 0 (0)
ZCW 55 angles loaded...
32 cores detected on the current machine.
use 1 core(s).
spinsys loaded... 
pulse sequence loaded...
experiment loaded...
task: PowderIntensity
Probe loaded...
Euler angle loaded...
alpha: 0 (0)
beta: 0 (0)
gamma: 0 (0)
ZCW 55 angles loaded...
32 cores detected on the current machine.
use 1 core(s).
spinsys loaded... 
pulse sequence loaded...
experiment loaded...
spinsys loaded... 
pulse sequence loaded...
experiment loaded...
task: PowderIntensity
Probe loaded...
Euler angle loaded...
alpha: 0 (0)
beta: 0 (0)
gamma: 0 (0)
ZCW 55 angles loaded...
32 cores detected on the current machine.
use 1 core(s).
spinsys loaded... 
pulse sequence loaded...
experiment loaded...
task: PowderIntensity
Probe loaded...
Euler angle loaded...
alpha: 0 (0)
beta: 0 (0)
gamma: 0 (0)
ZCW 55 angles loaded...
32 cores detected on the current machine.
use 1 core(s).
spinsys loaded... 
pulse sequence loaded...
experiment loaded...
task: PowderIntensity
Probe loaded...
Euler angle loaded...
alpha: 0 (0)
beta: 0 (0)
gamma: 0 (0)
ZCW 55 angles loaded...
32 cores detected on the current machine.
use 1 core(s).
32 cores detected on the current machine.
use 1 core(s).
spinsys loaded... 
pulse sequence loaded...
experiment loaded...
spinsys loaded... 
pulse sequence loaded...
experiment loaded...
task: PowderIntensity
Probe loaded...
Euler angle loaded...
alpha: 0 (0)
beta: 0 (0)
gamma: 0 (0)
ZCW 55 angles loaded...
32 cores detected on the current machine.
use 1 core(s).
task: PowderIntensity
Probe loaded...
Euler angle loaded...
alpha: 0 (0)
beta: 0 (0)
gamma: 0 (0)
ZCW 55 angles loaded...
32 cores detected on the current machine.
use 1 core(s).
spinsys loaded... 
pulse sequence loaded...
experiment loaded...
task: PowderIntensity
Probe loaded...
Euler angle loaded...
alpha: 0 (0)
beta: 0 (0)
gamma: 0 (0)
ZCW 55 angles loaded...
32 cores detected on the current machine.
use 1 core(s).
spinsys loaded... 
pulse sequence loaded...
experiment loaded...
task: PowderIntensity
Probe loaded...
Euler angle loaded...
alpha: 0 (0)
beta: 0 (0)
gamma: 0 (0)
ZCW 55 angles loaded...
32 cores detected on the current machine.
use 1 core(s).
spinsys loaded... 
pulse sequence loaded...
experiment loaded...
spinsys loaded... 
pulse sequence loaded...
experiment loaded...
spinsys loaded... 
pulse sequence loaded...
experiment loaded...
task: PowderIntensity
Probe loaded...
Euler angle loaded...
task: PowderIntensity
Probe loaded...
alpha: 0 (0)
beta: 0 (0)
gamma: 0 (0)
ZCW 55 angles loaded...
task: PowderIntensity
Probe loaded...
Euler angle loaded...
Euler angle loaded...
32 cores detected on the current machine.
use 1 core(s).
alpha: 0 (0)
beta: 0 (0)
gamma: 0 (0)
ZCW 55 angles loaded...
alpha: 0 (0)
beta: 0 (0)
gamma: 0 (0)
ZCW 55 angles loaded...
32 cores detected on the current machine.
use 1 core(s).
32 cores detected on the current machine.
use 1 core(s).
spinsys loaded... 
pulse sequence loaded...
experiment loaded...
spinsys loaded... 
pulse sequence loaded...
experiment loaded...
spinsys loaded... 
pulse sequence loaded...
experiment loaded...
task: PowderIntensity
Probe loaded...
task: PowderIntensity
Probe loaded...
Euler angle loaded...
Euler angle loaded...
alpha: 0 (0)
beta: 0 (0)
gamma: 0 (0)
ZCW 55 angles loaded...
alpha: 0 (0)
beta: 0 (0)
gamma: 0 (0)
ZCW 55 angles loaded...
32 cores detected on the current machine.
use 1 core(s).
32 cores detected on the current machine.
use 1 core(s).
task: PowderIntensity
Probe loaded...
Euler angle loaded...
alpha: 0 (0)
beta: 0 (0)
gamma: 0 (0)
ZCW 55 angles loaded...
32 cores detected on the current machine.
use 1 core(s).
task: PowderIntensity
Probe loaded...
Euler angle loaded...
alpha: 0 (0)
beta: 0 (0)
gamma: 0 (0)
ZCW 55 angles loaded...
32 cores detected on the current machine.
use 1 core(s).
spinsys loaded... 
pulse sequence loaded...
experiment loaded...
task: PowderIntensity
Probe loaded...
Euler angle loaded...
alpha: 0 (0)
beta: 0 (0)
gamma: 0 (0)
ZCW 55 angles loaded...
32 cores detected on the current machine.
use 1 core(s).
spinsys loaded... 
pulse sequence loaded...
experiment loaded...
spinsys loaded... 
pulse sequence loaded...
experiment loaded...
task: PowderIntensity
task: PowderIntensity
Probe loaded...
Euler angle loaded...
Probe loaded...
Euler angle loaded...
alpha: 0 (0)
beta: 0 (0)
gamma: 0 (0)
ZCW 55 angles loaded...
alpha: 0 (0)
beta: 0 (0)
gamma: 0 (0)
ZCW 55 angles loaded...
32 cores detected on the current machine.
use 1 core(s).
32 cores detected on the current machine.
use 1 core(s).
spinsys loaded... 
pulse sequence loaded...
experiment loaded...
task: PowderIntensity
Probe loaded...
Euler angle loaded...
alpha: 0 (0)
beta: 0 (0)
gamma: 0 (0)
ZCW 55 angles loaded...
32 cores detected on the current machine.
use 1 core(s).
spinsys loaded... 
pulse sequence loaded...
experiment loaded...
spinsys loaded... 
pulse sequence loaded...
experiment loaded...
spinsys loaded... 
pulse sequence loaded...
experiment loaded...
spinsys loaded... 
pulse sequence loaded...
experiment loaded...
task: PowderIntensity
Probe loaded...
Euler angle loaded...
spinsys loaded... 
pulse sequence loaded...
experiment loaded...
alpha: 0 (0)
beta: 0 (0)
gamma: 0 (0)
ZCW 55 angles loaded...
32 cores detected on the current machine.
use 1 core(s).
task: PowderIntensity
Probe loaded...
Euler angle loaded...
alpha: 0 (0)
beta: 0 (0)
gamma: 0 (0)
ZCW 55 angles loaded...
32 cores detected on the current machine.
use 1 core(s).
spinsys loaded... 
pulse sequence loaded...
experiment loaded...
task: PowderIntensity
Probe loaded...
Euler angle loaded...
alpha: 0 (0)
beta: 0 (0)
gamma: 0 (0)
ZCW 55 angles loaded...
32 cores detected on the current machine.
use 1 core(s).
task: PowderIntensity
Probe loaded...
Euler angle loaded...
alpha: 0 (0)
beta: 0 (0)
gamma: 0 (0)
ZCW 55 angles loaded...
32 cores detected on the current machine.
use 1 core(s).
task: PowderIntensity
Probe loaded...
Euler angle loaded...
alpha: 0 (0)
beta: 0 (0)
gamma: 0 (0)
ZCW 55 angles loaded...
32 cores detected on the current machine.
use 1 core(s).
task: PowderIntensity
Probe loaded...
Euler angle loaded...
spinsys loaded... 
pulse sequence loaded...
experiment loaded...
alpha: 0 (0)
beta: 0 (0)
gamma: 0 (0)
ZCW 55 angles loaded...
32 cores detected on the current machine.
use 1 core(s).
spinsys loaded... 
pulse sequence loaded...
experiment loaded...
task: PowderIntensity
Probe loaded...
Euler angle loaded...
task: PowderIntensity
Probe loaded...
Euler angle loaded...
alpha: 0 (0)
beta: 0 (0)
gamma: 0 (0)
ZCW 55 angles loaded...
alpha: 0 (0)
beta: 0 (0)
gamma: 0 (0)
ZCW 55 angles loaded...
32 cores detected on the current machine.
use 1 core(s).
32 cores detected on the current machine.
use 1 core(s).
spinsys loaded... 
pulse sequence loaded...
experiment loaded...
spinsys loaded... 
pulse sequence loaded...
experiment loaded...
spinsys loaded... 
pulse sequence loaded...
experiment loaded...
task: PowderIntensity
Probe loaded...
task: PowderIntensity
Probe loaded...
Euler angle loaded...
Euler angle loaded...
alpha: 0 (0)
beta: 0 (0)
gamma: 0 (0)
ZCW 55 angles loaded...
alpha: 0 (0)
beta: 0 (0)
gamma: 0 (0)
ZCW 55 angles loaded...
32 cores detected on the current machine.
use 1 core(s).
32 cores detected on the current machine.
use 1 core(s).
spinsys loaded... 
pulse sequence loaded...
experiment loaded...
task: PowderIntensity
Probe loaded...
Euler angle loaded...
alpha: 0 (0)
beta: 0 (0)
gamma: 0 (0)
ZCW 55 angles loaded...
32 cores detected on the current machine.
use 1 core(s).
task: PowderIntensity
Probe loaded...
Euler angle loaded...
alpha: 0 (0)
beta: 0 (0)
gamma: 0 (0)
ZCW 55 angles loaded...
32 cores detected on the current machine.
use 1 core(s).
spinsys loaded... 
pulse sequence loaded...
experiment loaded...
task: PowderIntensity
Probe loaded...
Euler angle loaded...
alpha: 0 (0)
beta: 0 (0)
gamma: 0 (0)
ZCW 55 angles loaded...
32 cores detected on the current machine.
use 1 core(s).
Total time: 61.465 seconds.
Total time: 61.503 seconds.
Total time: 61.803 seconds.
Total time: 61.805 seconds.
Total time: 62.255 seconds.
Total time: 62.348 seconds.
Total time: 62.657 seconds.
Total time: 62.781 seconds.
Total time: 62.940 seconds.
Total time: 63.51 seconds.
Total time: 63.212 seconds.
Total time: 63.312 seconds.
Total time: 66.694 seconds.
Total time: 66.768 seconds.
Total time: 67.62 seconds.
Total time: 67.76 seconds.
Total time: 67.90 seconds.
Total time: 67.127 seconds.
Total time: 67.130 seconds.
Total time: 67.559 seconds.
Total time: 67.565 seconds.
Total time: 67.571 seconds.
Total time: 67.963 seconds.
Total time: 68.943 seconds.
Total time: 69.303 seconds.
Total time: 69.329 seconds.
Total time: 69.335 seconds.
Total time: 69.403 seconds.
Total time: 69.497 seconds.
Total time: 69.536 seconds.
Total time: 69.541 seconds.
Total time: 69.778 seconds.
Total time: 69.947 seconds.
Total time: 70.76 seconds.
Total time: 70.176 seconds.
Total time: 70.204 seconds.
Total time: 72.57 seconds.
Total time: 72.113 seconds.
Total time: 72.109 seconds.
Total time: 72.203 seconds.
Total time: 72.229 seconds.
Total time: 72.252 seconds.
Total time: 72.258 seconds.
Total time: 72.270 seconds.
Total time: 72.279 seconds.
Total time: 72.341 seconds.
Total time: 72.485 seconds.
Total time: 72.519 seconds.
Total time: 72.557 seconds.
Total time: 72.591 seconds.
Total time: 72.599 seconds.
Total time: 72.654 seconds.
Total time: 72.666 seconds.
Total time: 72.753 seconds.
Total time: 72.798 seconds.
Total time: 72.802 seconds.
Total time: 72.815 seconds.
Total time: 72.876 seconds.
Total time: 72.954 seconds.
Total time: 72.970 seconds.
Total time: 72.998 seconds.
Total time: 73.1 seconds.
Total time: 73.12 seconds.
Total time: 73.47 seconds.
Total time: 73.59 seconds.
Total time: 73.93 seconds.
Total time: 73.132 seconds.
Total time: 73.130 seconds.
Total time: 73.141 seconds.
Total time: 73.163 seconds.
Total time: 73.214 seconds.
Total time: 73.339 seconds.
Total time: 73.435 seconds.
Total time: 73.493 seconds.
Total time: 73.520 seconds.
Total time: 73.560 seconds.
Total time: 73.645 seconds.
Total time: 73.745 seconds.
Total time: 73.838 seconds.
Total time: 73.826 seconds.
Total time: 73.852 seconds.
Total time: 73.857 seconds.
Total time: 73.871 seconds.
Total time: 73.899 seconds.
Total time: 73.894 seconds.
Total time: 73.922 seconds.
Total time: 73.970 seconds.
Total time: 73.968 seconds.
Total time: 74.94 seconds.
Total time: 74.118 seconds.
Total time: 74.152 seconds.
Total time: 74.168 seconds.
Total time: 74.175 seconds.
Total time: 74.228 seconds.
Total time: 74.545 seconds.
Total time: 74.617 seconds.
Total time: 74.703 seconds.
Total time: 74.860 seconds.
Total time: 75.129 seconds.
Total time: 75.244 seconds.
Total time: 80.380 seconds.
Total time: 80.485 seconds.
