# Cross Effect
results/v2/CW_CrossEffect/TOTAPOL_400MHz_fp_hemi89.result 
3627.826 seconds

# NOVEL
e_g_BDPA_300us_5us_H_3s_200us_NOVEL_xband_field_fp.json
4.41 seconds

eH_NOVEL_xband_loop6k_fp.result
33.78 seconds

eH_NOVEL_xband_loop7k_fp.result
31.702 seconds

eH_NOVEL_xband_loop100k_fp.result
38.51 seconds

# TOP-DNP
eHH_TOPDNP_xband_4MHz_em_fp.json
2090.607 seconds

eHH_pSE_xband_4MHz_loop500_zcw34_em_fp.result
2674.502 seconds

eH_TOPDNP_xband_4MHz_loop512_oct34_em_fp.json
207.752 seconds

eH_TOPDNP_xband_4MHz_loop512_oct55_em_fp.json
355.561 seconds
after change
74.145 seconds

eH_TOPDNP_xband_4MHz_loop512_oct144_em_fp.json
995.447 seconds

eH_TOPDNP_xband_4MHz_loop512_oct377_em_fp.json
2270.862 seconds

eH_TOPDNP_xband_4MHz_loop2000_oct55_em_fp.json
1290.536 seconds

eH_TOPDNP_xband_4MHz_loop4000_oct55_em_fp.json
//2556.376 seconds
10.916 seconds

eH_TOPDNP_xband_4MHz_loop4000_oct233_em_fp.json
45.242 seconds

eH_TOPDNP_800MHz_50MHz_train100_loop10_oct34_em_fp.result
359.11 seconds

eH_TOPDNP_800MHz_50MHz_train8192_loop262145_oct377_em_fp.result
349.499 seconds

eH_TOPDNP_800MHz_50MHz_train8192_loop262145_oct610_em_fp.result
540.260 seconds

eHH_TOPDNP_800MHz_50MHz_train8192_loop262145_hemi89_em_fp.result
2019.194 seconds

eHH oct233 trityl em fp
21212.0 seconds

# ISE SSE
eH_gtensor_trityl_a0b40g0_wband_loop4k_chirp_300MHz_oct89_em_fp_step0p01.result
10920.653 seconds

eH_gtensor_trityl_a0b40g0_wband_loop4k_chrip_neg300MHz_oct89_em_fp_step0p01.result
10510.470 seconds

