dnpsoup  Copyright (C) 2016-2021 Chen Yang
dnpsoup  Copyright (C) 2016-2021 Chen Yang
dnpsoup  Copyright (C) 2016-2021 Chen Yang
dnpsoup  Copyright (C) 2016-2021 Chen Yang
dnpsoup  Copyright (C) 2016-2021 Chen Yang
dnpsoup  Copyright (C) 2016-2021 Chen Yang
dnpsoup  Copyright (C) 2016-2021 Chen Yang
dnpsoup  Copyright (C) 2016-2021 Chen Yang
dnpsoup  Copyright (C) 2016-2021 Chen Yang
dnpsoup  Copyright (C) 2016-2021 Chen Yang
dnpsoup  Copyright (C) 2016-2021 Chen Yang
dnpsoup  Copyright (C) 2016-2021 Chen Yang
dnpsoup  Copyright (C) 2016-2021 Chen Yang
dnpsoup  Copyright (C) 2016-2021 Chen Yang
dnpsoup  Copyright (C) 2016-2021 Chen Yang
dnpsoup  Copyright (C) 2016-2021 Chen Yang
dnpsoup  Copyright (C) 2016-2021 Chen Yang
dnpsoup  Copyright (C) 2016-2021 Chen Yang
dnpsoup  Copyright (C) 2016-2021 Chen Yang
dnpsoup  Copyright (C) 2016-2021 Chen Yang
dnpsoup  Copyright (C) 2016-2021 Chen Yang
dnpsoup  Copyright (C) 2016-2021 Chen Yang
dnpsoup  Copyright (C) 2016-2021 Chen Yang
dnpsoup  Copyright (C) 2016-2021 Chen Yang
dnpsoup  Copyright (C) 2016-2021 Chen Yang
dnpsoup  Copyright (C) 2016-2021 Chen Yang
dnpsoup  Copyright (C) 2016-2021 Chen Yang
dnpsoup  Copyright (C) 2016-2021 Chen Yang
dnpsoup  Copyright (C) 2016-2021 Chen Yang
dnpsoup  Copyright (C) 2016-2021 Chen Yang
dnpsoup  Copyright (C) 2016-2021 Chen Yang
dnpsoup  Copyright (C) 2016-2021 Chen Yang
dnpsoup  Copyright (C) 2016-2021 Chen Yang
dnpsoup  Copyright (C) 2016-2021 Chen Yang
dnpsoup  Copyright (C) 2016-2021 Chen Yang
dnpsoup  Copyright (C) 2016-2021 Chen Yang
dnpsoup  Copyright (C) 2016-2021 Chen Yang
dnpsoup  Copyright (C) 2016-2021 Chen Yang
dnpsoup  Copyright (C) 2016-2021 Chen Yang
dnpsoup  Copyright (C) 2016-2021 Chen Yang
dnpsoup  Copyright (C) 2016-2021 Chen Yang
dnpsoup  Copyright (C) 2016-2021 Chen Yang
dnpsoup  Copyright (C) 2016-2021 Chen Yang
dnpsoup  Copyright (C) 2016-2021 Chen Yang
dnpsoup  Copyright (C) 2016-2021 Chen Yang
dnpsoup  Copyright (C) 2016-2021 Chen Yang
dnpsoup  Copyright (C) 2016-2021 Chen Yang
dnpsoup  Copyright (C) 2016-2021 Chen Yang
dnpsoup  Copyright (C) 2016-2021 Chen Yang
dnpsoup  Copyright (C) 2016-2021 Chen Yang
dnpsoup  Copyright (C) 2016-2021 Chen Yang
dnpsoup  Copyright (C) 2016-2021 Chen Yang
dnpsoup  Copyright (C) 2016-2021 Chen Yang
dnpsoup  Copyright (C) 2016-2021 Chen Yang
dnpsoup  Copyright (C) 2016-2021 Chen Yang
dnpsoup  Copyright (C) 2016-2021 Chen Yang
dnpsoup  Copyright (C) 2016-2021 Chen Yang
dnpsoup  Copyright (C) 2016-2021 Chen Yang
dnpsoup  Copyright (C) 2016-2021 Chen Yang
dnpsoup  Copyright (C) 2016-2021 Chen Yang
dnpsoup  Copyright (C) 2016-2021 Chen Yang
dnpsoup  Copyright (C) 2016-2021 Chen Yang
dnpsoup  Copyright (C) 2016-2021 Chen Yang
create directory: "/home/cyang019/workspace/NOVEL/tasks/qband_p74_flip1_mix20k_d200k_loop200_fp_inc0p1/qband_p74_flip1_mix20k_d200k_loop200_fp_inc0p1_results/"
create directory: "/home/cyang019/workspace/NOVEL/tasks/qband_p74_flip1_mix20k_d200k_loop200_fp_inc0p1/qband_p74_flip1_mix20k_d200k_loop200_fp_inc0p1_results/"
create directory: "/home/cyang019/workspace/NOVEL/tasks/qband_p74_flip1_mix20k_d200k_loop200_fp_inc0p1/qband_p74_flip1_mix20k_d200k_loop200_fp_inc0p1_results/"
create directory: "/home/cyang019/workspace/NOVEL/tasks/qband_p74_flip1_mix20k_d200k_loop200_fp_inc0p1/qband_p74_flip1_mix20k_d200k_loop200_fp_inc0p1_results/"
create directory: "/home/cyang019/workspace/NOVEL/tasks/qband_p74_flip1_mix20k_d200k_loop200_fp_inc0p1/qband_p74_flip1_mix20k_d200k_loop200_fp_inc0p1_results/"
dnpsoup  Copyright (C) 2016-2021 Chen Yang
dnpsoup  Copyright (C) 2016-2021 Chen Yang
dnpsoup  Copyright (C) 2016-2021 Chen Yang
dnpsoup  Copyright (C) 2016-2021 Chen Yang
dnpsoup  Copyright (C) 2016-2021 Chen Yang
dnpsoup  Copyright (C) 2016-2021 Chen Yang
dnpsoup  Copyright (C) 2016-2021 Chen Yang
dnpsoup  Copyright (C) 2016-2021 Chen Yang
dnpsoup  Copyright (C) 2016-2021 Chen Yang
dnpsoup  Copyright (C) 2016-2021 Chen Yang
dnpsoup  Copyright (C) 2016-2021 Chen Yang
dnpsoup  Copyright (C) 2016-2021 Chen Yang
dnpsoup  Copyright (C) 2016-2021 Chen Yang
dnpsoup  Copyright (C) 2016-2021 Chen Yang
dnpsoup  Copyright (C) 2016-2021 Chen Yang
dnpsoup  Copyright (C) 2016-2021 Chen Yang
create directory: "/home/cyang019/workspace/NOVEL/tasks/qband_p74_flip1_mix20k_d200k_loop200_fp_inc0p1/qband_p74_flip1_mix20k_d200k_loop200_fp_inc0p1_results/"
create directory: "/home/cyang019/workspace/NOVEL/tasks/qband_p74_flip1_mix20k_d200k_loop200_fp_inc0p1/qband_p74_flip1_mix20k_d200k_loop200_fp_inc0p1_results/"
spinsys loaded... 
pulse sequence loaded...
experiment loaded...
task: PowderIntensity
Probe loaded...
Euler angle loaded...
alpha: 0 (0)
beta: 0 (0)
gamma: 0 (0)
ZCW 3 angles...
ZCW 165 angles loaded...
32 cores detected on the current machine.
use 1 core(s).
create directory: "/home/cyang019/workspace/NOVEL/tasks/qband_p74_flip1_mix20k_d200k_loop200_fp_inc0p1/qband_p74_flip1_mix20k_d200k_loop200_fp_inc0p1_results/"
create directory: "/home/cyang019/workspace/NOVEL/tasks/qband_p74_flip1_mix20k_d200k_loop200_fp_inc0p1/qband_p74_flip1_mix20k_d200k_loop200_fp_inc0p1_results/"
create directory: "/home/cyang019/workspace/NOVEL/tasks/qband_p74_flip1_mix20k_d200k_loop200_fp_inc0p1/qband_p74_flip1_mix20k_d200k_loop200_fp_inc0p1_results/"
spinsys loaded... 
pulse sequence loaded...
experiment loaded...
task: PowderIntensity
Probe loaded...
Euler angle loaded...
alpha: 0 (0)
beta: 0 (0)
gamma: 0 (0)
ZCW 3 angles...
ZCW 165 angles loaded...
32 cores detected on the current machine.
use 1 core(s).
create directory: "/home/cyang019/workspace/NOVEL/tasks/qband_p74_flip1_mix20k_d200k_loop200_fp_inc0p1/qband_p74_flip1_mix20k_d200k_loop200_fp_inc0p1_results/"
create directory: "/home/cyang019/workspace/NOVEL/tasks/qband_p74_flip1_mix20k_d200k_loop200_fp_inc0p1/qband_p74_flip1_mix20k_d200k_loop200_fp_inc0p1_results/"
create directory: "/home/cyang019/workspace/NOVEL/tasks/qband_p74_flip1_mix20k_d200k_loop200_fp_inc0p1/qband_p74_flip1_mix20k_d200k_loop200_fp_inc0p1_results/"
dnpsoup  Copyright (C) 2016-2021 Chen Yang
dnpsoup  Copyright (C) 2016-2021 Chen Yang
create directory: "/home/cyang019/workspace/NOVEL/tasks/qband_p74_flip1_mix20k_d200k_loop200_fp_inc0p1/qband_p74_flip1_mix20k_d200k_loop200_fp_inc0p1_results/"
spinsys loaded... 
pulse sequence loaded...
experiment loaded...
task: PowderIntensity
Probe loaded...
Euler angle loaded...
alpha: 0 (0)
beta: 0 (0)
gamma: 0 (0)
ZCW 3 angles...
ZCW 165 angles loaded...
32 cores detected on the current machine.
use 1 core(s).
create directory: "/home/cyang019/workspace/NOVEL/tasks/qband_p74_flip1_mix20k_d200k_loop200_fp_inc0p1/qband_p74_flip1_mix20k_d200k_loop200_fp_inc0p1_results/"
spinsys loaded... 
pulse sequence loaded...
experiment loaded...
create directory: "/home/cyang019/workspace/NOVEL/tasks/qband_p74_flip1_mix20k_d200k_loop200_fp_inc0p1/qband_p74_flip1_mix20k_d200k_loop200_fp_inc0p1_results/"
task: PowderIntensity
Probe loaded...
Euler angle loaded...
alpha: 0 (0)
beta: 0 (0)
gamma: 0 (0)
ZCW 3 angles...
ZCW 165 angles loaded...
32 cores detected on the current machine.
use 1 core(s).
spinsys loaded... 
pulse sequence loaded...
experiment loaded...
create directory: "/home/cyang019/workspace/NOVEL/tasks/qband_p74_flip1_mix20k_d200k_loop200_fp_inc0p1/qband_p74_flip1_mix20k_d200k_loop200_fp_inc0p1_results/"
create directory: "/home/cyang019/workspace/NOVEL/tasks/qband_p74_flip1_mix20k_d200k_loop200_fp_inc0p1/qband_p74_flip1_mix20k_d200k_loop200_fp_inc0p1_results/"
task: PowderIntensity
Probe loaded...
Euler angle loaded...
alpha: 0 (0)
beta: 0 (0)
gamma: 0 (0)
ZCW 3 angles...
ZCW 165 angles loaded...
32 cores detected on the current machine.
use 1 core(s).
create directory: "/home/cyang019/workspace/NOVEL/tasks/qband_p74_flip1_mix20k_d200k_loop200_fp_inc0p1/qband_p74_flip1_mix20k_d200k_loop200_fp_inc0p1_results/"
spinsys loaded... 
pulse sequence loaded...
experiment loaded...
create directory: "/home/cyang019/workspace/NOVEL/tasks/qband_p74_flip1_mix20k_d200k_loop200_fp_inc0p1/qband_p74_flip1_mix20k_d200k_loop200_fp_inc0p1_results/"
task: PowderIntensity
Probe loaded...
Euler angle loaded...
create directory: "/home/cyang019/workspace/NOVEL/tasks/qband_p74_flip1_mix20k_d200k_loop200_fp_inc0p1/qband_p74_flip1_mix20k_d200k_loop200_fp_inc0p1_results/"
alpha: 0 (0)
beta: 0 (0)
gamma: 0 (0)
ZCW 3 angles...
ZCW 165 angles loaded...
32 cores detected on the current machine.
use 1 core(s).
create directory: "/home/cyang019/workspace/NOVEL/tasks/qband_p74_flip1_mix20k_d200k_loop200_fp_inc0p1/qband_p74_flip1_mix20k_d200k_loop200_fp_inc0p1_results/"
spinsys loaded... 
pulse sequence loaded...
experiment loaded...
create directory: "/home/cyang019/workspace/NOVEL/tasks/qband_p74_flip1_mix20k_d200k_loop200_fp_inc0p1/qband_p74_flip1_mix20k_d200k_loop200_fp_inc0p1_results/"
spinsys loaded... 
pulse sequence loaded...
experiment loaded...
spinsys loaded... 
pulse sequence loaded...
experiment loaded...
task: PowderIntensity
Probe loaded...
Euler angle loaded...
alpha: 0 (0)
beta: 0 (0)
gamma: 0 (0)
ZCW 3 angles...
ZCW 165 angles loaded...
32 cores detected on the current machine.
use 1 core(s).
task: PowderIntensity
Probe loaded...
Euler angle loaded...
task: PowderIntensity
Probe loaded...
Euler angle loaded...
alpha: 0 (0)
beta: 0 (0)
gamma: 0 (0)
ZCW 3 angles...
ZCW 165 angles loaded...
32 cores detected on the current machine.
use 1 core(s).
alpha: 0 (0)
beta: 0 (0)
gamma: 0 (0)
ZCW 3 angles...
ZCW 165 angles loaded...
32 cores detected on the current machine.
use 1 core(s).
create directory: "/home/cyang019/workspace/NOVEL/tasks/qband_p74_flip1_mix20k_d200k_loop200_fp_inc0p1/qband_p74_flip1_mix20k_d200k_loop200_fp_inc0p1_results/"
spinsys loaded... 
pulse sequence loaded...
experiment loaded...
spinsys loaded... 
pulse sequence loaded...
experiment loaded...
task: PowderIntensity
Probe loaded...
Euler angle loaded...
alpha: 0 (0)
beta: 0 (0)
gamma: 0 (0)
ZCW 3 angles...
ZCW 165 angles loaded...
32 cores detected on the current machine.
use 1 core(s).
task: PowderIntensity
Probe loaded...
Euler angle loaded...
alpha: 0 (0)
beta: 0 (0)
gamma: 0 (0)
ZCW 3 angles...
ZCW 165 angles loaded...
32 cores detected on the current machine.
use 1 core(s).
spinsys loaded... 
pulse sequence loaded...
experiment loaded...
task: PowderIntensity
Probe loaded...
Euler angle loaded...
alpha: 0 (0)
beta: 0 (0)
gamma: 0 (0)
ZCW 3 angles...
ZCW 165 angles loaded...
32 cores detected on the current machine.
use 1 core(s).
spinsys loaded... 
pulse sequence loaded...
experiment loaded...
task: PowderIntensity
Probe loaded...
Euler angle loaded...
alpha: 0 (0)
beta: 0 (0)
gamma: 0 (0)
ZCW 3 angles...
ZCW 165 angles loaded...
32 cores detected on the current machine.
use 1 core(s).
create directory: "/home/cyang019/workspace/NOVEL/tasks/qband_p74_flip1_mix20k_d200k_loop200_fp_inc0p1/qband_p74_flip1_mix20k_d200k_loop200_fp_inc0p1_results/"
spinsys loaded... 
pulse sequence loaded...
experiment loaded...
create directory: "/home/cyang019/workspace/NOVEL/tasks/qband_p74_flip1_mix20k_d200k_loop200_fp_inc0p1/qband_p74_flip1_mix20k_d200k_loop200_fp_inc0p1_results/"
task: PowderIntensity
Probe loaded...
Euler angle loaded...
alpha: 0 (0)
beta: 0 (0)
gamma: 0 (0)
ZCW 3 angles...
ZCW 165 angles loaded...
32 cores detected on the current machine.
use 1 core(s).
spinsys loaded... 
pulse sequence loaded...
experiment loaded...
task: PowderIntensity
Probe loaded...
create directory: "/home/cyang019/workspace/NOVEL/tasks/qband_p74_flip1_mix20k_d200k_loop200_fp_inc0p1/qband_p74_flip1_mix20k_d200k_loop200_fp_inc0p1_results/"
Euler angle loaded...
alpha: 0 (0)
beta: 0 (0)
gamma: 0 (0)
ZCW 3 angles...
ZCW 165 angles loaded...
32 cores detected on the current machine.
use 1 core(s).
spinsys loaded... 
pulse sequence loaded...
experiment loaded...
spinsys loaded... 
pulse sequence loaded...
experiment loaded...
spinsys loaded... 
pulse sequence loaded...
experiment loaded...
task: PowderIntensity
Probe loaded...
Euler angle loaded...
task: PowderIntensity
Probe loaded...
Euler angle loaded...
alpha: 0 (0)
beta: 0 (0)
gamma: 0 (0)
ZCW 3 angles...
ZCW 165 angles loaded...
32 cores detected on the current machine.
use 1 core(s).
spinsys loaded... 
pulse sequence loaded...
experiment loaded...
alpha: 0 (0)
beta: 0 (0)
gamma: 0 (0)
ZCW 3 angles...
ZCW 165 angles loaded...
32 cores detected on the current machine.
use 1 core(s).
task: PowderIntensity
Probe loaded...
Euler angle loaded...
alpha: 0 (0)
beta: 0 (0)
gamma: 0 (0)
ZCW 3 angles...
ZCW 165 angles loaded...
spinsys loaded... 
pulse sequence loaded...
experiment loaded...
32 cores detected on the current machine.
use 1 core(s).
task: PowderIntensity
Probe loaded...
Euler angle loaded...
alpha: 0 (0)
beta: 0 (0)
gamma: 0 (0)
ZCW 3 angles...
ZCW 165 angles loaded...
32 cores detected on the current machine.
use 1 core(s).
task: PowderIntensity
Probe loaded...
Euler angle loaded...
alpha: 0 (0)
beta: 0 (0)
gamma: 0 (0)
ZCW 3 angles...
ZCW 165 angles loaded...
32 cores detected on the current machine.
use 1 core(s).
create directory: "/home/cyang019/workspace/NOVEL/tasks/qband_p74_flip1_mix20k_d200k_loop200_fp_inc0p1/qband_p74_flip1_mix20k_d200k_loop200_fp_inc0p1_results/"
create directory: "/home/cyang019/workspace/NOVEL/tasks/qband_p74_flip1_mix20k_d200k_loop200_fp_inc0p1/qband_p74_flip1_mix20k_d200k_loop200_fp_inc0p1_results/"
spinsys loaded... 
pulse sequence loaded...
experiment loaded...
task: PowderIntensity
Probe loaded...
Euler angle loaded...
spinsys loaded... 
pulse sequence loaded...
alpha: 0 (0)
beta: 0 (0)
gamma: 0 (0)
ZCW 3 angles...
ZCW 165 angles loaded...
experiment loaded...
32 cores detected on the current machine.
use 1 core(s).
task: PowderIntensity
Probe loaded...
Euler angle loaded...
alpha: 0 (0)
beta: 0 (0)
gamma: 0 (0)
ZCW 3 angles...
ZCW 165 angles loaded...
spinsys loaded... 
32 cores detected on the current machine.
use 1 core(s).
pulse sequence loaded...
experiment loaded...
task: PowderIntensity
Probe loaded...
Euler angle loaded...
alpha: 0 (0)
beta: 0 (0)
gamma: 0 (0)
ZCW 3 angles...
ZCW 165 angles loaded...
32 cores detected on the current machine.
use 1 core(s).
spinsys loaded... 
pulse sequence loaded...
experiment loaded...
task: PowderIntensity
Probe loaded...
Euler angle loaded...
alpha: 0 (0)
beta: 0 (0)
gamma: 0 (0)
ZCW 3 angles...
ZCW 165 angles loaded...
32 cores detected on the current machine.
use 1 core(s).
spinsys loaded... 
pulse sequence loaded...
experiment loaded...
task: PowderIntensity
Probe loaded...
Euler angle loaded...
alpha: 0 (0)
beta: 0 (0)
gamma: 0 (0)
ZCW 3 angles...
ZCW 165 angles loaded...
32 cores detected on the current machine.
use 1 core(s).
spinsys loaded... 
pulse sequence loaded...
experiment loaded...
task: PowderIntensity
Probe loaded...
Euler angle loaded...
alpha: 0 (0)
beta: 0 (0)
gamma: 0 (0)
ZCW 3 angles...
ZCW 165 angles loaded...
32 cores detected on the current machine.
use 1 core(s).
spinsys loaded... 
pulse sequence loaded...
experiment loaded...
spinsys loaded... 
pulse sequence loaded...
task: PowderIntensity
Probe loaded...
Euler angle loaded...
alpha: 0 (0)
beta: 0 (0)
gamma: 0 (0)
ZCW 3 angles...
ZCW 165 angles loaded...
32 cores detected on the current machine.
use 1 core(s).
experiment loaded...
task: PowderIntensity
Probe loaded...
Euler angle loaded...
alpha: 0 (0)
beta: 0 (0)
gamma: 0 (0)
ZCW 3 angles...
ZCW 165 angles loaded...
32 cores detected on the current machine.
use 1 core(s).
spinsys loaded... 
pulse sequence loaded...
experiment loaded...
spinsys loaded... 
pulse sequence loaded...
experiment loaded...
task: PowderIntensity
Probe loaded...
Euler angle loaded...
task: PowderIntensity
Probe loaded...
Euler angle loaded...
alpha: 0 (0)
beta: 0 (0)
gamma: 0 (0)
ZCW 3 angles...
ZCW 165 angles loaded...
alpha: 0 (0)
beta: 0 (0)
gamma: 0 (0)
ZCW 3 angles...
ZCW 165 angles loaded...
32 cores detected on the current machine.
use 1 core(s).
32 cores detected on the current machine.
use 1 core(s).
spinsys loaded... 
pulse sequence loaded...
experiment loaded...
task: PowderIntensity
Probe loaded...
Euler angle loaded...
alpha: 0 (0)
beta: 0 (0)
gamma: 0 (0)
ZCW 3 angles...
ZCW 165 angles loaded...
32 cores detected on the current machine.
use 1 core(s).
spinsys loaded... 
pulse sequence loaded...
experiment loaded...
task: PowderIntensity
Probe loaded...
Euler angle loaded...
alpha: 0 (0)
beta: 0 (0)
gamma: 0 (0)
ZCW 3 angles...
ZCW 165 angles loaded...
32 cores detected on the current machine.
use 1 core(s).
create directory: "/home/cyang019/workspace/NOVEL/tasks/qband_p74_flip1_mix20k_d200k_loop200_fp_inc0p1/qband_p74_flip1_mix20k_d200k_loop200_fp_inc0p1_results/"
create directory: "/home/cyang019/workspace/NOVEL/tasks/qband_p74_flip1_mix20k_d200k_loop200_fp_inc0p1/qband_p74_flip1_mix20k_d200k_loop200_fp_inc0p1_results/"
create directory: "/home/cyang019/workspace/NOVEL/tasks/qband_p74_flip1_mix20k_d200k_loop200_fp_inc0p1/qband_p74_flip1_mix20k_d200k_loop200_fp_inc0p1_results/"
create directory: "/home/cyang019/workspace/NOVEL/tasks/qband_p74_flip1_mix20k_d200k_loop200_fp_inc0p1/qband_p74_flip1_mix20k_d200k_loop200_fp_inc0p1_results/"
create directory: "/home/cyang019/workspace/NOVEL/tasks/qband_p74_flip1_mix20k_d200k_loop200_fp_inc0p1/qband_p74_flip1_mix20k_d200k_loop200_fp_inc0p1_results/"
create directory: "/home/cyang019/workspace/NOVEL/tasks/qband_p74_flip1_mix20k_d200k_loop200_fp_inc0p1/qband_p74_flip1_mix20k_d200k_loop200_fp_inc0p1_results/"
create directory: "/home/cyang019/workspace/NOVEL/tasks/qband_p74_flip1_mix20k_d200k_loop200_fp_inc0p1/qband_p74_flip1_mix20k_d200k_loop200_fp_inc0p1_results/"
create directory: "/home/cyang019/workspace/NOVEL/tasks/qband_p74_flip1_mix20k_d200k_loop200_fp_inc0p1/qband_p74_flip1_mix20k_d200k_loop200_fp_inc0p1_results/"
create directory: "/home/cyang019/workspace/NOVEL/tasks/qband_p74_flip1_mix20k_d200k_loop200_fp_inc0p1/qband_p74_flip1_mix20k_d200k_loop200_fp_inc0p1_results/"
spinsys loaded... 
pulse sequence loaded...
experiment loaded...
spinsys loaded... 
pulse sequence loaded...
experiment loaded...
spinsys loaded... 
pulse sequence loaded...
experiment loaded...
task: PowderIntensity
Probe loaded...
Euler angle loaded...
alpha: 0 (0)
beta: 0 (0)
gamma: 0 (0)
ZCW 3 angles...
ZCW 165 angles loaded...
task: PowderIntensity
Probe loaded...
Euler angle loaded...
32 cores detected on the current machine.
use 1 core(s).
task: PowderIntensity
Probe loaded...
Euler angle loaded...
alpha: 0 (0)
beta: 0 (0)
gamma: 0 (0)
ZCW 3 angles...
ZCW 165 angles loaded...
32 cores detected on the current machine.
use 1 core(s).
alpha: 0 (0)
beta: 0 (0)
gamma: 0 (0)
ZCW 3 angles...
ZCW 165 angles loaded...
32 cores detected on the current machine.
use 1 core(s).
create directory: "/home/cyang019/workspace/NOVEL/tasks/qband_p74_flip1_mix20k_d200k_loop200_fp_inc0p1/qband_p74_flip1_mix20k_d200k_loop200_fp_inc0p1_results/"
create directory: "/home/cyang019/workspace/NOVEL/tasks/qband_p74_flip1_mix20k_d200k_loop200_fp_inc0p1/qband_p74_flip1_mix20k_d200k_loop200_fp_inc0p1_results/"
create directory: "/home/cyang019/workspace/NOVEL/tasks/qband_p74_flip1_mix20k_d200k_loop200_fp_inc0p1/qband_p74_flip1_mix20k_d200k_loop200_fp_inc0p1_results/"
create directory: "/home/cyang019/workspace/NOVEL/tasks/qband_p74_flip1_mix20k_d200k_loop200_fp_inc0p1/qband_p74_flip1_mix20k_d200k_loop200_fp_inc0p1_results/"
create directory: "/home/cyang019/workspace/NOVEL/tasks/qband_p74_flip1_mix20k_d200k_loop200_fp_inc0p1/qband_p74_flip1_mix20k_d200k_loop200_fp_inc0p1_results/"
create directory: "/home/cyang019/workspace/NOVEL/tasks/qband_p74_flip1_mix20k_d200k_loop200_fp_inc0p1/qband_p74_flip1_mix20k_d200k_loop200_fp_inc0p1_results/"
create directory: "/home/cyang019/workspace/NOVEL/tasks/qband_p74_flip1_mix20k_d200k_loop200_fp_inc0p1/qband_p74_flip1_mix20k_d200k_loop200_fp_inc0p1_results/"
create directory: "/home/cyang019/workspace/NOVEL/tasks/qband_p74_flip1_mix20k_d200k_loop200_fp_inc0p1/qband_p74_flip1_mix20k_d200k_loop200_fp_inc0p1_results/"
spinsys loaded... 
pulse sequence loaded...
experiment loaded...
task: PowderIntensity
Probe loaded...
Euler angle loaded...
alpha: 0 (0)
beta: 0 (0)
gamma: 0 (0)
ZCW 3 angles...
ZCW 165 angles loaded...
32 cores detected on the current machine.
use 1 core(s).
spinsys loaded... 
pulse sequence loaded...
experiment loaded...
task: PowderIntensity
Probe loaded...
Euler angle loaded...
alpha: 0 (0)
beta: 0 (0)
gamma: 0 (0)
ZCW 3 angles...
ZCW 165 angles loaded...
32 cores detected on the current machine.
use 1 core(s).
spinsys loaded... 
pulse sequence loaded...
experiment loaded...
task: PowderIntensity
Probe loaded...
Euler angle loaded...
alpha: 0 (0)
beta: 0 (0)
gamma: 0 (0)
ZCW 3 angles...
ZCW 165 angles loaded...
32 cores detected on the current machine.
use 1 core(s).
spinsys loaded... 
pulse sequence loaded...
experiment loaded...
spinsys loaded... 
pulse sequence loaded...
experiment loaded...
task: PowderIntensity
Probe loaded...
Euler angle loaded...
alpha: 0 (0)
beta: 0 (0)
gamma: 0 (0)
ZCW 3 angles...
ZCW 165 angles loaded...
32 cores detected on the current machine.
use 1 core(s).
task: PowderIntensity
Probe loaded...
Euler angle loaded...
alpha: 0 (0)
beta: 0 (0)
gamma: 0 (0)
ZCW 3 angles...
ZCW 165 angles loaded...
32 cores detected on the current machine.
use 1 core(s).
spinsys loaded... 
pulse sequence loaded...
experiment loaded...
task: PowderIntensity
Probe loaded...
Euler angle loaded...
alpha: 0 (0)
beta: 0 (0)
gamma: 0 (0)
ZCW 3 angles...
ZCW 165 angles loaded...
32 cores detected on the current machine.
use 1 core(s).
spinsys loaded... 
pulse sequence loaded...
experiment loaded...
task: PowderIntensity
Probe loaded...
Euler angle loaded...
alpha: 0 (0)
beta: 0 (0)
gamma: 0 (0)
ZCW 3 angles...
ZCW 165 angles loaded...
32 cores detected on the current machine.
use 1 core(s).
spinsys loaded... 
pulse sequence loaded...
experiment loaded...
task: PowderIntensity
Probe loaded...
Euler angle loaded...
alpha: 0 (0)
beta: 0 (0)
gamma: 0 (0)
ZCW 3 angles...
ZCW 165 angles loaded...
32 cores detected on the current machine.
use 1 core(s).
spinsys loaded... 
pulse sequence loaded...
experiment loaded...
task: PowderIntensity
Probe loaded...
Euler angle loaded...
alpha: 0 (0)
beta: 0 (0)
gamma: 0 (0)
ZCW 3 angles...
ZCW 165 angles loaded...
32 cores detected on the current machine.
use 1 core(s).
spinsys loaded... 
pulse sequence loaded...
experiment loaded...
task: PowderIntensity
Probe loaded...
Euler angle loaded...
alpha: 0 (0)
beta: 0 (0)
gamma: 0 (0)
ZCW 3 angles...
ZCW 165 angles loaded...
32 cores detected on the current machine.
use 1 core(s).
spinsys loaded... 
pulse sequence loaded...
experiment loaded...
task: PowderIntensity
Probe loaded...
Euler angle loaded...
alpha: 0 (0)
beta: 0 (0)
gamma: 0 (0)
ZCW 3 angles...
ZCW 165 angles loaded...
32 cores detected on the current machine.
use 1 core(s).
spinsys loaded... 
pulse sequence loaded...
experiment loaded...
task: PowderIntensity
Probe loaded...
Euler angle loaded...
alpha: 0 (0)
beta: 0 (0)
gamma: 0 (0)
ZCW 3 angles...
ZCW 165 angles loaded...
32 cores detected on the current machine.
use 1 core(s).
spinsys loaded... 
pulse sequence loaded...
experiment loaded...
task: PowderIntensity
Probe loaded...
Euler angle loaded...
alpha: 0 (0)
beta: 0 (0)
gamma: 0 (0)
ZCW 3 angles...
ZCW 165 angles loaded...
32 cores detected on the current machine.
use 1 core(s).
spinsys loaded... 
pulse sequence loaded...
experiment loaded...
task: PowderIntensity
Probe loaded...
Euler angle loaded...
alpha: 0 (0)
beta: 0 (0)
gamma: 0 (0)
ZCW 3 angles...
ZCW 165 angles loaded...
32 cores detected on the current machine.
use 1 core(s).
create directory: "/home/cyang019/workspace/NOVEL/tasks/qband_p74_flip1_mix20k_d200k_loop200_fp_inc0p1/qband_p74_flip1_mix20k_d200k_loop200_fp_inc0p1_results/"
create directory: "/home/cyang019/workspace/NOVEL/tasks/qband_p74_flip1_mix20k_d200k_loop200_fp_inc0p1/qband_p74_flip1_mix20k_d200k_loop200_fp_inc0p1_results/"
create directory: "/home/cyang019/workspace/NOVEL/tasks/qband_p74_flip1_mix20k_d200k_loop200_fp_inc0p1/qband_p74_flip1_mix20k_d200k_loop200_fp_inc0p1_results/"
spinsys loaded... 
pulse sequence loaded...
experiment loaded...
task: PowderIntensity
Probe loaded...
Euler angle loaded...
alpha: 0 (0)
beta: 0 (0)
gamma: 0 (0)
ZCW 3 angles...
ZCW 165 angles loaded...
32 cores detected on the current machine.
use 1 core(s).
create directory: "/home/cyang019/workspace/NOVEL/tasks/qband_p74_flip1_mix20k_d200k_loop200_fp_inc0p1/qband_p74_flip1_mix20k_d200k_loop200_fp_inc0p1_results/"
create directory: "/home/cyang019/workspace/NOVEL/tasks/qband_p74_flip1_mix20k_d200k_loop200_fp_inc0p1/qband_p74_flip1_mix20k_d200k_loop200_fp_inc0p1_results/"
create directory: "/home/cyang019/workspace/NOVEL/tasks/qband_p74_flip1_mix20k_d200k_loop200_fp_inc0p1/qband_p74_flip1_mix20k_d200k_loop200_fp_inc0p1_results/"
create directory: "/home/cyang019/workspace/NOVEL/tasks/qband_p74_flip1_mix20k_d200k_loop200_fp_inc0p1/qband_p74_flip1_mix20k_d200k_loop200_fp_inc0p1_results/"
spinsys loaded... 
pulse sequence loaded...
experiment loaded...
task: PowderIntensity
Probe loaded...
Euler angle loaded...
alpha: 0 (0)
beta: 0 (0)
gamma: 0 (0)
ZCW 3 angles...
ZCW 165 angles loaded...
32 cores detected on the current machine.
use 1 core(s).
create directory: "/home/cyang019/workspace/NOVEL/tasks/qband_p74_flip1_mix20k_d200k_loop200_fp_inc0p1/qband_p74_flip1_mix20k_d200k_loop200_fp_inc0p1_results/"
create directory: "/home/cyang019/workspace/NOVEL/tasks/qband_p74_flip1_mix20k_d200k_loop200_fp_inc0p1/qband_p74_flip1_mix20k_d200k_loop200_fp_inc0p1_results/"
create directory: "/home/cyang019/workspace/NOVEL/tasks/qband_p74_flip1_mix20k_d200k_loop200_fp_inc0p1/qband_p74_flip1_mix20k_d200k_loop200_fp_inc0p1_results/"
create directory: "/home/cyang019/workspace/NOVEL/tasks/qband_p74_flip1_mix20k_d200k_loop200_fp_inc0p1/qband_p74_flip1_mix20k_d200k_loop200_fp_inc0p1_results/"
spinsys loaded... 
pulse sequence loaded...
experiment loaded...
task: PowderIntensity
Probe loaded...
Euler angle loaded...
alpha: 0 (0)
beta: 0 (0)
gamma: 0 (0)
ZCW 3 angles...
ZCW 165 angles loaded...
32 cores detected on the current machine.
use 1 core(s).
spinsys loaded... 
pulse sequence loaded...
experiment loaded...
spinsys loaded... 
pulse sequence loaded...
experiment loaded...
task: PowderIntensity
Probe loaded...
Euler angle loaded...
task: PowderIntensity
Probe loaded...
Euler angle loaded...
alpha: 0 (0)
beta: 0 (0)
gamma: 0 (0)
ZCW 3 angles...
ZCW 165 angles loaded...
32 cores detected on the current machine.
use 1 core(s).
alpha: 0 (0)
beta: 0 (0)
gamma: 0 (0)
ZCW 3 angles...
ZCW 165 angles loaded...
32 cores detected on the current machine.
use 1 core(s).
spinsys loaded... 
pulse sequence loaded...
experiment loaded...
task: PowderIntensity
Probe loaded...
Euler angle loaded...
alpha: 0 (0)
beta: 0 (0)
gamma: 0 (0)
ZCW 3 angles...
ZCW 165 angles loaded...
32 cores detected on the current machine.
use 1 core(s).
create directory: "/home/cyang019/workspace/NOVEL/tasks/qband_p74_flip1_mix20k_d200k_loop200_fp_inc0p1/qband_p74_flip1_mix20k_d200k_loop200_fp_inc0p1_results/"
create directory: "/home/cyang019/workspace/NOVEL/tasks/qband_p74_flip1_mix20k_d200k_loop200_fp_inc0p1/qband_p74_flip1_mix20k_d200k_loop200_fp_inc0p1_results/"
spinsys loaded... 
pulse sequence loaded...
experiment loaded...
task: PowderIntensity
Probe loaded...
Euler angle loaded...
alpha: 0 (0)
beta: 0 (0)
gamma: 0 (0)
ZCW 3 angles...
ZCW 165 angles loaded...
32 cores detected on the current machine.
use 1 core(s).
spinsys loaded... 
pulse sequence loaded...
experiment loaded...
task: PowderIntensity
Probe loaded...
Euler angle loaded...
alpha: 0 (0)
beta: 0 (0)
gamma: 0 (0)
ZCW 3 angles...
ZCW 165 angles loaded...
32 cores detected on the current machine.
use 1 core(s).
create directory: "/home/cyang019/workspace/NOVEL/tasks/qband_p74_flip1_mix20k_d200k_loop200_fp_inc0p1/qband_p74_flip1_mix20k_d200k_loop200_fp_inc0p1_results/"
spinsys loaded... 
pulse sequence loaded...
experiment loaded...
spinsys loaded... 
pulse sequence loaded...
experiment loaded...
task: PowderIntensity
Probe loaded...
Euler angle loaded...
alpha: 0 (0)
beta: 0 (0)
gamma: 0 (0)
ZCW 3 angles...
ZCW 165 angles loaded...
32 cores detected on the current machine.
use 1 core(s).
task: PowderIntensity
Probe loaded...
Euler angle loaded...
alpha: 0 (0)
beta: 0 (0)
gamma: 0 (0)
ZCW 3 angles...
ZCW 165 angles loaded...
32 cores detected on the current machine.
use 1 core(s).
create directory: "/home/cyang019/workspace/NOVEL/tasks/qband_p74_flip1_mix20k_d200k_loop200_fp_inc0p1/qband_p74_flip1_mix20k_d200k_loop200_fp_inc0p1_results/"
create directory: "/home/cyang019/workspace/NOVEL/tasks/qband_p74_flip1_mix20k_d200k_loop200_fp_inc0p1/qband_p74_flip1_mix20k_d200k_loop200_fp_inc0p1_results/"
create directory: "/home/cyang019/workspace/NOVEL/tasks/qband_p74_flip1_mix20k_d200k_loop200_fp_inc0p1/qband_p74_flip1_mix20k_d200k_loop200_fp_inc0p1_results/"
create directory: "/home/cyang019/workspace/NOVEL/tasks/qband_p74_flip1_mix20k_d200k_loop200_fp_inc0p1/qband_p74_flip1_mix20k_d200k_loop200_fp_inc0p1_results/"
create directory: "/home/cyang019/workspace/NOVEL/tasks/qband_p74_flip1_mix20k_d200k_loop200_fp_inc0p1/qband_p74_flip1_mix20k_d200k_loop200_fp_inc0p1_results/"
create directory: "/home/cyang019/workspace/NOVEL/tasks/qband_p74_flip1_mix20k_d200k_loop200_fp_inc0p1/qband_p74_flip1_mix20k_d200k_loop200_fp_inc0p1_results/"
spinsys loaded... 
pulse sequence loaded...
experiment loaded...
spinsys loaded... 
pulse sequence loaded...
experiment loaded...
task: PowderIntensity
task: PowderIntensity
Probe loaded...
Probe loaded...
Euler angle loaded...
Euler angle loaded...
alpha: 0 (0)
beta: 0 (0)
gamma: 0 (0)
ZCW 3 angles...
ZCW 165 angles loaded...
alpha: 0 (0)
beta: 0 (0)
gamma: 0 (0)
ZCW 3 angles...
ZCW 165 angles loaded...
32 cores detected on the current machine.
use 1 core(s).
32 cores detected on the current machine.
use 1 core(s).
create directory: "/home/cyang019/workspace/NOVEL/tasks/qband_p74_flip1_mix20k_d200k_loop200_fp_inc0p1/qband_p74_flip1_mix20k_d200k_loop200_fp_inc0p1_results/"
create directory: "/home/cyang019/workspace/NOVEL/tasks/qband_p74_flip1_mix20k_d200k_loop200_fp_inc0p1/qband_p74_flip1_mix20k_d200k_loop200_fp_inc0p1_results/"
spinsys loaded... 
pulse sequence loaded...
experiment loaded...
task: PowderIntensity
Probe loaded...
Euler angle loaded...
alpha: 0 (0)
beta: 0 (0)
gamma: 0 (0)
ZCW 3 angles...
ZCW 165 angles loaded...
32 cores detected on the current machine.
use 1 core(s).
create directory: "/home/cyang019/workspace/NOVEL/tasks/qband_p74_flip1_mix20k_d200k_loop200_fp_inc0p1/qband_p74_flip1_mix20k_d200k_loop200_fp_inc0p1_results/"
create directory: "/home/cyang019/workspace/NOVEL/tasks/qband_p74_flip1_mix20k_d200k_loop200_fp_inc0p1/qband_p74_flip1_mix20k_d200k_loop200_fp_inc0p1_results/"
create directory: "/home/cyang019/workspace/NOVEL/tasks/qband_p74_flip1_mix20k_d200k_loop200_fp_inc0p1/qband_p74_flip1_mix20k_d200k_loop200_fp_inc0p1_results/"
spinsys loaded... 
pulse sequence loaded...
experiment loaded...
task: PowderIntensity
Probe loaded...
Euler angle loaded...
alpha: 0 (0)
beta: 0 (0)
gamma: 0 (0)
ZCW 3 angles...
ZCW 165 angles loaded...
32 cores detected on the current machine.
use 1 core(s).
spinsys loaded... 
pulse sequence loaded...
experiment loaded...
create directory: "/home/cyang019/workspace/NOVEL/tasks/qband_p74_flip1_mix20k_d200k_loop200_fp_inc0p1/qband_p74_flip1_mix20k_d200k_loop200_fp_inc0p1_results/"
create directory: "/home/cyang019/workspace/NOVEL/tasks/qband_p74_flip1_mix20k_d200k_loop200_fp_inc0p1/qband_p74_flip1_mix20k_d200k_loop200_fp_inc0p1_results/"
create directory: "/home/cyang019/workspace/NOVEL/tasks/qband_p74_flip1_mix20k_d200k_loop200_fp_inc0p1/qband_p74_flip1_mix20k_d200k_loop200_fp_inc0p1_results/"
create directory: "/home/cyang019/workspace/NOVEL/tasks/qband_p74_flip1_mix20k_d200k_loop200_fp_inc0p1/qband_p74_flip1_mix20k_d200k_loop200_fp_inc0p1_results/"
create directory: "/home/cyang019/workspace/NOVEL/tasks/qband_p74_flip1_mix20k_d200k_loop200_fp_inc0p1/qband_p74_flip1_mix20k_d200k_loop200_fp_inc0p1_results/"
create directory: "/home/cyang019/workspace/NOVEL/tasks/qband_p74_flip1_mix20k_d200k_loop200_fp_inc0p1/qband_p74_flip1_mix20k_d200k_loop200_fp_inc0p1_results/"
spinsys loaded... 
pulse sequence loaded...
experiment loaded...
create directory: "/home/cyang019/workspace/NOVEL/tasks/qband_p74_flip1_mix20k_d200k_loop200_fp_inc0p1/qband_p74_flip1_mix20k_d200k_loop200_fp_inc0p1_results/"
task: PowderIntensity
Probe loaded...
Euler angle loaded...
alpha: 0 (0)
beta: 0 (0)
gamma: 0 (0)
ZCW 3 angles...
ZCW 165 angles loaded...
32 cores detected on the current machine.
use 1 core(s).
task: PowderIntensity
Probe loaded...
Euler angle loaded...
spinsys loaded... 
pulse sequence loaded...
experiment loaded...
alpha: 0 (0)
beta: 0 (0)
gamma: 0 (0)
ZCW 3 angles...
ZCW 165 angles loaded...
32 cores detected on the current machine.
use 1 core(s).
task: PowderIntensity
Probe loaded...
Euler angle loaded...
alpha: 0 (0)
beta: 0 (0)
gamma: 0 (0)
ZCW 3 angles...
ZCW 165 angles loaded...
32 cores detected on the current machine.
use 1 core(s).
spinsys loaded... 
pulse sequence loaded...
experiment loaded...
spinsys loaded... 
pulse sequence loaded...
experiment loaded...
spinsys loaded... 
pulse sequence loaded...
experiment loaded...
task: PowderIntensity
Probe loaded...
Euler angle loaded...
task: PowderIntensity
Probe loaded...
spinsys loaded... 
spinsys loaded... 
pulse sequence loaded...
experiment loaded...
Euler angle loaded...
pulse sequence loaded...
experiment loaded...
alpha: 0 (0)
beta: 0 (0)
gamma: 0 (0)
ZCW 3 angles...
ZCW 165 angles loaded...
alpha: 0 (0)
beta: 0 (0)
gamma: 0 (0)
ZCW 3 angles...
ZCW 165 angles loaded...
32 cores detected on the current machine.
use 1 core(s).
32 cores detected on the current machine.
use 1 core(s).
task: PowderIntensity
Probe loaded...
Euler angle loaded...
alpha: 0 (0)
beta: 0 (0)
gamma: 0 (0)
ZCW 3 angles...
ZCW 165 angles loaded...
32 cores detected on the current machine.
use 1 core(s).
task: PowderIntensity
Probe loaded...
Euler angle loaded...
task: PowderIntensity
Probe loaded...
Euler angle loaded...
alpha: 0 (0)
beta: 0 (0)
gamma: 0 (0)
ZCW 3 angles...
ZCW 165 angles loaded...
32 cores detected on the current machine.
use 1 core(s).
alpha: 0 (0)
beta: 0 (0)
gamma: 0 (0)
ZCW 3 angles...
ZCW 165 angles loaded...
32 cores detected on the current machine.
use 1 core(s).
spinsys loaded... 
pulse sequence loaded...
experiment loaded...
task: PowderIntensity
Probe loaded...
Euler angle loaded...
alpha: 0 (0)
beta: 0 (0)
gamma: 0 (0)
ZCW 3 angles...
ZCW 165 angles loaded...
32 cores detected on the current machine.
use 1 core(s).
spinsys loaded... 
pulse sequence loaded...
experiment loaded...
task: PowderIntensity
Probe loaded...
Euler angle loaded...
alpha: 0 (0)
beta: 0 (0)
gamma: 0 (0)
ZCW 3 angles...
ZCW 165 angles loaded...
32 cores detected on the current machine.
use 1 core(s).
spinsys loaded... 
pulse sequence loaded...
experiment loaded...
task: PowderIntensity
Probe loaded...
Euler angle loaded...
alpha: 0 (0)
beta: 0 (0)
gamma: 0 (0)
ZCW 3 angles...
ZCW 165 angles loaded...
32 cores detected on the current machine.
use 1 core(s).
spinsys loaded... 
pulse sequence loaded...
experiment loaded...
spinsys loaded... 
pulse sequence loaded...
experiment loaded...
task: PowderIntensity
Probe loaded...
Euler angle loaded...
alpha: 0 (0)
beta: 0 (0)
gamma: 0 (0)
ZCW 3 angles...
ZCW 165 angles loaded...
32 cores detected on the current machine.
use 1 core(s).
task: PowderIntensity
Probe loaded...
Euler angle loaded...
alpha: 0 (0)
beta: 0 (0)
gamma: 0 (0)
ZCW 3 angles...
ZCW 165 angles loaded...
32 cores detected on the current machine.
use 1 core(s).
spinsys loaded... 
pulse sequence loaded...
experiment loaded...
task: PowderIntensity
Probe loaded...
Euler angle loaded...
alpha: 0 (0)
beta: 0 (0)
gamma: 0 (0)
ZCW 3 angles...
ZCW 165 angles loaded...
32 cores detected on the current machine.
use 1 core(s).
spinsys loaded... 
pulse sequence loaded...
experiment loaded...
task: PowderIntensity
Probe loaded...
Euler angle loaded...
alpha: 0 (0)
beta: 0 (0)
gamma: 0 (0)
ZCW 3 angles...
ZCW 165 angles loaded...
32 cores detected on the current machine.
use 1 core(s).
spinsys loaded... 
pulse sequence loaded...
experiment loaded...
spinsys loaded... 
pulse sequence loaded...
experiment loaded...
task: PowderIntensity
Probe loaded...
task: PowderIntensity
Probe loaded...
Euler angle loaded...
Euler angle loaded...
alpha: 0 (0)
beta: 0 (0)
gamma: 0 (0)
ZCW 3 angles...
ZCW 165 angles loaded...
alpha: 0 (0)
beta: 0 (0)
gamma: 0 (0)
ZCW 3 angles...
ZCW 165 angles loaded...
32 cores detected on the current machine.
use 1 core(s).
32 cores detected on the current machine.
use 1 core(s).
spinsys loaded... 
pulse sequence loaded...
experiment loaded...
task: PowderIntensity
Probe loaded...
Euler angle loaded...
alpha: 0 (0)
beta: 0 (0)
gamma: 0 (0)
ZCW 3 angles...
ZCW 165 angles loaded...
32 cores detected on the current machine.
use 1 core(s).
Total time: 186.881 seconds.
Total time: 186.967 seconds.
Total time: 188.631 seconds.
Total time: 188.652 seconds.
Total time: 189.189 seconds.
Total time: 190.477 seconds.
Total time: 196.39 seconds.
Total time: 199.157 seconds.
Total time: 218.943 seconds.
Total time: 219.353 seconds.
Total time: 219.467 seconds.
Total time: 219.679 seconds.
Total time: 219.697 seconds.
Total time: 219.829 seconds.
Total time: 219.853 seconds.
Total time: 219.927 seconds.
Total time: 219.969 seconds.
Total time: 219.989 seconds.
Total time: 221.461 seconds.
Total time: 221.719 seconds.
Total time: 221.778 seconds.
Total time: 222.141 seconds.
Total time: 222.118 seconds.
Total time: 222.314 seconds.
Total time: 222.287 seconds.
Total time: 222.738 seconds.
Total time: 222.769 seconds.
Total time: 222.848 seconds.
Total time: 222.875 seconds.
Total time: 222.880 seconds.
Total time: 222.910 seconds.
Total time: 222.933 seconds.
Total time: 223.88 seconds.
Total time: 223.179 seconds.
Total time: 223.180 seconds.
Total time: 223.385 seconds.
Total time: 223.931 seconds.
Total time: 224.387 seconds.
Total time: 224.255 seconds.
Total time: 224.376 seconds.
Total time: 224.693 seconds.
Total time: 224.783 seconds.
Total time: 224.763 seconds.
Total time: 224.824 seconds.
Total time: 224.897 seconds.
Total time: 225.67 seconds.
Total time: 224.955 seconds.
Total time: 225.30 seconds.
Total time: 225.105 seconds.
Total time: 225.167 seconds.
Total time: 225.925 seconds.
Total time: 225.975 seconds.
Total time: 225.933 seconds.
Total time: 226.161 seconds.
Total time: 226.96 seconds.
Total time: 226.424 seconds.
Total time: 226.492 seconds.
Total time: 226.527 seconds.
Total time: 226.598 seconds.
Total time: 226.661 seconds.
Total time: 226.711 seconds.
Total time: 226.750 seconds.
Total time: 226.869 seconds.
Total time: 227.179 seconds.
Total time: 227.358 seconds.
Total time: 227.381 seconds.
Total time: 227.446 seconds.
Total time: 227.563 seconds.
Total time: 227.604 seconds.
Total time: 228.15 seconds.
Total time: 228.3 seconds.
Total time: 228.79 seconds.
Total time: 228.259 seconds.
Total time: 228.624 seconds.
Total time: 228.705 seconds.
Total time: 228.998 seconds.
Total time: 236.809 seconds.
Total time: 238.474 seconds.
Total time: 279.641 seconds.
Total time: 281.696 seconds.
Total time: 282.148 seconds.
