dnpsoup  Copyright (C) 2016-2021 Chen Yang
dnpsoup  Copyright (C) 2016-2021 Chen Yang
dnpsoup  Copyright (C) 2016-2021 Chen Yang
dnpsoup  Copyright (C) 2016-2021 Chen Yang
dnpsoup  Copyright (C) 2016-2021 Chen Yang
dnpsoup  Copyright (C) 2016-2021 Chen Yang
dnpsoup  Copyright (C) 2016-2021 Chen Yang
dnpsoup  Copyright (C) 2016-2021 Chen Yang
dnpsoup  Copyright (C) 2016-2021 Chen Yang
dnpsoup  Copyright (C) 2016-2021 Chen Yang
dnpsoup  Copyright (C) 2016-2021 Chen Yang
dnpsoup  Copyright (C) 2016-2021 Chen Yang
dnpsoup  Copyright (C) 2016-2021 Chen Yang
dnpsoup  Copyright (C) 2016-2021 Chen Yang
dnpsoup  Copyright (C) 2016-2021 Chen Yang
dnpsoup  Copyright (C) 2016-2021 Chen Yang
dnpsoup  Copyright (C) 2016-2021 Chen Yang
dnpsoup  Copyright (C) 2016-2021 Chen Yang
dnpsoup  Copyright (C) 2016-2021 Chen Yang
dnpsoup  Copyright (C) 2016-2021 Chen Yang
dnpsoup  Copyright (C) 2016-2021 Chen Yang
dnpsoup  Copyright (C) 2016-2021 Chen Yang
dnpsoup  Copyright (C) 2016-2021 Chen Yang
dnpsoup  Copyright (C) 2016-2021 Chen Yang
dnpsoup  Copyright (C) 2016-2021 Chen Yang
dnpsoup  Copyright (C) 2016-2021 Chen Yang
dnpsoup  Copyright (C) 2016-2021 Chen Yang
dnpsoup  Copyright (C) 2016-2021 Chen Yang
dnpsoup  Copyright (C) 2016-2021 Chen Yang
dnpsoup  Copyright (C) 2016-2021 Chen Yang
dnpsoup  Copyright (C) 2016-2021 Chen Yang
dnpsoup  Copyright (C) 2016-2021 Chen Yang
create directory: "/home/cyang019/workspace/NOVEL/tasks/qband_p74_flip1_mix20k_d200k_loop200_scan_gB1_inc0p1/qband_p74_flip1_mix20k_d200k_loop200_scan_gB1_inc0p1_results/"
create directory: "/home/cyang019/workspace/NOVEL/tasks/qband_p74_flip1_mix20k_d200k_loop200_scan_gB1_inc0p1/qband_p74_flip1_mix20k_d200k_loop200_scan_gB1_inc0p1_results/"
create directory: "/home/cyang019/workspace/NOVEL/tasks/qband_p74_flip1_mix20k_d200k_loop200_scan_gB1_inc0p1/qband_p74_flip1_mix20k_d200k_loop200_scan_gB1_inc0p1_results/"
create directory: "/home/cyang019/workspace/NOVEL/tasks/qband_p74_flip1_mix20k_d200k_loop200_scan_gB1_inc0p1/qband_p74_flip1_mix20k_d200k_loop200_scan_gB1_inc0p1_results/"
create directory: "/home/cyang019/workspace/NOVEL/tasks/qband_p74_flip1_mix20k_d200k_loop200_scan_gB1_inc0p1/qband_p74_flip1_mix20k_d200k_loop200_scan_gB1_inc0p1_results/"
create directory: "/home/cyang019/workspace/NOVEL/tasks/qband_p74_flip1_mix20k_d200k_loop200_scan_gB1_inc0p1/qband_p74_flip1_mix20k_d200k_loop200_scan_gB1_inc0p1_results/"
create directory: "/home/cyang019/workspace/NOVEL/tasks/qband_p74_flip1_mix20k_d200k_loop200_scan_gB1_inc0p1/qband_p74_flip1_mix20k_d200k_loop200_scan_gB1_inc0p1_results/"
create directory: "/home/cyang019/workspace/NOVEL/tasks/qband_p74_flip1_mix20k_d200k_loop200_scan_gB1_inc0p1/qband_p74_flip1_mix20k_d200k_loop200_scan_gB1_inc0p1_results/"
create directory: "/home/cyang019/workspace/NOVEL/tasks/qband_p74_flip1_mix20k_d200k_loop200_scan_gB1_inc0p1/qband_p74_flip1_mix20k_d200k_loop200_scan_gB1_inc0p1_results/"
create directory: "/home/cyang019/workspace/NOVEL/tasks/qband_p74_flip1_mix20k_d200k_loop200_scan_gB1_inc0p1/qband_p74_flip1_mix20k_d200k_loop200_scan_gB1_inc0p1_results/"
create directory: "/home/cyang019/workspace/NOVEL/tasks/qband_p74_flip1_mix20k_d200k_loop200_scan_gB1_inc0p1/qband_p74_flip1_mix20k_d200k_loop200_scan_gB1_inc0p1_results/"
create directory: "/home/cyang019/workspace/NOVEL/tasks/qband_p74_flip1_mix20k_d200k_loop200_scan_gB1_inc0p1/qband_p74_flip1_mix20k_d200k_loop200_scan_gB1_inc0p1_results/"
create directory: "/home/cyang019/workspace/NOVEL/tasks/qband_p74_flip1_mix20k_d200k_loop200_scan_gB1_inc0p1/qband_p74_flip1_mix20k_d200k_loop200_scan_gB1_inc0p1_results/"
create directory: "/home/cyang019/workspace/NOVEL/tasks/qband_p74_flip1_mix20k_d200k_loop200_scan_gB1_inc0p1/qband_p74_flip1_mix20k_d200k_loop200_scan_gB1_inc0p1_results/"
create directory: "/home/cyang019/workspace/NOVEL/tasks/qband_p74_flip1_mix20k_d200k_loop200_scan_gB1_inc0p1/qband_p74_flip1_mix20k_d200k_loop200_scan_gB1_inc0p1_results/"
create directory: "/home/cyang019/workspace/NOVEL/tasks/qband_p74_flip1_mix20k_d200k_loop200_scan_gB1_inc0p1/qband_p74_flip1_mix20k_d200k_loop200_scan_gB1_inc0p1_results/"
create directory: "/home/cyang019/workspace/NOVEL/tasks/qband_p74_flip1_mix20k_d200k_loop200_scan_gB1_inc0p1/qband_p74_flip1_mix20k_d200k_loop200_scan_gB1_inc0p1_results/"
create directory: "/home/cyang019/workspace/NOVEL/tasks/qband_p74_flip1_mix20k_d200k_loop200_scan_gB1_inc0p1/qband_p74_flip1_mix20k_d200k_loop200_scan_gB1_inc0p1_results/"
create directory: "/home/cyang019/workspace/NOVEL/tasks/qband_p74_flip1_mix20k_d200k_loop200_scan_gB1_inc0p1/qband_p74_flip1_mix20k_d200k_loop200_scan_gB1_inc0p1_results/"
create directory: "/home/cyang019/workspace/NOVEL/tasks/qband_p74_flip1_mix20k_d200k_loop200_scan_gB1_inc0p1/qband_p74_flip1_mix20k_d200k_loop200_scan_gB1_inc0p1_results/"
create directory: "/home/cyang019/workspace/NOVEL/tasks/qband_p74_flip1_mix20k_d200k_loop200_scan_gB1_inc0p1/qband_p74_flip1_mix20k_d200k_loop200_scan_gB1_inc0p1_results/"
create directory: "/home/cyang019/workspace/NOVEL/tasks/qband_p74_flip1_mix20k_d200k_loop200_scan_gB1_inc0p1/qband_p74_flip1_mix20k_d200k_loop200_scan_gB1_inc0p1_results/"
create directory: "/home/cyang019/workspace/NOVEL/tasks/qband_p74_flip1_mix20k_d200k_loop200_scan_gB1_inc0p1/qband_p74_flip1_mix20k_d200k_loop200_scan_gB1_inc0p1_results/"
spinsys loaded... 
pulse sequence loaded...
spinsys loaded... 
pulse sequence loaded...
experiment loaded...
experiment loaded...
task: PowderIntensity
Probe loaded...
task: PowderIntensity
Probe loaded...
Euler angle loaded...
Euler angle loaded...
alpha: 0 (0)
beta: 0 (0)
gamma: 0 (0)
ZCW 3 angles...
ZCW 165 angles loaded...
alpha: 0 (0)
beta: 0 (0)
gamma: 0 (0)
ZCW 3 angles...
ZCW 165 angles loaded...
32 cores detected on the current machine.
use 1 core(s).
create directory: "/home/cyang019/workspace/NOVEL/tasks/qband_p74_flip1_mix20k_d200k_loop200_scan_gB1_inc0p1/qband_p74_flip1_mix20k_d200k_loop200_scan_gB1_inc0p1_results/"
32 cores detected on the current machine.
use 1 core(s).
create directory: "/home/cyang019/workspace/NOVEL/tasks/qband_p74_flip1_mix20k_d200k_loop200_scan_gB1_inc0p1/qband_p74_flip1_mix20k_d200k_loop200_scan_gB1_inc0p1_results/"
create directory: "/home/cyang019/workspace/NOVEL/tasks/qband_p74_flip1_mix20k_d200k_loop200_scan_gB1_inc0p1/qband_p74_flip1_mix20k_d200k_loop200_scan_gB1_inc0p1_results/"
create directory: "/home/cyang019/workspace/NOVEL/tasks/qband_p74_flip1_mix20k_d200k_loop200_scan_gB1_inc0p1/qband_p74_flip1_mix20k_d200k_loop200_scan_gB1_inc0p1_results/"
spinsys loaded... 
pulse sequence loaded...
experiment loaded...
task: PowderIntensity
Probe loaded...
Euler angle loaded...
alpha: 0 (0)
beta: 0 (0)
gamma: 0 (0)
ZCW 3 angles...
ZCW 165 angles loaded...
32 cores detected on the current machine.
use 1 core(s).
spinsys loaded... 
pulse sequence loaded...
experiment loaded...
task: PowderIntensity
Probe loaded...
Euler angle loaded...
alpha: 0 (0)
beta: 0 (0)
gamma: 0 (0)
ZCW 3 angles...
ZCW 165 angles loaded...
32 cores detected on the current machine.
use 1 core(s).
spinsys loaded... 
pulse sequence loaded...
experiment loaded...
task: PowderIntensity
Probe loaded...
Euler angle loaded...
alpha: 0 (0)
beta: 0 (0)
gamma: 0 (0)
ZCW 3 angles...
ZCW 165 angles loaded...
32 cores detected on the current machine.
use 1 core(s).
spinsys loaded... 
pulse sequence loaded...
experiment loaded...
task: PowderIntensity
Probe loaded...
Euler angle loaded...
alpha: 0 (0)
beta: 0 (0)
gamma: 0 (0)
ZCW 3 angles...
ZCW 165 angles loaded...
32 cores detected on the current machine.
use 1 core(s).
spinsys loaded... 
pulse sequence loaded...
experiment loaded...
task: PowderIntensity
Probe loaded...
Euler angle loaded...
alpha: 0 (0)
beta: 0 (0)
gamma: 0 (0)
ZCW 3 angles...
ZCW 165 angles loaded...
32 cores detected on the current machine.
use 1 core(s).
spinsys loaded... 
pulse sequence loaded...
experiment loaded...
task: PowderIntensity
Probe loaded...
Euler angle loaded...
alpha: 0 (0)
beta: 0 (0)
gamma: 0 (0)
ZCW 3 angles...
ZCW 165 angles loaded...
32 cores detected on the current machine.
use 1 core(s).
spinsys loaded... 
pulse sequence loaded...
experiment loaded...
task: PowderIntensity
Probe loaded...
Euler angle loaded...
alpha: 0 (0)
beta: 0 (0)
gamma: 0 (0)
ZCW 3 angles...
ZCW 165 angles loaded...
32 cores detected on the current machine.
use 1 core(s).
spinsys loaded... 
pulse sequence loaded...
experiment loaded...
task: PowderIntensity
Probe loaded...
Euler angle loaded...
alpha: 0 (0)
beta: 0 (0)
gamma: 0 (0)
ZCW 3 angles...
ZCW 165 angles loaded...
32 cores detected on the current machine.
use 1 core(s).
spinsys loaded... 
pulse sequence loaded...
experiment loaded...
spinsys loaded... 
pulse sequence loaded...
experiment loaded...
task: PowderIntensity
Probe loaded...
Euler angle loaded...
alpha: 0 (0)
beta: 0 (0)
gamma: 0 (0)
ZCW 3 angles...
ZCW 165 angles loaded...
32 cores detected on the current machine.
use 1 core(s).
task: PowderIntensity
Probe loaded...
Euler angle loaded...
alpha: 0 (0)
beta: 0 (0)
gamma: 0 (0)
ZCW 3 angles...
ZCW 165 angles loaded...
32 cores detected on the current machine.
use 1 core(s).
spinsys loaded... 
pulse sequence loaded...
experiment loaded...
task: PowderIntensity
Probe loaded...
Euler angle loaded...
alpha: 0 (0)
beta: 0 (0)
gamma: 0 (0)
ZCW 3 angles...
ZCW 165 angles loaded...
32 cores detected on the current machine.
use 1 core(s).
spinsys loaded... 
pulse sequence loaded...
experiment loaded...
task: PowderIntensity
Probe loaded...
Euler angle loaded...
alpha: 0 (0)
beta: 0 (0)
gamma: 0 (0)
ZCW 3 angles...
ZCW 165 angles loaded...
32 cores detected on the current machine.
use 1 core(s).
spinsys loaded... 
pulse sequence loaded...
experiment loaded...
task: PowderIntensity
Probe loaded...
Euler angle loaded...
alpha: 0 (0)
beta: 0 (0)
gamma: 0 (0)
ZCW 3 angles...
ZCW 165 angles loaded...
32 cores detected on the current machine.
use 1 core(s).
spinsys loaded... 
pulse sequence loaded...
experiment loaded...
task: PowderIntensity
Probe loaded...
Euler angle loaded...
alpha: 0 (0)
beta: 0 (0)
gamma: 0 (0)
ZCW 3 angles...
ZCW 165 angles loaded...
32 cores detected on the current machine.
use 1 core(s).
spinsys loaded... 
pulse sequence loaded...
experiment loaded...
task: PowderIntensity
Probe loaded...
Euler angle loaded...
alpha: 0 (0)
beta: 0 (0)
gamma: 0 (0)
ZCW 3 angles...
ZCW 165 angles loaded...
32 cores detected on the current machine.
use 1 core(s).
spinsys loaded... 
pulse sequence loaded...
experiment loaded...
task: PowderIntensity
Probe loaded...
Euler angle loaded...
alpha: 0 (0)
beta: 0 (0)
gamma: 0 (0)
ZCW 3 angles...
ZCW 165 angles loaded...
32 cores detected on the current machine.
use 1 core(s).
spinsys loaded... 
pulse sequence loaded...
experiment loaded...
task: PowderIntensity
Probe loaded...
Euler angle loaded...
alpha: 0 (0)
beta: 0 (0)
gamma: 0 (0)
ZCW 3 angles...
ZCW 165 angles loaded...
32 cores detected on the current machine.
use 1 core(s).
spinsys loaded... 
pulse sequence loaded...
experiment loaded...
task: PowderIntensity
Probe loaded...
Euler angle loaded...
alpha: 0 (0)
beta: 0 (0)
gamma: 0 (0)
ZCW 3 angles...
ZCW 165 angles loaded...
32 cores detected on the current machine.
use 1 core(s).
spinsys loaded... 
pulse sequence loaded...
experiment loaded...
task: PowderIntensity
Probe loaded...
Euler angle loaded...
alpha: 0 (0)
beta: 0 (0)
gamma: 0 (0)
ZCW 3 angles...
ZCW 165 angles loaded...
32 cores detected on the current machine.
use 1 core(s).
spinsys loaded... 
pulse sequence loaded...
experiment loaded...
task: PowderIntensity
Probe loaded...
Euler angle loaded...
alpha: 0 (0)
beta: 0 (0)
gamma: 0 (0)
ZCW 3 angles...
ZCW 165 angles loaded...
32 cores detected on the current machine.
use 1 core(s).
spinsys loaded... 
pulse sequence loaded...
experiment loaded...
task: PowderIntensity
Probe loaded...
Euler angle loaded...
alpha: 0 (0)
beta: 0 (0)
gamma: 0 (0)
ZCW 3 angles...
ZCW 165 angles loaded...
32 cores detected on the current machine.
use 1 core(s).
spinsys loaded... 
pulse sequence loaded...
experiment loaded...
task: PowderIntensity
Probe loaded...
Euler angle loaded...
alpha: 0 (0)
beta: 0 (0)
gamma: 0 (0)
ZCW 3 angles...
ZCW 165 angles loaded...
32 cores detected on the current machine.
use 1 core(s).
spinsys loaded... 
pulse sequence loaded...
experiment loaded...
task: PowderIntensity
Probe loaded...
Euler angle loaded...
alpha: 0 (0)
beta: 0 (0)
gamma: 0 (0)
ZCW 3 angles...
ZCW 165 angles loaded...
32 cores detected on the current machine.
use 1 core(s).
spinsys loaded... 
pulse sequence loaded...
experiment loaded...
task: PowderIntensity
Probe loaded...
Euler angle loaded...
alpha: 0 (0)
beta: 0 (0)
gamma: 0 (0)
ZCW 3 angles...
ZCW 165 angles loaded...
32 cores detected on the current machine.
use 1 core(s).
spinsys loaded... 
pulse sequence loaded...
experiment loaded...
task: PowderIntensity
Probe loaded...
Euler angle loaded...
alpha: 0 (0)
beta: 0 (0)
gamma: 0 (0)
ZCW 3 angles...
ZCW 165 angles loaded...
32 cores detected on the current machine.
use 1 core(s).
spinsys loaded... 
pulse sequence loaded...
experiment loaded...
task: PowderIntensity
Probe loaded...
Euler angle loaded...
alpha: 0 (0)
beta: 0 (0)
gamma: 0 (0)
ZCW 3 angles...
ZCW 165 angles loaded...
32 cores detected on the current machine.
use 1 core(s).
spinsys loaded... 
pulse sequence loaded...
experiment loaded...
task: PowderIntensity
Probe loaded...
Euler angle loaded...
alpha: 0 (0)
beta: 0 (0)
gamma: 0 (0)
ZCW 3 angles...
ZCW 165 angles loaded...
32 cores detected on the current machine.
use 1 core(s).
spinsys loaded... 
pulse sequence loaded...
experiment loaded...
task: PowderIntensity
Probe loaded...
Euler angle loaded...
alpha: 0 (0)
beta: 0 (0)
gamma: 0 (0)
ZCW 3 angles...
ZCW 165 angles loaded...
32 cores detected on the current machine.
use 1 core(s).
spinsys loaded... 
pulse sequence loaded...
experiment loaded...
task: PowderIntensity
Probe loaded...
Euler angle loaded...
alpha: 0 (0)
beta: 0 (0)
gamma: 0 (0)
ZCW 3 angles...
ZCW 165 angles loaded...
32 cores detected on the current machine.
use 1 core(s).
spinsys loaded... 
pulse sequence loaded...
experiment loaded...
task: PowderIntensity
Probe loaded...
Euler angle loaded...
alpha: 0 (0)
beta: 0 (0)
gamma: 0 (0)
ZCW 3 angles...
ZCW 165 angles loaded...
32 cores detected on the current machine.
use 1 core(s).
dnpsoup  Copyright (C) 2016-2021 Chen Yang
dnpsoup  Copyright (C) 2016-2021 Chen Yang
dnpsoup  Copyright (C) 2016-2021 Chen Yang
dnpsoup  Copyright (C) 2016-2021 Chen Yang
dnpsoup  Copyright (C) 2016-2021 Chen Yang
dnpsoup  Copyright (C) 2016-2021 Chen Yang
spinsys loaded... 
pulse sequence loaded...
experiment loaded...
task: PowderIntensity
Probe loaded...
Euler angle loaded...
alpha: 0 (0)
beta: 0 (0)
gamma: 0 (0)
ZCW 3 angles...
ZCW 165 angles loaded...
32 cores detected on the current machine.
use 1 core(s).
spinsys loaded... 
pulse sequence loaded...
experiment loaded...
task: PowderIntensity
Probe loaded...
Euler angle loaded...
alpha: 0 (0)
beta: 0 (0)
gamma: 0 (0)
ZCW 3 angles...
ZCW 165 angles loaded...
32 cores detected on the current machine.
use 1 core(s).
spinsys loaded... 
pulse sequence loaded...
experiment loaded...
task: PowderIntensity
Probe loaded...
Euler angle loaded...
alpha: 0 (0)
beta: 0 (0)
gamma: 0 (0)
ZCW 3 angles...
ZCW 165 angles loaded...
32 cores detected on the current machine.
use 1 core(s).
dnpsoup  Copyright (C) 2016-2021 Chen Yang
dnpsoup  Copyright (C) 2016-2021 Chen Yang
dnpsoup  Copyright (C) 2016-2021 Chen Yang
dnpsoup  Copyright (C) 2016-2021 Chen Yang
dnpsoup  Copyright (C) 2016-2021 Chen Yang
dnpsoup  Copyright (C) 2016-2021 Chen Yang
dnpsoup  Copyright (C) 2016-2021 Chen Yang
dnpsoup  Copyright (C) 2016-2021 Chen Yang
dnpsoup  Copyright (C) 2016-2021 Chen Yang
dnpsoup  Copyright (C) 2016-2021 Chen Yang
dnpsoup  Copyright (C) 2016-2021 Chen Yang
dnpsoup  Copyright (C) 2016-2021 Chen Yang
dnpsoup  Copyright (C) 2016-2021 Chen Yang
dnpsoup  Copyright (C) 2016-2021 Chen Yang
dnpsoup  Copyright (C) 2016-2021 Chen Yang
dnpsoup  Copyright (C) 2016-2021 Chen Yang
dnpsoup  Copyright (C) 2016-2021 Chen Yang
dnpsoup  Copyright (C) 2016-2021 Chen Yang
dnpsoup  Copyright (C) 2016-2021 Chen Yang
dnpsoup  Copyright (C) 2016-2021 Chen Yang
dnpsoup  Copyright (C) 2016-2021 Chen Yang
dnpsoup  Copyright (C) 2016-2021 Chen Yang
dnpsoup  Copyright (C) 2016-2021 Chen Yang
dnpsoup  Copyright (C) 2016-2021 Chen Yang
dnpsoup  Copyright (C) 2016-2021 Chen Yang
dnpsoup  Copyright (C) 2016-2021 Chen Yang
dnpsoup  Copyright (C) 2016-2021 Chen Yang
dnpsoup  Copyright (C) 2016-2021 Chen Yang
dnpsoup  Copyright (C) 2016-2021 Chen Yang
dnpsoup  Copyright (C) 2016-2021 Chen Yang
dnpsoup  Copyright (C) 2016-2021 Chen Yang
dnpsoup  Copyright (C) 2016-2021 Chen Yang
dnpsoup  Copyright (C) 2016-2021 Chen Yang
dnpsoup  Copyright (C) 2016-2021 Chen Yang
dnpsoup  Copyright (C) 2016-2021 Chen Yang
dnpsoup  Copyright (C) 2016-2021 Chen Yang
dnpsoup  Copyright (C) 2016-2021 Chen Yang
dnpsoup  Copyright (C) 2016-2021 Chen Yang
dnpsoup  Copyright (C) 2016-2021 Chen Yang
dnpsoup  Copyright (C) 2016-2021 Chen Yang
dnpsoup  Copyright (C) 2016-2021 Chen Yang
dnpsoup  Copyright (C) 2016-2021 Chen Yang
dnpsoup  Copyright (C) 2016-2021 Chen Yang
dnpsoup  Copyright (C) 2016-2021 Chen Yang
dnpsoup  Copyright (C) 2016-2021 Chen Yang
dnpsoup  Copyright (C) 2016-2021 Chen Yang
dnpsoup  Copyright (C) 2016-2021 Chen Yang
dnpsoup  Copyright (C) 2016-2021 Chen Yang
dnpsoup  Copyright (C) 2016-2021 Chen Yang
dnpsoup  Copyright (C) 2016-2021 Chen Yang
dnpsoup  Copyright (C) 2016-2021 Chen Yang
dnpsoup  Copyright (C) 2016-2021 Chen Yang
dnpsoup  Copyright (C) 2016-2021 Chen Yang
dnpsoup  Copyright (C) 2016-2021 Chen Yang
dnpsoup  Copyright (C) 2016-2021 Chen Yang
dnpsoup  Copyright (C) 2016-2021 Chen Yang
dnpsoup  Copyright (C) 2016-2021 Chen Yang
dnpsoup  Copyright (C) 2016-2021 Chen Yang
dnpsoup  Copyright (C) 2016-2021 Chen Yang
dnpsoup  Copyright (C) 2016-2021 Chen Yang
dnpsoup  Copyright (C) 2016-2021 Chen Yang
dnpsoup  Copyright (C) 2016-2021 Chen Yang
dnpsoup  Copyright (C) 2016-2021 Chen Yang
dnpsoup  Copyright (C) 2016-2021 Chen Yang
spinsys loaded... 
pulse sequence loaded...
experiment loaded...
task: PowderIntensity
Probe loaded...
Euler angle loaded...
alpha: 0 (0)
beta: 0 (0)
gamma: 0 (0)
ZCW 3 angles...
ZCW 165 angles loaded...
32 cores detected on the current machine.
use 1 core(s).
spinsys loaded... 
pulse sequence loaded...
experiment loaded...
task: PowderIntensity
Probe loaded...
Euler angle loaded...
alpha: 0 (0)
beta: 0 (0)
gamma: 0 (0)
ZCW 3 angles...
ZCW 165 angles loaded...
32 cores detected on the current machine.
use 1 core(s).
spinsys loaded... 
pulse sequence loaded...
experiment loaded...
task: PowderIntensity
Probe loaded...
Euler angle loaded...
alpha: 0 (0)
beta: 0 (0)
gamma: 0 (0)
ZCW 3 angles...
ZCW 165 angles loaded...
32 cores detected on the current machine.
use 1 core(s).
spinsys loaded... 
pulse sequence loaded...
experiment loaded...
task: PowderIntensity
Probe loaded...
Euler angle loaded...
alpha: 0 (0)
beta: 0 (0)
gamma: 0 (0)
ZCW 3 angles...
ZCW 165 angles loaded...
32 cores detected on the current machine.
use 1 core(s).
spinsys loaded... 
pulse sequence loaded...
experiment loaded...
spinsys loaded... 
pulse sequence loaded...
experiment loaded...
task: PowderIntensity
Probe loaded...
Euler angle loaded...
task: PowderIntensity
Probe loaded...
Euler angle loaded...
spinsys loaded... 
pulse sequence loaded...
experiment loaded...
task: PowderIntensity
Probe loaded...
Euler angle loaded...
alpha: 0 (0)
beta: 0 (0)
gamma: 0 (0)
ZCW 3 angles...
ZCW 165 angles loaded...
32 cores detected on the current machine.
use 1 core(s).
spinsys loaded... 
pulse sequence loaded...
experiment loaded...
task: PowderIntensity
Probe loaded...
Euler angle loaded...
alpha: 0 (0)
beta: 0 (0)
gamma: 0 (0)
ZCW 3 angles...
ZCW 165 angles loaded...
32 cores detected on the current machine.
use 1 core(s).
spinsys loaded... 
pulse sequence loaded...
experiment loaded...
task: PowderIntensity
Probe loaded...
Euler angle loaded...
alpha: 0 (0)
beta: 0 (0)
gamma: 0 (0)
ZCW 3 angles...
ZCW 165 angles loaded...
32 cores detected on the current machine.
use 1 core(s).
spinsys loaded... 
pulse sequence loaded...
experiment loaded...
task: PowderIntensity
Probe loaded...
Euler angle loaded...
alpha: 0 (0)
beta: 0 (0)
gamma: 0 (0)
ZCW 3 angles...
ZCW 165 angles loaded...
32 cores detected on the current machine.
use 1 core(s).
spinsys loaded... 
pulse sequence loaded...
experiment loaded...
task: PowderIntensity
Probe loaded...
Euler angle loaded...
alpha: 0 (0)
beta: 0 (0)
gamma: 0 (0)
ZCW 3 angles...
ZCW 165 angles loaded...
32 cores detected on the current machine.
use 1 core(s).
spinsys loaded... 
pulse sequence loaded...
experiment loaded...
task: PowderIntensity
Probe loaded...
Euler angle loaded...
alpha: 0 (0)
beta: 0 (0)
gamma: 0 (0)
ZCW 3 angles...
ZCW 165 angles loaded...
32 cores detected on the current machine.
use 1 core(s).
alpha: 0 (0)
beta: 0 (0)
gamma: 0 (0)
ZCW 3 angles...
ZCW 165 angles loaded...
alpha: 0 (0)
beta: 0 (0)
gamma: 0 (0)
ZCW 3 angles...
ZCW 165 angles loaded...
32 cores detected on the current machine.
use 1 core(s).
32 cores detected on the current machine.
use 1 core(s).
spinsys loaded... 
pulse sequence loaded...
experiment loaded...
task: PowderIntensity
Probe loaded...
Euler angle loaded...
alpha: 0 (0)
beta: 0 (0)
gamma: 0 (0)
ZCW 3 angles...
ZCW 165 angles loaded...
32 cores detected on the current machine.
use 1 core(s).
spinsys loaded... 
pulse sequence loaded...
experiment loaded...
task: PowderIntensity
Probe loaded...
Euler angle loaded...
alpha: 0 (0)
beta: 0 (0)
gamma: 0 (0)
ZCW 3 angles...
ZCW 165 angles loaded...
32 cores detected on the current machine.
use 1 core(s).
spinsys loaded... 
pulse sequence loaded...
experiment loaded...
task: PowderIntensity
Probe loaded...
Euler angle loaded...
alpha: 0 (0)
beta: 0 (0)
gamma: 0 (0)
ZCW 3 angles...
ZCW 165 angles loaded...
32 cores detected on the current machine.
use 1 core(s).
spinsys loaded... 
pulse sequence loaded...
experiment loaded...
task: PowderIntensity
Probe loaded...
Euler angle loaded...
alpha: 0 (0)
beta: 0 (0)
gamma: 0 (0)
ZCW 3 angles...
ZCW 165 angles loaded...
32 cores detected on the current machine.
use 1 core(s).
spinsys loaded... 
pulse sequence loaded...
experiment loaded...
task: PowderIntensity
Probe loaded...
Euler angle loaded...
alpha: 0 (0)
beta: 0 (0)
gamma: 0 (0)
ZCW 3 angles...
ZCW 165 angles loaded...
32 cores detected on the current machine.
use 1 core(s).
spinsys loaded... 
pulse sequence loaded...
experiment loaded...
task: PowderIntensity
Probe loaded...
Euler angle loaded...
alpha: 0 (0)
beta: 0 (0)
gamma: 0 (0)
ZCW 3 angles...
ZCW 165 angles loaded...
32 cores detected on the current machine.
use 1 core(s).
spinsys loaded... 
pulse sequence loaded...
experiment loaded...
task: PowderIntensity
Probe loaded...
Euler angle loaded...
alpha: 0 (0)
beta: 0 (0)
gamma: 0 (0)
ZCW 3 angles...
ZCW 165 angles loaded...
32 cores detected on the current machine.
use 1 core(s).
spinsys loaded... 
pulse sequence loaded...
experiment loaded...
task: PowderIntensity
Probe loaded...
Euler angle loaded...
alpha: 0 (0)
beta: 0 (0)
gamma: 0 (0)
ZCW 3 angles...
ZCW 165 angles loaded...
32 cores detected on the current machine.
use 1 core(s).
spinsys loaded... 
pulse sequence loaded...
experiment loaded...
task: PowderIntensity
Probe loaded...
Euler angle loaded...
alpha: 0 (0)
beta: 0 (0)
gamma: 0 (0)
ZCW 3 angles...
ZCW 165 angles loaded...
spinsys loaded... 
pulse sequence loaded...
experiment loaded...
task: PowderIntensity
Probe loaded...
Euler angle loaded...
alpha: 0 (0)
beta: 0 (0)
gamma: 0 (0)
ZCW 3 angles...
ZCW 165 angles loaded...
32 cores detected on the current machine.
use 1 core(s).
spinsys loaded... 
pulse sequence loaded...
experiment loaded...
spinsys loaded... 
pulse sequence loaded...
experiment loaded...
task: PowderIntensity
Probe loaded...
Euler angle loaded...
alpha: 0 (0)
beta: 0 (0)
gamma: 0 (0)
ZCW 3 angles...
ZCW 165 angles loaded...
32 cores detected on the current machine.
use 1 core(s).
task: PowderIntensity
Probe loaded...
Euler angle loaded...
alpha: 0 (0)
beta: 0 (0)
gamma: 0 (0)
ZCW 3 angles...
ZCW 165 angles loaded...
32 cores detected on the current machine.
use 1 core(s).
spinsys loaded... 
pulse sequence loaded...
experiment loaded...
task: PowderIntensity
Probe loaded...
Euler angle loaded...
alpha: 0 (0)
beta: 0 (0)
gamma: 0 (0)
ZCW 3 angles...
ZCW 165 angles loaded...
32 cores detected on the current machine.
use 1 core(s).
spinsys loaded... 
pulse sequence loaded...
experiment loaded...
spinsys loaded... 
pulse sequence loaded...
experiment loaded...
task: PowderIntensity
Probe loaded...
Euler angle loaded...
alpha: 0 (0)
beta: 0 (0)
gamma: 0 (0)
ZCW 3 angles...
ZCW 165 angles loaded...
32 cores detected on the current machine.
use 1 core(s).
task: PowderIntensity
Probe loaded...
Euler angle loaded...
alpha: 0 (0)
beta: 0 (0)
gamma: 0 (0)
ZCW 3 angles...
ZCW 165 angles loaded...
32 cores detected on the current machine.
use 1 core(s).
spinsys loaded... 
pulse sequence loaded...
experiment loaded...
task: PowderIntensity
Probe loaded...
Euler angle loaded...
alpha: 0 (0)
beta: 0 (0)
gamma: 0 (0)
ZCW 3 angles...
ZCW 165 angles loaded...
32 cores detected on the current machine.
use 1 core(s).
spinsys loaded... 
pulse sequence loaded...
experiment loaded...
task: PowderIntensity
Probe loaded...
Euler angle loaded...
alpha: 0 (0)
beta: 0 (0)
gamma: 0 (0)
ZCW 3 angles...
ZCW 165 angles loaded...
32 cores detected on the current machine.
use 1 core(s).
spinsys loaded... 
pulse sequence loaded...
experiment loaded...
spinsys loaded... 
pulse sequence loaded...
experiment loaded...
task: PowderIntensity
Probe loaded...
Euler angle loaded...
task: PowderIntensity
Probe loaded...
Euler angle loaded...
alpha: 0 (0)
beta: 0 (0)
gamma: 0 (0)
ZCW 3 angles...
ZCW 165 angles loaded...
alpha: 0 (0)
beta: 0 (0)
gamma: 0 (0)
ZCW 3 angles...
ZCW 165 angles loaded...
32 cores detected on the current machine.
use 1 core(s).
32 cores detected on the current machine.
use 1 core(s).
32 cores detected on the current machine.
use 1 core(s).
spinsys loaded... 
pulse sequence loaded...
experiment loaded...
task: PowderIntensity
Probe loaded...
Euler angle loaded...
alpha: 0 (0)
beta: 0 (0)
gamma: 0 (0)
ZCW 3 angles...
ZCW 165 angles loaded...
32 cores detected on the current machine.
use 1 core(s).
spinsys loaded... 
pulse sequence loaded...
experiment loaded...
task: PowderIntensity
Probe loaded...
Euler angle loaded...
alpha: 0 (0)
beta: 0 (0)
gamma: 0 (0)
ZCW 3 angles...
ZCW 165 angles loaded...
32 cores detected on the current machine.
use 1 core(s).
spinsys loaded... 
pulse sequence loaded...
experiment loaded...
task: PowderIntensity
Probe loaded...
Euler angle loaded...
alpha: 0 (0)
beta: 0 (0)
gamma: 0 (0)
ZCW 3 angles...
ZCW 165 angles loaded...
32 cores detected on the current machine.
use 1 core(s).
spinsys loaded... 
pulse sequence loaded...
experiment loaded...
task: PowderIntensity
Probe loaded...
Euler angle loaded...
alpha: 0 (0)
beta: 0 (0)
gamma: 0 (0)
ZCW 3 angles...
ZCW 165 angles loaded...
32 cores detected on the current machine.
use 1 core(s).
spinsys loaded... 
pulse sequence loaded...
experiment loaded...
spinsys loaded... 
task: PowderIntensity
pulse sequence loaded...
experiment loaded...
Probe loaded...
Euler angle loaded...
spinsys loaded... 
pulse sequence loaded...
experiment loaded...
task: PowderIntensity
Probe loaded...
Euler angle loaded...
alpha: 0 (0)
beta: 0 (0)
gamma: 0 (0)
ZCW 3 angles...
ZCW 165 angles loaded...
32 cores detected on the current machine.
use 1 core(s).
spinsys loaded... 
pulse sequence loaded...
experiment loaded...
task: PowderIntensity
Probe loaded...
Euler angle loaded...
alpha: 0 (0)
beta: 0 (0)
gamma: 0 (0)
ZCW 3 angles...
ZCW 165 angles loaded...
32 cores detected on the current machine.
use 1 core(s).
spinsys loaded... 
pulse sequence loaded...
experiment loaded...
spinsys loaded... 
pulse sequence loaded...
experiment loaded...
task: PowderIntensity
Probe loaded...
Euler angle loaded...
alpha: 0 (0)
beta: 0 (0)
gamma: 0 (0)
ZCW 3 angles...
ZCW 165 angles loaded...
32 cores detected on the current machine.
use 1 core(s).
task: PowderIntensity
Probe loaded...
Euler angle loaded...
alpha: 0 (0)
beta: 0 (0)
gamma: 0 (0)
ZCW 3 angles...
ZCW 165 angles loaded...
32 cores detected on the current machine.
use 1 core(s).
spinsys loaded... 
pulse sequence loaded...
experiment loaded...
task: PowderIntensity
Probe loaded...
Euler angle loaded...
alpha: 0 (0)
beta: 0 (0)
gamma: 0 (0)
ZCW 3 angles...
ZCW 165 angles loaded...
32 cores detected on the current machine.
use 1 core(s).
alpha: 0 (0)
beta: 0 (0)
gamma: 0 (0)
ZCW 3 angles...
ZCW 165 angles loaded...
32 cores detected on the current machine.
use 1 core(s).
task: PowderIntensity
Probe loaded...
Euler angle loaded...
alpha: 0 (0)
beta: 0 (0)
gamma: 0 (0)
ZCW 3 angles...
ZCW 165 angles loaded...
32 cores detected on the current machine.
use 1 core(s).
spinsys loaded... 
pulse sequence loaded...
experiment loaded...
task: PowderIntensity
Probe loaded...
Euler angle loaded...
alpha: 0 (0)
beta: 0 (0)
gamma: 0 (0)
ZCW 3 angles...
ZCW 165 angles loaded...
32 cores detected on the current machine.
use 1 core(s).
spinsys loaded... 
pulse sequence loaded...
experiment loaded...
task: PowderIntensity
Probe loaded...
Euler angle loaded...
alpha: 0 (0)
beta: 0 (0)
gamma: 0 (0)
ZCW 3 angles...
ZCW 165 angles loaded...
32 cores detected on the current machine.
use 1 core(s).
spinsys loaded... 
pulse sequence loaded...
experiment loaded...
task: PowderIntensity
Probe loaded...
Euler angle loaded...
alpha: 0 (0)
beta: 0 (0)
gamma: 0 (0)
ZCW 3 angles...
ZCW 165 angles loaded...
32 cores detected on the current machine.
use 1 core(s).
spinsys loaded... 
pulse sequence loaded...
experiment loaded...
spinsys loaded... 
pulse sequence loaded...
experiment loaded...
task: PowderIntensity
Probe loaded...
Euler angle loaded...
alpha: 0 (0)
beta: 0 (0)
gamma: 0 (0)
ZCW 3 angles...
ZCW 165 angles loaded...
32 cores detected on the current machine.
use 1 core(s).
task: PowderIntensity
Probe loaded...
Euler angle loaded...
alpha: 0 (0)
beta: 0 (0)
gamma: 0 (0)
ZCW 3 angles...
ZCW 165 angles loaded...
32 cores detected on the current machine.
use 1 core(s).
spinsys loaded... 
pulse sequence loaded...
experiment loaded...
spinsys loaded... 
pulse sequence loaded...
experiment loaded...
task: PowderIntensity
Probe loaded...
Euler angle loaded...
alpha: 0 (0)
beta: 0 (0)
gamma: 0 (0)
ZCW 3 angles...
ZCW 165 angles loaded...
32 cores detected on the current machine.
use 1 core(s).
task: PowderIntensity
Probe loaded...
Euler angle loaded...
alpha: 0 (0)
beta: 0 (0)
gamma: 0 (0)
ZCW 3 angles...
ZCW 165 angles loaded...
32 cores detected on the current machine.
use 1 core(s).
spinsys loaded... 
pulse sequence loaded...
experiment loaded...
spinsys loaded... 
pulse sequence loaded...
experiment loaded...
task: PowderIntensity
Probe loaded...
Euler angle loaded...
alpha: 0 (0)
beta: 0 (0)
gamma: 0 (0)
ZCW 3 angles...
ZCW 165 angles loaded...
32 cores detected on the current machine.
use 1 core(s).
task: PowderIntensity
Probe loaded...
Euler angle loaded...
spinsys loaded... 
pulse sequence loaded...
experiment loaded...
task: PowderIntensity
Probe loaded...
Euler angle loaded...
alpha: 0 (0)
beta: 0 (0)
gamma: 0 (0)
ZCW 3 angles...
ZCW 165 angles loaded...
32 cores detected on the current machine.
use 1 core(s).
spinsys loaded... 
pulse sequence loaded...
experiment loaded...
task: PowderIntensity
Probe loaded...
Euler angle loaded...
alpha: 0 (0)
beta: 0 (0)
gamma: 0 (0)
ZCW 3 angles...
ZCW 165 angles loaded...
32 cores detected on the current machine.
use 1 core(s).
alpha: 0 (0)
beta: 0 (0)
gamma: 0 (0)
ZCW 3 angles...
ZCW 165 angles loaded...
32 cores detected on the current machine.
use 1 core(s).
spinsys loaded... 
pulse sequence loaded...
experiment loaded...
task: PowderIntensity
Probe loaded...
Euler angle loaded...
alpha: 0 (0)
beta: 0 (0)
gamma: 0 (0)
ZCW 3 angles...
ZCW 165 angles loaded...
32 cores detected on the current machine.
use 1 core(s).
spinsys loaded... 
pulse sequence loaded...
experiment loaded...
spinsys loaded... 
pulse sequence loaded...
experiment loaded...
task: PowderIntensity
Probe loaded...
task: PowderIntensity
Probe loaded...
Euler angle loaded...
Euler angle loaded...
alpha: 0 (0)
beta: 0 (0)
gamma: 0 (0)
ZCW 3 angles...
ZCW 165 angles loaded...
alpha: 0 (0)
beta: 0 (0)
gamma: 0 (0)
ZCW 3 angles...
ZCW 165 angles loaded...
32 cores detected on the current machine.
use 1 core(s).
32 cores detected on the current machine.
use 1 core(s).
spinsys loaded... 
pulse sequence loaded...
experiment loaded...
task: PowderIntensity
Probe loaded...
Euler angle loaded...
alpha: 0 (0)
beta: 0 (0)
gamma: 0 (0)
ZCW 3 angles...
ZCW 165 angles loaded...
32 cores detected on the current machine.
use 1 core(s).
spinsys loaded... 
pulse sequence loaded...
experiment loaded...
spinsys loaded... 
pulse sequence loaded...
experiment loaded...
task: PowderIntensity
Probe loaded...
Euler angle loaded...
alpha: 0 (0)
beta: 0 (0)
gamma: 0 (0)
ZCW 3 angles...
ZCW 165 angles loaded...
32 cores detected on the current machine.
use 1 core(s).
spinsys loaded... 
pulse sequence loaded...
experiment loaded...
task: PowderIntensity
Probe loaded...
Euler angle loaded...
alpha: 0 (0)
beta: 0 (0)
gamma: 0 (0)
ZCW 3 angles...
ZCW 165 angles loaded...
32 cores detected on the current machine.
use 1 core(s).
task: PowderIntensity
Probe loaded...
Euler angle loaded...
alpha: 0 (0)
beta: 0 (0)
gamma: 0 (0)
ZCW 3 angles...
ZCW 165 angles loaded...
32 cores detected on the current machine.
use 1 core(s).
spinsys loaded... 
pulse sequence loaded...
experiment loaded...
task: PowderIntensity
Probe loaded...
Euler angle loaded...
alpha: 0 (0)
beta: 0 (0)
gamma: 0 (0)
ZCW 3 angles...
ZCW 165 angles loaded...
32 cores detected on the current machine.
use 1 core(s).
spinsys loaded... 
pulse sequence loaded...
experiment loaded...
task: PowderIntensity
Probe loaded...
Euler angle loaded...
alpha: 0 (0)
beta: 0 (0)
gamma: 0 (0)
ZCW 3 angles...
ZCW 165 angles loaded...
32 cores detected on the current machine.
use 1 core(s).
spinsys loaded... 
pulse sequence loaded...
experiment loaded...
task: PowderIntensity
Probe loaded...
Euler angle loaded...
alpha: 0 (0)
beta: 0 (0)
gamma: 0 (0)
ZCW 3 angles...
ZCW 165 angles loaded...
32 cores detected on the current machine.
use 1 core(s).
spinsys loaded... 
pulse sequence loaded...
experiment loaded...
task: PowderIntensity
Probe loaded...
Euler angle loaded...
alpha: 0 (0)
beta: 0 (0)
gamma: 0 (0)
ZCW 3 angles...
ZCW 165 angles loaded...
32 cores detected on the current machine.
use 1 core(s).
spinsys loaded... 
pulse sequence loaded...
experiment loaded...
task: PowderIntensity
Probe loaded...
Euler angle loaded...
alpha: 0 (0)
beta: 0 (0)
gamma: 0 (0)
ZCW 3 angles...
ZCW 165 angles loaded...
32 cores detected on the current machine.
use 1 core(s).
spinsys loaded... 
pulse sequence loaded...
experiment loaded...
spinsys loaded... 
pulse sequence loaded...
experiment loaded...
task: PowderIntensity
Probe loaded...
Euler angle loaded...
task: PowderIntensity
Probe loaded...
Euler angle loaded...
alpha: 0 (0)
beta: 0 (0)
gamma: 0 (0)
ZCW 3 angles...
ZCW 165 angles loaded...
32 cores detected on the current machine.
use 1 core(s).
alpha: 0 (0)
beta: 0 (0)
gamma: 0 (0)
ZCW 3 angles...
ZCW 165 angles loaded...
32 cores detected on the current machine.
use 1 core(s).
Total time: 180.865 seconds.
Total time: 182.93 seconds.
Total time: 183.140 seconds.
Total time: 183.451 seconds.
Total time: 183.465 seconds.
Total time: 183.966 seconds.
Total time: 220.163 seconds.
Total time: 220.341 seconds.
Total time: 220.541 seconds.
Total time: 220.777 seconds.
Total time: 220.967 seconds.
Total time: 221.48 seconds.
Total time: 221.137 seconds.
Total time: 221.144 seconds.
Total time: 221.290 seconds.
Total time: 221.666 seconds.
Total time: 221.813 seconds.
Total time: 221.953 seconds.
Total time: 222.87 seconds.
Total time: 222.115 seconds.
Total time: 222.281 seconds.
Total time: 222.366 seconds.
Total time: 222.494 seconds.
Total time: 222.711 seconds.
Total time: 222.744 seconds.
Total time: 222.788 seconds.
Total time: 222.786 seconds.
Total time: 222.847 seconds.
Total time: 222.848 seconds.
Total time: 223.361 seconds.
Total time: 223.749 seconds.
Total time: 224.81 seconds.
Total time: 224.131 seconds.
Total time: 224.199 seconds.
Total time: 224.753 seconds.
Total time: 225.412 seconds.
Total time: 225.221 seconds.
Total time: 225.541 seconds.
Total time: 225.714 seconds.
Total time: 225.415 seconds.
Total time: 225.562 seconds.
Total time: 225.981 seconds.
Total time: 226.165 seconds.
Total time: 226.341 seconds.
Total time: 226.455 seconds.
Total time: 226.198 seconds.
Total time: 226.497 seconds.
Total time: 226.501 seconds.
Total time: 226.353 seconds.
Total time: 226.637 seconds.
Total time: 226.630 seconds.
Total time: 226.355 seconds.
Total time: 226.687 seconds.
Total time: 226.742 seconds.
Total time: 226.780 seconds.
Total time: 226.996 seconds.
Total time: 227.76 seconds.
Total time: 227.86 seconds.
Total time: 227.88 seconds.
Total time: 227.473 seconds.
Total time: 227.506 seconds.
Total time: 227.522 seconds.
Total time: 227.228 seconds.
Total time: 227.779 seconds.
Total time: 227.846 seconds.
Total time: 227.886 seconds.
Total time: 227.956 seconds.
Total time: 227.996 seconds.
Total time: 228.50 seconds.
Total time: 228.553 seconds.
Total time: 228.557 seconds.
Total time: 228.469 seconds.
Total time: 228.469 seconds.
Total time: 229.232 seconds.
Total time: 229.282 seconds.
Total time: 229.399 seconds.
Total time: 229.483 seconds.
Total time: 229.626 seconds.
Total time: 229.655 seconds.
Total time: 229.361 seconds.
Total time: 229.369 seconds.
Total time: 229.655 seconds.
Total time: 229.382 seconds.
Total time: 229.828 seconds.
Total time: 229.868 seconds.
Total time: 229.672 seconds.
Total time: 229.746 seconds.
Total time: 229.760 seconds.
Total time: 229.823 seconds.
Total time: 229.925 seconds.
Total time: 229.940 seconds.
Total time: 229.954 seconds.
Total time: 230.59 seconds.
Total time: 230.131 seconds.
Total time: 230.296 seconds.
Total time: 231.193 seconds.
Total time: 231.673 seconds.
Total time: 231.853 seconds.
Total time: 231.925 seconds.
Total time: 232.5 seconds.
Total time: 232.65 seconds.
Total time: 232.95 seconds.
